Package shared_preferences:android references shared_preferences_android:android as the default plugin, but the package does not exist, or is not a plugin package.
Ask the maintainers of shared_preferences to either avoid referencing a default implementation via `platforms: android: default_package: shared_preferences_android` or create a plugin named shared_preferences_android.

Package shared_preferences:ios references shared_preferences_foundation:ios as the default plugin, but the package does not exist, or is not a plugin package.
Ask the maintainers of shared_preferences to either avoid referencing a default implementation via `platforms: ios: default_package: shared_preferences_foundation` or create a plugin named shared_preferences_foundation.

Package shared_preferences:linux references shared_preferences_linux:linux as the default plugin, but the package does not exist, or is not a plugin package.
Ask the maintainers of shared_preferences to either avoid referencing a default implementation via `platforms: linux: default_package: shared_preferences_linux` or create a plugin named shared_preferences_linux.

Package shared_preferences:macos references shared_preferences_foundation:macos as the default plugin, but the package does not exist, or is not a plugin package.
Ask the maintainers of shared_preferences to either avoid referencing a default implementation via `platforms: macos: default_package: shared_preferences_foundation` or create a plugin named shared_preferences_foundation.

Package shared_preferences:windows references shared_preferences_windows:windows as the default plugin, but the package does not exist, or is not a plugin package.
Ask the maintainers of shared_preferences to either avoid referencing a default implementation via `platforms: windows: default_package: shared_preferences_windows` or create a plugin named shared_preferences_windows.

Package shared_preferences:android references shared_preferences_android:android as the default plugin, but the package does not exist, or is not a plugin package.
Ask the maintainers of shared_preferences to either avoid referencing a default implementation via `platforms: android: default_package: shared_preferences_android` or create a plugin named shared_preferences_android.

Package shared_preferences:ios references shared_preferences_foundation:ios as the default plugin, but the package does not exist, or is not a plugin package.
Ask the maintainers of shared_preferences to either avoid referencing a default implementation via `platforms: ios: default_package: shared_preferences_foundation` or create a plugin named shared_preferences_foundation.

Package shared_preferences:linux references shared_preferences_linux:linux as the default plugin, but the package does not exist, or is not a plugin package.
Ask the maintainers of shared_preferences to either avoid referencing a default implementation via `platforms: linux: default_package: shared_preferences_linux` or create a plugin named shared_preferences_linux.

Package shared_preferences:macos references shared_preferences_foundation:macos as the default plugin, but the package does not exist, or is not a plugin package.
Ask the maintainers of shared_preferences to either avoid referencing a default implementation via `platforms: macos: default_package: shared_preferences_foundation` or create a plugin named shared_preferences_foundation.

Package shared_preferences:windows references shared_preferences_windows:windows as the default plugin, but the package does not exist, or is not a plugin package.
Ask the maintainers of shared_preferences to either avoid referencing a default implementation via `platforms: windows: default_package: shared_preferences_windows` or create a plugin named shared_preferences_windows.

Package shared_preferences:android references shared_preferences_android:android as the default plugin, but the package does not exist, or is not a plugin package.
Ask the maintainers of shared_preferences to either avoid referencing a default implementation via `platforms: android: default_package: shared_preferences_android` or create a plugin named shared_preferences_android.

Package shared_preferences:ios references shared_preferences_foundation:ios as the default plugin, but the package does not exist, or is not a plugin package.
Ask the maintainers of shared_preferences to either avoid referencing a default implementation via `platforms: ios: default_package: shared_preferences_foundation` or create a plugin named shared_preferences_foundation.

Package shared_preferences:linux references shared_preferences_linux:linux as the default plugin, but the package does not exist, or is not a plugin package.
Ask the maintainers of shared_preferences to either avoid referencing a default implementation via `platforms: linux: default_package: shared_preferences_linux` or create a plugin named shared_preferences_linux.

Package shared_preferences:macos references shared_preferences_foundation:macos as the default plugin, but the package does not exist, or is not a plugin package.
Ask the maintainers of shared_preferences to either avoid referencing a default implementation via `platforms: macos: default_package: shared_preferences_foundation` or create a plugin named shared_preferences_foundation.

Package shared_preferences:windows references shared_preferences_windows:windows as the default plugin, but the package does not exist, or is not a plugin package.
Ask the maintainers of shared_preferences to either avoid referencing a default implementation via `platforms: windows: default_package: shared_preferences_windows` or create a plugin named shared_preferences_windows.

Package shared_preferences:android references shared_preferences_android:android as the default plugin, but the package does not exist, or is not a plugin package.
Ask the maintainers of shared_preferences to either avoid referencing a default implementation via `platforms: android: default_package: shared_preferences_android` or create a plugin named shared_preferences_android.

Package shared_preferences:ios references shared_preferences_foundation:ios as the default plugin, but the package does not exist, or is not a plugin package.
Ask the maintainers of shared_preferences to either avoid referencing a default implementation via `platforms: ios: default_package: shared_preferences_foundation` or create a plugin named shared_preferences_foundation.

Package shared_preferences:linux references shared_preferences_linux:linux as the default plugin, but the package does not exist, or is not a plugin package.
Ask the maintainers of shared_preferences to either avoid referencing a default implementation via `platforms: linux: default_package: shared_preferences_linux` or create a plugin named shared_preferences_linux.

Package shared_preferences:macos references shared_preferences_foundation:macos as the default plugin, but the package does not exist, or is not a plugin package.
Ask the maintainers of shared_preferences to either avoid referencing a default implementation via `platforms: macos: default_package: shared_preferences_foundation` or create a plugin named shared_preferences_foundation.

Package shared_preferences:windows references shared_preferences_windows:windows as the default plugin, but the package does not exist, or is not a plugin package.
Ask the maintainers of shared_preferences to either avoid referencing a default implementation via `platforms: windows: default_package: shared_preferences_windows` or create a plugin named shared_preferences_windows.

Building Windows application...                                 
lib/features/auth/data/auth_repository.dart(2,8): error GBB7C8005: Error when reading '/C:/Users/kbrian/AppData/Local/Pub/Cache/hosted/pub.dev/http-1.6.0/lib/http.dart': The system cannot find the path specified. [F:\kejapin\client\build\windows\x64\flutter\flutter_assemble.vcxproj]
/F:/apps/flutter_windows_3.32.5-stable/flutter/packages/flutter/lib/src/material/bottom_navigation_bar.dart(14,8): error GBB7C8005: Error when reading '/C:/Users/kbrian/AppData/Local/Pub/Cache/hosted/pub.dev/vector_math-2.2.0/lib/vector_math_64.dart': The system cannot find the path specified. [F:\kejapin\client\build\windows\x64\flutter\flutter_assemble.vcxproj]
/F:/apps/flutter_windows_3.32.5-stable/flutter/packages/flutter/lib/src/material/ink_sparkle.dart(17,8): error GBB7C8005: Error when reading '/C:/Users/kbrian/AppData/Local/Pub/Cache/hosted/pub.dev/vector_math-2.2.0/lib/vector_math_64.dart': The system cannot find the path specified. [F:\kejapin\client\build\windows\x64\flutter\flutter_assemble.vcxproj]
/F:/apps/flutter_windows_3.32.5-stable/flutter/packages/flutter/lib/widgets.dart(16,1): error GBB7C8005: Error when reading '/C:/Users/kbrian/AppData/Local/Pub/Cache/hosted/pub.dev/vector_math-2.2.0/lib/vector_math_64.dart': The system cannot find the path specified. [F:\kejapin\client\build\windows\x64\flutter\flutter_assemble.vcxproj]
/F:/apps/flutter_windows_3.32.5-stable/flutter/packages/flutter/lib/rendering.dart(36,1): error GBB7C8005: Error when reading '/C:/Users/kbrian/AppData/Local/Pub/Cache/hosted/pub.dev/vector_math-2.2.0/lib/vector_math_64.dart': The system cannot find the path specified. [F:\kejapin\client\build\windows\x64\flutter\flutter_assemble.vcxproj]
/F:/apps/flutter_windows_3.32.5-stable/flutter/packages/flutter/lib/src/material/color_scheme.dart(14,8): error GBB7C8005: Error when reading '/C:/Users/kbrian/AppData/Local/Pub/Cache/hosted/pub.dev/material_color_utilities-0.11.1/lib/material_color_utilities.dart': The system cannot find the path specified. [F:\kejapin\client\build\windows\x64\flutter\flutter_assemble.vcxproj]
/F:/apps/flutter_windows_3.32.5-stable/flutter/packages/flutter/lib/widgets.dart(15,1): error GBB7C8005: Error when reading '/C:/Users/kbrian/AppData/Local/Pub/Cache/hosted/pub.dev/characters-1.4.0/lib/characters.dart': The system cannot find the path specified. [F:\kejapin\client\build\windows\x64\flutter\flutter_assemble.vcxproj]
/F:/apps/flutter_windows_3.32.5-stable/flutter/packages/flutter/lib/src/widgets/editable_text.dart(21,8): error GBB7C8005: Error when reading '/C:/Users/kbrian/AppData/Local/Pub/Cache/hosted/pub.dev/characters-1.4.0/lib/characters.dart': The system cannot find the path specified. [F:\kejapin\client\build\windows\x64\flutter\flutter_assemble.vcxproj]
/F:/apps/flutter_windows_3.32.5-stable/flutter/packages/flutter/lib/src/widgets/implicit_animations.dart(19,8): error GBB7C8005: Error when reading '/C:/Users/kbrian/AppData/Local/Pub/Cache/hosted/pub.dev/vector_math-2.2.0/lib/vector_math_64.dart': The system cannot find the path specified. [F:\kejapin\client\build\windows\x64\flutter\flutter_assemble.vcxproj]
/F:/apps/flutter_windows_3.32.5-stable/flutter/packages/flutter/lib/src/widgets/interactive_viewer.dart(16,8): error GBB7C8005: Error when reading '/C:/Users/kbrian/AppData/Local/Pub/Cache/hosted/pub.dev/vector_math-2.2.0/lib/vector_math_64.dart': The system cannot find the path specified. [F:\kejapin\client\build\windows\x64\flutter\flutter_assemble.vcxproj]
/F:/apps/flutter_windows_3.32.5-stable/flutter/packages/flutter/lib/src/widgets/selectable_region.dart(20,8): error GBB7C8005: Error when reading '/C:/Users/kbrian/AppData/Local/Pub/Cache/hosted/pub.dev/vector_math-2.2.0/lib/vector_math_64.dart': The system cannot find the path specified. [F:\kejapin\client\build\windows\x64\flutter\flutter_assemble.vcxproj]
/F:/apps/flutter_windows_3.32.5-stable/flutter/packages/flutter/lib/src/widgets/text_selection.dart(12,8): error GBB7C8005: Error when reading '/C:/Users/kbrian/AppData/Local/Pub/Cache/hosted/pub.dev/characters-1.4.0/lib/characters.dart': The system cannot find the path specified. [F:\kejapin\client\build\windows\x64\flutter\flutter_assemble.vcxproj]
/C:/Users/kbrian/AppData/Local/Pub/Cache/hosted/pub.dev/shared_preferences-2.5.4/lib/shared_preferences.dart(5,1): error GBB7C8005: Error when reading '/C:/Users/kbrian/AppData/Local/Pub/Cache/hosted/pub.dev/shared_preferences_platform_interface-2.4.1/lib/types.dart': The system cannot find the path specified. [F:\kejapin\client\build\windows\x64\flutter\flutter_assemble.vcxproj]
/C:/Users/kbrian/AppData/Local/Pub/Cache/hosted/pub.dev/shared_preferences-2.5.4/lib/src/shared_preferences_async.dart(9,8): error GBB7C8005: Error when reading '/C:/Users/kbrian/AppData/Local/Pub/Cache/hosted/pub.dev/shared_preferences_platform_interface-2.4.1/lib/types.dart': The system cannot find the path specified. [F:\kejapin\client\build\windows\x64\flutter\flutter_assemble.vcxproj]
/C:/Users/kbrian/AppData/Local/Pub/Cache/hosted/pub.dev/shared_preferences-2.5.4/lib/src/shared_preferences_legacy.dart(9,8): error GBB7C8005: Error when reading '/C:/Users/kbrian/AppData/Local/Pub/Cache/hosted/pub.dev/shared_preferences_platform_interface-2.4.1/lib/types.dart': The system cannot find the path specified. [F:\kejapin\client\build\windows\x64\flutter\flutter_assemble.vcxproj]
/F:/apps/flutter_windows_3.32.5-stable/flutter/packages/flutter/lib/src/rendering/box.dart(20,8): error GBB7C8005: Error when reading '/C:/Users/kbrian/AppData/Local/Pub/Cache/hosted/pub.dev/vector_math-2.2.0/lib/vector_math_64.dart': The system cannot find the path specified. [F:\kejapin\client\build\windows\x64\flutter\flutter_assemble.vcxproj]
/F:/apps/flutter_windows_3.32.5-stable/flutter/packages/flutter/lib/src/rendering/editable.dart(11,8): error GBB7C8005: Error when reading '/C:/Users/kbrian/AppData/Local/Pub/Cache/hosted/pub.dev/characters-1.4.0/lib/characters.dart': The system cannot find the path specified. [F:\kejapin\client\build\windows\x64\flutter\flutter_assemble.vcxproj]
/F:/apps/flutter_windows_3.32.5-stable/flutter/packages/flutter/lib/src/rendering/flow.dart(13,8): error GBB7C8005: Error when reading '/C:/Users/kbrian/AppData/Local/Pub/Cache/hosted/pub.dev/vector_math-2.2.0/lib/vector_math_64.dart': The system cannot find the path specified. [F:\kejapin\client\build\windows\x64\flutter\flutter_assemble.vcxproj]
/F:/apps/flutter_windows_3.32.5-stable/flutter/packages/flutter/lib/src/rendering/layer.dart(21,8): error GBB7C8005: Error when reading '/C:/Users/kbrian/AppData/Local/Pub/Cache/hosted/pub.dev/vector_math-2.2.0/lib/vector_math_64.dart': The system cannot find the path specified. [F:\kejapin\client\build\windows\x64\flutter\flutter_assemble.vcxproj]
/F:/apps/flutter_windows_3.32.5-stable/flutter/packages/flutter/lib/src/rendering/list_wheel_viewport.dart(12,8): error GBB7C8005: Error when reading '/C:/Users/kbrian/AppData/Local/Pub/Cache/hosted/pub.dev/vector_math-2.2.0/lib/vector_math_64.dart': The system cannot find the path specified. [F:\kejapin\client\build\windows\x64\flutter\flutter_assemble.vcxproj]
/F:/apps/flutter_windows_3.32.5-stable/flutter/packages/flutter/lib/src/rendering/rotated_box.dart(11,8): error GBB7C8005: Error when reading '/C:/Users/kbrian/AppData/Local/Pub/Cache/hosted/pub.dev/vector_math-2.2.0/lib/vector_math_64.dart': The system cannot find the path specified. [F:\kejapin\client\build\windows\x64\flutter\flutter_assemble.vcxproj]
/F:/apps/flutter_windows_3.32.5-stable/flutter/packages/flutter/lib/src/rendering/selection.dart(10,8): error GBB7C8005: Error when reading '/C:/Users/kbrian/AppData/Local/Pub/Cache/hosted/pub.dev/vector_math-2.2.0/lib/vector_math_64.dart': The system cannot find the path specified. [F:\kejapin\client\build\windows\x64\flutter\flutter_assemble.vcxproj]
/F:/apps/flutter_windows_3.32.5-stable/flutter/packages/flutter/lib/src/rendering/sliver_group.dart(12,8): error GBB7C8005: Error when reading '/C:/Users/kbrian/AppData/Local/Pub/Cache/hosted/pub.dev/vector_math-2.2.0/lib/vector_math_64.dart': The system cannot find the path specified. [F:\kejapin\client\build\windows\x64\flutter\flutter_assemble.vcxproj]
/F:/apps/flutter_windows_3.32.5-stable/flutter/packages/flutter/lib/src/rendering/sliver_multi_box_adaptor.dart(12,8): error GBB7C8005: Error when reading '/C:/Users/kbrian/AppData/Local/Pub/Cache/hosted/pub.dev/vector_math-2.2.0/lib/vector_math_64.dart': The system cannot find the path specified. [F:\kejapin\client\build\windows\x64\flutter\flutter_assemble.vcxproj]
/F:/apps/flutter_windows_3.32.5-stable/flutter/packages/flutter/lib/src/rendering/sliver_padding.dart(10,8): error GBB7C8005: Error when reading '/C:/Users/kbrian/AppData/Local/Pub/Cache/hosted/pub.dev/vector_math-2.2.0/lib/vector_math_64.dart': The system cannot find the path specified. [F:\kejapin\client\build\windows\x64\flutter\flutter_assemble.vcxproj]
/F:/apps/flutter_windows_3.32.5-stable/flutter/packages/flutter/lib/src/services/text_boundary.dart(7,8): error GBB7C8005: Error when reading '/C:/Users/kbrian/AppData/Local/Pub/Cache/hosted/pub.dev/characters-1.4.0/lib/characters.dart': The system cannot find the path specified. [F:\kejapin\client\build\windows\x64\flutter\flutter_assemble.vcxproj]
/F:/apps/flutter_windows_3.32.5-stable/flutter/packages/flutter/lib/src/services/text_formatter.dart(10,8): error GBB7C8005: Error when reading '/C:/Users/kbrian/AppData/Local/Pub/Cache/hosted/pub.dev/characters-1.4.0/lib/characters.dart': The system cannot find the path specified. [F:\kejapin\client\build\windows\x64\flutter\flutter_assemble.vcxproj]
/F:/apps/flutter_windows_3.32.5-stable/flutter/packages/flutter/lib/src/services/text_input.dart(19,8): error GBB7C8005: Error when reading '/C:/Users/kbrian/AppData/Local/Pub/Cache/hosted/pub.dev/vector_math-2.2.0/lib/vector_math_64.dart': The system cannot find the path specified. [F:\kejapin\client\build\windows\x64\flutter\flutter_assemble.vcxproj]
/F:/apps/flutter_windows_3.32.5-stable/flutter/packages/flutter/lib/src/services/text_input.dart(43,1): error GBB7C8005: Error when reading '/C:/Users/kbrian/AppData/Local/Pub/Cache/hosted/pub.dev/vector_math-2.2.0/lib/vector_math_64.dart': The system cannot find the path specified. [F:\kejapin\client\build\windows\x64\flutter\flutter_assemble.vcxproj]
/F:/apps/flutter_windows_3.32.5-stable/flutter/packages/flutter/lib/src/gestures/events.dart(16,8): error GBB7C8005: Error when reading '/C:/Users/kbrian/AppData/Local/Pub/Cache/hosted/pub.dev/vector_math-2.2.0/lib/vector_math_64.dart': The system cannot find the path specified. [F:\kejapin\client\build\windows\x64\flutter\flutter_assemble.vcxproj]
/F:/apps/flutter_windows_3.32.5-stable/flutter/packages/flutter/lib/src/gestures/events.dart(24,1): error GBB7C8005: Error when reading '/C:/Users/kbrian/AppData/Local/Pub/Cache/hosted/pub.dev/vector_math-2.2.0/lib/vector_math_64.dart': The system cannot find the path specified. [F:\kejapin\client\build\windows\x64\flutter\flutter_assemble.vcxproj]
/F:/apps/flutter_windows_3.32.5-stable/flutter/packages/flutter/lib/src/gestures/hit_test.dart(9,8): error GBB7C8005: Error when reading '/C:/Users/kbrian/AppData/Local/Pub/Cache/hosted/pub.dev/vector_math-2.2.0/lib/vector_math_64.dart': The system cannot find the path specified. [F:\kejapin\client\build\windows\x64\flutter\flutter_assemble.vcxproj]
/F:/apps/flutter_windows_3.32.5-stable/flutter/packages/flutter/lib/src/gestures/hit_test.dart(15,1): error GBB7C8005: Error when reading '/C:/Users/kbrian/AppData/Local/Pub/Cache/hosted/pub.dev/vector_math-2.2.0/lib/vector_math_64.dart': The system cannot find the path specified. [F:\kejapin\client\build\windows\x64\flutter\flutter_assemble.vcxproj]
/F:/apps/flutter_windows_3.32.5-stable/flutter/packages/flutter/lib/src/gestures/pointer_router.dart(9,1): error GBB7C8005: Error when reading '/C:/Users/kbrian/AppData/Local/Pub/Cache/hosted/pub.dev/vector_math-2.2.0/lib/vector_math_64.dart': The system cannot find the path specified. [F:\kejapin\client\build\windows\x64\flutter\flutter_assemble.vcxproj]
/F:/apps/flutter_windows_3.32.5-stable/flutter/packages/flutter/lib/src/gestures/recognizer.dart(29,1): error GBB7C8005: Error when reading '/C:/Users/kbrian/AppData/Local/Pub/Cache/hosted/pub.dev/vector_math-2.2.0/lib/vector_math_64.dart': The system cannot find the path specified. [F:\kejapin\client\build\windows\x64\flutter\flutter_assemble.vcxproj]
/F:/apps/flutter_windows_3.32.5-stable/flutter/packages/flutter/lib/src/gestures/tap.dart(21,1): error GBB7C8005: Error when reading '/C:/Users/kbrian/AppData/Local/Pub/Cache/hosted/pub.dev/vector_math-2.2.0/lib/vector_math_64.dart': The system cannot find the path specified. [F:\kejapin\client\build\windows\x64\flutter\flutter_assemble.vcxproj]
/F:/apps/flutter_windows_3.32.5-stable/flutter/packages/flutter/lib/src/painting/gradient.dart(15,8): error GBB7C8005: Error when reading '/C:/Users/kbrian/AppData/Local/Pub/Cache/hosted/pub.dev/vector_math-2.2.0/lib/vector_math_64.dart': The system cannot find the path specified. [F:\kejapin\client\build\windows\x64\flutter\flutter_assemble.vcxproj]
/F:/apps/flutter_windows_3.32.5-stable/flutter/packages/flutter/lib/src/painting/matrix_utils.dart(9,8): error GBB7C8005: Error when reading '/C:/Users/kbrian/AppData/Local/Pub/Cache/hosted/pub.dev/vector_math-2.2.0/lib/vector_math_64.dart': The system cannot find the path specified. [F:\kejapin\client\build\windows\x64\flutter\flutter_assemble.vcxproj]
/F:/apps/flutter_windows_3.32.5-stable/flutter/packages/flutter/lib/src/painting/star_border.dart(13,8): error GBB7C8005: Error when reading '/C:/Users/kbrian/AppData/Local/Pub/Cache/hosted/pub.dev/vector_math-2.2.0/lib/vector_math_64.dart': The system cannot find the path specified. [F:\kejapin\client\build\windows\x64\flutter\flutter_assemble.vcxproj]
/C:/Users/kbrian/AppData/Local/Pub/Cache/hosted/pub.dev/google_fonts-7.1.0/lib/src/google_fonts_base.dart(9,8): error GBB7C8005: Error when reading '/C:/Users/kbrian/AppData/Local/Pub/Cache/hosted/pub.dev/http-1.6.0/lib/http.dart': The system cannot find the path specified. [F:\kejapin\client\build\windows\x64\flutter\flutter_assemble.vcxproj]
/C:/Users/kbrian/AppData/Local/Pub/Cache/hosted/pub.dev/shared_preferences-2.5.4/lib/src/shared_preferences_async.dart(8,8): error GBB7C8005: Error when reading '/C:/Users/kbrian/AppData/Local/Pub/Cache/hosted/pub.dev/shared_preferences_platform_interface-2.4.1/lib/shared_preferences_async_platform_interface.dart': The system cannot find the path specified. [F:\kejapin\client\build\windows\x64\flutter\flutter_assemble.vcxproj]
/C:/Users/kbrian/AppData/Local/Pub/Cache/hosted/pub.dev/shared_preferences-2.5.4/lib/src/shared_preferences_legacy.dart(8,8): error GBB7C8005: Error when reading '/C:/Users/kbrian/AppData/Local/Pub/Cache/hosted/pub.dev/shared_preferences_platform_interface-2.4.1/lib/shared_preferences_platform_interface.dart': The system cannot find the path specified. [F:\kejapin\client\build\windows\x64\flutter\flutter_assemble.vcxproj]
/F:/apps/flutter_windows_3.32.5-stable/flutter/packages/flutter/lib/src/semantics/semantics.dart(36,8): error GBB7C8005: Error when reading '/C:/Users/kbrian/AppData/Local/Pub/Cache/hosted/pub.dev/vector_math-2.2.0/lib/vector_math_64.dart': The system cannot find the path specified. [F:\kejapin\client\build\windows\x64\flutter\flutter_assemble.vcxproj]
/F:/apps/flutter_windows_3.32.5-stable/flutter/packages/flutter/lib/src/semantics/semantics.dart(63,1): error GBB7C8005: Error when reading '/C:/Users/kbrian/AppData/Local/Pub/Cache/hosted/pub.dev/vector_math-2.2.0/lib/vector_math_64.dart': The system cannot find the path specified. [F:\kejapin\client\build\windows\x64\flutter\flutter_assemble.vcxproj]
/C:/Users/kbrian/AppData/Local/Pub/Cache/hosted/pub.dev/google_fonts-7.1.0/lib/src/google_fonts_base.dart(5,8): error GBB7C8005: Error when reading '/C:/Users/kbrian/AppData/Local/Pub/Cache/hosted/pub.dev/crypto-3.0.7/lib/crypto.dart': The system cannot find the path specified. [F:\kejapin\client\build\windows\x64\flutter\flutter_assemble.vcxproj]
/C:/Users/kbrian/AppData/Local/Pub/Cache/hosted/pub.dev/google_fonts-7.1.0/lib/src/file_io_desktop_and_mobile.dart(8,8): error GBB7C8005: Error when reading '/C:/Users/kbrian/AppData/Local/Pub/Cache/hosted/pub.dev/path_provider-2.1.5/lib/path_provider.dart': The system cannot find the path specified. [F:\kejapin\client\build\windows\x64\flutter\flutter_assemble.vcxproj]
/F:/apps/flutter_windows_3.32.5-stable/flutter/packages/flutter/lib/src/material/color_scheme.dart(2092,17): error G7D2AEF3C: Type 'QuantizerResult' not found. [F:\kejapin\client\build\windows\x64\flutter\flutter_assemble.vcxproj]
/F:/apps/flutter_windows_3.32.5-stable/flutter/packages/flutter/lib/src/material/color_scheme.dart(2174,10): error G7D2AEF3C: Type 'DynamicScheme' not found. [F:\kejapin\client\build\windows\x64\flutter\flutter_assemble.vcxproj]
/F:/apps/flutter_windows_3.32.5-stable/flutter/packages/flutter/lib/src/material/ink_decoration.dart(399,36): error G7D2AEF3C: Type 'Matrix4' not found. [F:\kejapin\client\build\windows\x64\flutter\flutter_assemble.vcxproj]
/F:/apps/flutter_windows_3.32.5-stable/flutter/packages/flutter/lib/src/material/ink_highlight.dart(134,36): error G7D2AEF3C: Type 'Matrix4' not found. [F:\kejapin\client\build\windows\x64\flutter\flutter_assemble.vcxproj]
/F:/apps/flutter_windows_3.32.5-stable/flutter/packages/flutter/lib/src/material/ink_ripple.dart(236,36): error G7D2AEF3C: Type 'Matrix4' not found. [F:\kejapin\client\build\windows\x64\flutter\flutter_assemble.vcxproj]
/F:/apps/flutter_windows_3.32.5-stable/flutter/packages/flutter/lib/src/material/ink_sparkle.dart(194,18): error G7D2AEF3C: Type 'Vector2' not found. [F:\kejapin\client\build\windows\x64\flutter\flutter_assemble.vcxproj]
/F:/apps/flutter_windows_3.32.5-stable/flutter/packages/flutter/lib/src/material/ink_sparkle.dart(237,36): error G7D2AEF3C: Type 'Matrix4' not found. [F:\kejapin\client\build\windows\x64\flutter\flutter_assemble.vcxproj]
/F:/apps/flutter_windows_3.32.5-stable/flutter/packages/flutter/lib/src/material/ink_sparkle.dart(364,59): error G7D2AEF3C: Type 'Matrix4' not found. [F:\kejapin\client\build\windows\x64\flutter\flutter_assemble.vcxproj]
/F:/apps/flutter_windows_3.32.5-stable/flutter/packages/flutter/lib/src/material/ink_splash.dart(213,36): error G7D2AEF3C: Type 'Matrix4' not found. [F:\kejapin\client\build\windows\x64\flutter\flutter_assemble.vcxproj]
/F:/apps/flutter_windows_3.32.5-stable/flutter/packages/flutter/lib/src/material/ink_well.dart(123,14): error G7D2AEF3C: Type 'Matrix4' not found. [F:\kejapin\client\build\windows\x64\flutter\flutter_assemble.vcxproj]
/F:/apps/flutter_windows_3.32.5-stable/flutter/packages/flutter/lib/src/material/input_decorator.dart(1341,3): error G7D2AEF3C: Type 'Matrix4' not found. [F:\kejapin\client\build\windows\x64\flutter\flutter_assemble.vcxproj]
/F:/apps/flutter_windows_3.32.5-stable/flutter/packages/flutter/lib/src/material/input_decorator.dart(1664,48): error G7D2AEF3C: Type 'Matrix4' not found. [F:\kejapin\client\build\windows\x64\flutter\flutter_assemble.vcxproj]
/F:/apps/flutter_windows_3.32.5-stable/flutter/packages/flutter/lib/src/material/material.dart(719,10): error G7D2AEF3C: Type 'Matrix4' not found. [F:\kejapin\client\build\windows\x64\flutter\flutter_assemble.vcxproj]
/F:/apps/flutter_windows_3.32.5-stable/flutter/packages/flutter/lib/src/material/material.dart(782,36): error G7D2AEF3C: Type 'Matrix4' not found. [F:\kejapin\client\build\windows\x64\flutter\flutter_assemble.vcxproj]
/F:/apps/flutter_windows_3.32.5-stable/flutter/packages/flutter/lib/src/material/no_splash.dart(71,36): error G7D2AEF3C: Type 'Matrix4' not found. [F:\kejapin\client\build\windows\x64\flutter\flutter_assemble.vcxproj]
/F:/apps/flutter_windows_3.32.5-stable/flutter/packages/flutter/lib/src/material/page_transitions_theme.dart(1215,29): error G7D2AEF3C: Type 'Matrix4' not found. [F:\kejapin\client\build\windows\x64\flutter\flutter_assemble.vcxproj]
/F:/apps/flutter_windows_3.32.5-stable/flutter/packages/flutter/lib/src/material/page_transitions_theme.dart(1283,9): error G7D2AEF3C: Type 'Matrix4' not found. [F:\kejapin\client\build\windows\x64\flutter\flutter_assemble.vcxproj]
/F:/apps/flutter_windows_3.32.5-stable/flutter/packages/flutter/lib/src/material/page_transitions_theme.dart(1390,9): error G7D2AEF3C: Type 'Matrix4' not found. [F:\kejapin\client\build\windows\x64\flutter\flutter_assemble.vcxproj]
/F:/apps/flutter_windows_3.32.5-stable/flutter/packages/flutter/lib/src/material/text_selection_toolbar.dart(371,48): error G7D2AEF3C: Type 'Matrix4' not found. [F:\kejapin\client\build\windows\x64\flutter\flutter_assemble.vcxproj]
/F:/apps/flutter_windows_3.32.5-stable/flutter/packages/flutter/lib/src/widgets/basic.dart(1723,9): error G7D2AEF3C: Type 'Matrix4' not found. [F:\kejapin\client\build\windows\x64\flutter\flutter_assemble.vcxproj]
/F:/apps/flutter_windows_3.32.5-stable/flutter/packages/flutter/lib/src/widgets/basic.dart(1692,10): error G7D2AEF3C: Type 'Matrix4' not found. [F:\kejapin\client\build\windows\x64\flutter\flutter_assemble.vcxproj]
/F:/apps/flutter_windows_3.32.5-stable/flutter/packages/flutter/lib/src/widgets/basic.dart(1711,10): error G7D2AEF3C: Type 'Matrix4' not found. [F:\kejapin\client\build\windows\x64\flutter\flutter_assemble.vcxproj]
/F:/apps/flutter_windows_3.32.5-stable/flutter/packages/flutter/lib/src/widgets/container.dart(352,9): error G7D2AEF3C: Type 'Matrix4' not found. [F:\kejapin\client\build\windows\x64\flutter\flutter_assemble.vcxproj]
/F:/apps/flutter_windows_3.32.5-stable/flutter/packages/flutter/lib/src/widgets/implicit_animations.dart(176,34): error G7D2AEF3C: Type 'Matrix4' not found. [F:\kejapin\client\build\windows\x64\flutter\flutter_assemble.vcxproj]
/F:/apps/flutter_windows_3.32.5-stable/flutter/packages/flutter/lib/src/widgets/implicit_animations.dart(185,3): error G7D2AEF3C: Type 'Matrix4' not found. [F:\kejapin\client\build\windows\x64\flutter\flutter_assemble.vcxproj]
/F:/apps/flutter_windows_3.32.5-stable/flutter/packages/flutter/lib/src/widgets/implicit_animations.dart(691,9): error G7D2AEF3C: Type 'Matrix4' not found. [F:\kejapin\client\build\windows\x64\flutter\flutter_assemble.vcxproj]
/F:/apps/flutter_windows_3.32.5-stable/flutter/packages/flutter/lib/src/widgets/interactive_viewer.dart(36,80): error G7D2AEF3C: Type 'Quad' not found. [F:\kejapin\client\build\windows\x64\flutter\flutter_assemble.vcxproj]
/F:/apps/flutter_windows_3.32.5-stable/flutter/packages/flutter/lib/src/widgets/interactive_viewer.dart(396,10): error G7D2AEF3C: Type 'Vector3' not found. [F:\kejapin\client\build\windows\x64\flutter\flutter_assemble.vcxproj]
/F:/apps/flutter_windows_3.32.5-stable/flutter/packages/flutter/lib/src/widgets/interactive_viewer.dart(396,40): error G7D2AEF3C: Type 'Vector3' not found. [F:\kejapin\client\build\windows\x64\flutter\flutter_assemble.vcxproj]
/F:/apps/flutter_windows_3.32.5-stable/flutter/packages/flutter/lib/src/widgets/interactive_viewer.dart(396,55): error G7D2AEF3C: Type 'Vector3' not found. [F:\kejapin\client\build\windows\x64\flutter\flutter_assemble.vcxproj]
/F:/apps/flutter_windows_3.32.5-stable/flutter/packages/flutter/lib/src/widgets/interactive_viewer.dart(396,67): error G7D2AEF3C: Type 'Vector3' not found. [F:\kejapin\client\build\windows\x64\flutter\flutter_assemble.vcxproj]
/F:/apps/flutter_windows_3.32.5-stable/flutter/packages/flutter/lib/src/widgets/interactive_viewer.dart(415,10): error G7D2AEF3C: Type 'Quad' not found. [F:\kejapin\client\build\windows\x64\flutter\flutter_assemble.vcxproj]
/F:/apps/flutter_windows_3.32.5-stable/flutter/packages/flutter/lib/src/widgets/interactive_viewer.dart(415,41): error G7D2AEF3C: Type 'Quad' not found. [F:\kejapin\client\build\windows\x64\flutter\flutter_assemble.vcxproj]
/F:/apps/flutter_windows_3.32.5-stable/flutter/packages/flutter/lib/src/widgets/interactive_viewer.dart(444,29): error G7D2AEF3C: Type 'Vector3' not found. [F:\kejapin\client\build\windows\x64\flutter\flutter_assemble.vcxproj]
/F:/apps/flutter_windows_3.32.5-stable/flutter/packages/flutter/lib/src/widgets/interactive_viewer.dart(444,44): error G7D2AEF3C: Type 'Quad' not found. [F:\kejapin\client\build\windows\x64\flutter\flutter_assemble.vcxproj]
/F:/apps/flutter_windows_3.32.5-stable/flutter/packages/flutter/lib/src/widgets/interactive_viewer.dart(460,10): error G7D2AEF3C: Type 'Vector3' not found. [F:\kejapin\client\build\windows\x64\flutter\flutter_assemble.vcxproj]
/F:/apps/flutter_windows_3.32.5-stable/flutter/packages/flutter/lib/src/widgets/interactive_viewer.dart(460,40): error G7D2AEF3C: Type 'Vector3' not found. [F:\kejapin\client\build\windows\x64\flutter\flutter_assemble.vcxproj]
/F:/apps/flutter_windows_3.32.5-stable/flutter/packages/flutter/lib/src/widgets/interactive_viewer.dart(460,55): error G7D2AEF3C: Type 'Quad' not found. [F:\kejapin\client\build\windows\x64\flutter\flutter_assemble.vcxproj]
/F:/apps/flutter_windows_3.32.5-stable/flutter/packages/flutter/lib/src/widgets/interactive_viewer.dart(550,3): error G7D2AEF3C: Type 'Matrix4' not found. [F:\kejapin\client\build\windows\x64\flutter\flutter_assemble.vcxproj]
/F:/apps/flutter_windows_3.32.5-stable/flutter/packages/flutter/lib/src/widgets/interactive_viewer.dart(550,28): error G7D2AEF3C: Type 'Matrix4' not found. [F:\kejapin\client\build\windows\x64\flutter\flutter_assemble.vcxproj]
/F:/apps/flutter_windows_3.32.5-stable/flutter/packages/flutter/lib/src/widgets/interactive_viewer.dart(643,3): error G7D2AEF3C: Type 'Matrix4' not found. [F:\kejapin\client\build\windows\x64\flutter\flutter_assemble.vcxproj]
/F:/apps/flutter_windows_3.32.5-stable/flutter/packages/flutter/lib/src/widgets/interactive_viewer.dart(643,24): error G7D2AEF3C: Type 'Matrix4' not found. [F:\kejapin\client\build\windows\x64\flutter\flutter_assemble.vcxproj]
/F:/apps/flutter_windows_3.32.5-stable/flutter/packages/flutter/lib/src/widgets/interactive_viewer.dart(665,3): error G7D2AEF3C: Type 'Matrix4' not found. [F:\kejapin\client\build\windows\x64\flutter\flutter_assemble.vcxproj]
/F:/apps/flutter_windows_3.32.5-stable/flutter/packages/flutter/lib/src/widgets/interactive_viewer.dart(665,25): error G7D2AEF3C: Type 'Matrix4' not found. [F:\kejapin\client\build\windows\x64\flutter\flutter_assemble.vcxproj]
/F:/apps/flutter_windows_3.32.5-stable/flutter/packages/flutter/lib/src/widgets/interactive_viewer.dart(1119,9): error G7D2AEF3C: Type 'Matrix4' not found. [F:\kejapin\client\build\windows\x64\flutter\flutter_assemble.vcxproj]
/F:/apps/flutter_windows_3.32.5-stable/flutter/packages/flutter/lib/src/widgets/interactive_viewer.dart(1155,54): error G7D2AEF3C: Type 'Matrix4' not found. [F:\kejapin\client\build\windows\x64\flutter\flutter_assemble.vcxproj]
/F:/apps/flutter_windows_3.32.5-stable/flutter/packages/flutter/lib/src/widgets/interactive_viewer.dart(1160,29): error G7D2AEF3C: Type 'Matrix4' not found. [F:\kejapin\client\build\windows\x64\flutter\flutter_assemble.vcxproj]
/F:/apps/flutter_windows_3.32.5-stable/flutter/packages/flutter/lib/src/widgets/interactive_viewer.dart(1214,30): error G7D2AEF3C: Type 'Matrix4' not found. [F:\kejapin\client\build\windows\x64\flutter\flutter_assemble.vcxproj]
/F:/apps/flutter_windows_3.32.5-stable/flutter/packages/flutter/lib/src/widgets/interactive_viewer.dart(1223,1): error G7D2AEF3C: Type 'Quad' not found. [F:\kejapin\client\build\windows\x64\flutter\flutter_assemble.vcxproj]
/F:/apps/flutter_windows_3.32.5-stable/flutter/packages/flutter/lib/src/widgets/interactive_viewer.dart(1223,25): error G7D2AEF3C: Type 'Matrix4' not found. [F:\kejapin\client\build\windows\x64\flutter\flutter_assemble.vcxproj]
/F:/apps/flutter_windows_3.32.5-stable/flutter/packages/flutter/lib/src/widgets/interactive_viewer.dart(1235,1): error G7D2AEF3C: Type 'Quad' not found. [F:\kejapin\client\build\windows\x64\flutter\flutter_assemble.vcxproj]
/F:/apps/flutter_windows_3.32.5-stable/flutter/packages/flutter/lib/src/widgets/interactive_viewer.dart(1252,19): error G7D2AEF3C: Type 'Quad' not found. [F:\kejapin\client\build\windows\x64\flutter\flutter_assemble.vcxproj]
/F:/apps/flutter_windows_3.32.5-stable/flutter/packages/flutter/lib/src/widgets/interactive_viewer.dart(1252,34): error G7D2AEF3C: Type 'Quad' not found. [F:\kejapin\client\build\windows\x64\flutter\flutter_assemble.vcxproj]
/F:/apps/flutter_windows_3.32.5-stable/flutter/packages/flutter/lib/src/widgets/nested_scroll_view.dart(1788,48): error G7D2AEF3C: Type 'Matrix4' not found. [F:\kejapin\client\build\windows\x64\flutter\flutter_assemble.vcxproj]
/F:/apps/flutter_windows_3.32.5-stable/flutter/packages/flutter/lib/src/widgets/overlay.dart(39,20): error G7D2AEF3C: Type 'Matrix4' not found. [F:\kejapin\client\build\windows\x64\flutter\flutter_assemble.vcxproj]
/F:/apps/flutter_windows_3.32.5-stable/flutter/packages/flutter/lib/src/widgets/overlay.dart(46,3): error G7D2AEF3C: Type 'Matrix4' not found. [F:\kejapin\client\build\windows\x64\flutter\flutter_assemble.vcxproj]
/F:/apps/flutter_windows_3.32.5-stable/flutter/packages/flutter/lib/src/widgets/overlay.dart(2594,45): error G7D2AEF3C: Type 'Matrix4' not found. [F:\kejapin\client\build\windows\x64\flutter\flutter_assemble.vcxproj]
/F:/apps/flutter_windows_3.32.5-stable/flutter/packages/flutter/lib/src/widgets/overlay.dart(2711,45): error G7D2AEF3C: Type 'Matrix4' not found. [F:\kejapin\client\build\windows\x64\flutter\flutter_assemble.vcxproj]
/F:/apps/flutter_windows_3.32.5-stable/flutter/packages/flutter/lib/src/widgets/selection_container.dart(206,3): error G7D2AEF3C: Type 'Matrix4' not found. [F:\kejapin\client\build\windows\x64\flutter\flutter_assemble.vcxproj]
/F:/apps/flutter_windows_3.32.5-stable/flutter/packages/flutter/lib/src/widgets/selection_container.dart(282,3): error G7D2AEF3C: Type 'Matrix4' not found. [F:\kejapin\client\build\windows\x64\flutter\flutter_assemble.vcxproj]
/F:/apps/flutter_windows_3.32.5-stable/flutter/packages/flutter/lib/src/widgets/selection_container.dart(301,3): error G7D2AEF3C: Type 'Matrix4' not found. [F:\kejapin\client\build\windows\x64\flutter\flutter_assemble.vcxproj]
/F:/apps/flutter_windows_3.32.5-stable/flutter/packages/flutter/lib/src/widgets/single_child_scroll_view.dart(578,45): error G7D2AEF3C: Type 'Matrix4' not found. [F:\kejapin\client\build\windows\x64\flutter\flutter_assemble.vcxproj]
/F:/apps/flutter_windows_3.32.5-stable/flutter/packages/flutter/lib/src/widgets/sliver_floating_header.dart(326,48): error G7D2AEF3C: Type 'Matrix4' not found. [F:\kejapin\client\build\windows\x64\flutter\flutter_assemble.vcxproj]
/F:/apps/flutter_windows_3.32.5-stable/flutter/packages/flutter/lib/src/widgets/sliver_layout_builder.dart(56,48): error G7D2AEF3C: Type 'Matrix4' not found. [F:\kejapin\client\build\windows\x64\flutter\flutter_assemble.vcxproj]
/F:/apps/flutter_windows_3.32.5-stable/flutter/packages/flutter/lib/src/widgets/sliver_resizing_header.dart(229,48): error G7D2AEF3C: Type 'Matrix4' not found. [F:\kejapin\client\build\windows\x64\flutter\flutter_assemble.vcxproj]
/F:/apps/flutter_windows_3.32.5-stable/flutter/packages/flutter/lib/src/widgets/transitions.dart(252,29): error G7D2AEF3C: Type 'Matrix4' not found. [F:\kejapin\client\build\windows\x64\flutter\flutter_assemble.vcxproj]
/F:/apps/flutter_windows_3.32.5-stable/flutter/packages/flutter/lib/src/widgets/transitions.dart(370,10): error G7D2AEF3C: Type 'Matrix4' not found. [F:\kejapin\client\build\windows\x64\flutter\flutter_assemble.vcxproj]
/F:/apps/flutter_windows_3.32.5-stable/flutter/packages/flutter/lib/src/widgets/transitions.dart(409,10): error G7D2AEF3C: Type 'Matrix4' not found. [F:\kejapin\client\build\windows\x64\flutter\flutter_assemble.vcxproj]
/F:/apps/flutter_windows_3.32.5-stable/flutter/packages/flutter/lib/src/widgets/two_dimensional_viewport.dart(1739,45): error G7D2AEF3C: Type 'Matrix4' not found. [F:\kejapin\client\build\windows\x64\flutter\flutter_assemble.vcxproj]
/F:/apps/flutter_windows_3.32.5-stable/flutter/packages/flutter/lib/src/widgets/widget_inspector.dart(338,57): error G7D2AEF3C: Type 'Matrix4' not found. [F:\kejapin\client\build\windows\x64\flutter\flutter_assemble.vcxproj]
/F:/apps/flutter_windows_3.32.5-stable/flutter/packages/flutter/lib/src/widgets/widget_inspector.dart(2940,5): error G7D2AEF3C: Type 'Matrix4' not found. [F:\kejapin\client\build\windows\x64\flutter\flutter_assemble.vcxproj]
/F:/apps/flutter_windows_3.32.5-stable/flutter/packages/flutter/lib/src/widgets/widget_inspector.dart(3428,9): error G7D2AEF3C: Type 'Matrix4' not found. [F:\kejapin\client\build\windows\x64\flutter\flutter_assemble.vcxproj]
/F:/apps/flutter_windows_3.32.5-stable/flutter/packages/flutter/lib/src/widgets/widget_span.dart(422,45): error G7D2AEF3C: Type 'Matrix4' not found. [F:\kejapin\client\build\windows\x64\flutter\flutter_assemble.vcxproj]
/C:/Users/kbrian/AppData/Local/Pub/Cache/hosted/pub.dev/shared_preferences-2.5.4/lib/src/shared_preferences_async.dart(35,9): error G7D2AEF3C: Type 'SharedPreferencesOptions' not found. [F:\kejapin\client\build\windows\x64\flutter\flutter_assemble.vcxproj]
/C:/Users/kbrian/AppData/Local/Pub/Cache/hosted/pub.dev/shared_preferences-2.5.4/lib/src/shared_preferences_async.dart(37,14): error G7D2AEF3C: Type 'SharedPreferencesAsyncPlatform' not found. [F:\kejapin\client\build\windows\x64\flutter\flutter_assemble.vcxproj]
/C:/Users/kbrian/AppData/Local/Pub/Cache/hosted/pub.dev/shared_preferences-2.5.4/lib/src/shared_preferences_async.dart(22,5): error G7D2AEF3C: Type 'SharedPreferencesOptions' not found. [F:\kejapin\client\build\windows\x64\flutter\flutter_assemble.vcxproj]
/C:/Users/kbrian/AppData/Local/Pub/Cache/hosted/pub.dev/shared_preferences-2.5.4/lib/src/shared_preferences_async.dart(183,14): error G7D2AEF3C: Type 'SharedPreferencesOptions' not found. [F:\kejapin\client\build\windows\x64\flutter\flutter_assemble.vcxproj]
/C:/Users/kbrian/AppData/Local/Pub/Cache/hosted/pub.dev/shared_preferences-2.5.4/lib/src/shared_preferences_async.dart(195,5): error G7D2AEF3C: Type 'SharedPreferencesOptions' not found. [F:\kejapin\client\build\windows\x64\flutter\flutter_assemble.vcxproj]
/C:/Users/kbrian/AppData/Local/Pub/Cache/hosted/pub.dev/shared_preferences-2.5.4/lib/src/shared_preferences_legacy.dart(30,10): error G7D2AEF3C: Type 'SharedPreferencesStorePlatform' not found. [F:\kejapin\client\build\windows\x64\flutter\flutter_assemble.vcxproj]
/F:/apps/flutter_windows_3.32.5-stable/flutter/packages/flutter/lib/src/cupertino/nav_bar.dart(1754,45): error G7D2AEF3C: Type 'Matrix4' not found. [F:\kejapin\client\build\windows\x64\flutter\flutter_assemble.vcxproj]
/F:/apps/flutter_windows_3.32.5-stable/flutter/packages/flutter/lib/src/cupertino/refresh.dart(180,48): error G7D2AEF3C: Type 'Matrix4' not found. [F:\kejapin\client\build\windows\x64\flutter\flutter_assemble.vcxproj]
/F:/apps/flutter_windows_3.32.5-stable/flutter/packages/flutter/lib/src/rendering/box.dart(800,14): error G7D2AEF3C: Type 'Matrix4' not found. [F:\kejapin\client\build\windows\x64\flutter\flutter_assemble.vcxproj]
/F:/apps/flutter_windows_3.32.5-stable/flutter/packages/flutter/lib/src/rendering/box.dart(868,14): error G7D2AEF3C: Type 'Matrix4' not found. [F:\kejapin\client\build\windows\x64\flutter\flutter_assemble.vcxproj]
/F:/apps/flutter_windows_3.32.5-stable/flutter/packages/flutter/lib/src/rendering/box.dart(915,5): error G7D2AEF3C: Type 'Matrix4' not found. [F:\kejapin\client\build\windows\x64\flutter\flutter_assemble.vcxproj]
/F:/apps/flutter_windows_3.32.5-stable/flutter/packages/flutter/lib/src/rendering/box.dart(916,5): error G7D2AEF3C: Type 'Matrix4' not found. [F:\kejapin\client\build\windows\x64\flutter\flutter_assemble.vcxproj]
/F:/apps/flutter_windows_3.32.5-stable/flutter/packages/flutter/lib/src/rendering/box.dart(3013,48): error G7D2AEF3C: Type 'Matrix4' not found. [F:\kejapin\client\build\windows\x64\flutter\flutter_assemble.vcxproj]
/F:/apps/flutter_windows_3.32.5-stable/flutter/packages/flutter/lib/src/rendering/custom_paint.dart(339,9): error G7D2AEF3C: Type 'Matrix4' not found. [F:\kejapin\client\build\windows\x64\flutter\flutter_assemble.vcxproj]
/F:/apps/flutter_windows_3.32.5-stable/flutter/packages/flutter/lib/src/rendering/editable.dart(2683,45): error G7D2AEF3C: Type 'Matrix4' not found. [F:\kejapin\client\build\windows\x64\flutter\flutter_assemble.vcxproj]
/F:/apps/flutter_windows_3.32.5-stable/flutter/packages/flutter/lib/src/rendering/flow.dart(49,27): error G7D2AEF3C: Type 'Matrix4' not found. [F:\kejapin\client\build\windows\x64\flutter\flutter_assemble.vcxproj]
/F:/apps/flutter_windows_3.32.5-stable/flutter/packages/flutter/lib/src/rendering/flow.dart(152,3): error G7D2AEF3C: Type 'Matrix4' not found. [F:\kejapin\client\build\windows\x64\flutter\flutter_assemble.vcxproj]
/F:/apps/flutter_windows_3.32.5-stable/flutter/packages/flutter/lib/src/rendering/flow.dart(352,27): error G7D2AEF3C: Type 'Matrix4' not found. [F:\kejapin\client\build\windows\x64\flutter\flutter_assemble.vcxproj]
/F:/apps/flutter_windows_3.32.5-stable/flutter/packages/flutter/lib/src/rendering/flow.dart(456,45): error G7D2AEF3C: Type 'Matrix4' not found. [F:\kejapin\client\build\windows\x64\flutter\flutter_assemble.vcxproj]
/F:/apps/flutter_windows_3.32.5-stable/flutter/packages/flutter/lib/src/rendering/layer.dart(1408,37): error G7D2AEF3C: Type 'Matrix4' not found. [F:\kejapin\client\build\windows\x64\flutter\flutter_assemble.vcxproj]
/F:/apps/flutter_windows_3.32.5-stable/flutter/packages/flutter/lib/src/rendering/layer.dart(1492,37): error G7D2AEF3C: Type 'Matrix4' not found. [F:\kejapin\client\build\windows\x64\flutter\flutter_assemble.vcxproj]
/F:/apps/flutter_windows_3.32.5-stable/flutter/packages/flutter/lib/src/rendering/layer.dart(2055,3): error G7D2AEF3C: Type 'Matrix4' not found. [F:\kejapin\client\build\windows\x64\flutter\flutter_assemble.vcxproj]
/F:/apps/flutter_windows_3.32.5-stable/flutter/packages/flutter/lib/src/rendering/layer.dart(2067,3): error G7D2AEF3C: Type 'Matrix4' not found. [F:\kejapin\client\build\windows\x64\flutter\flutter_assemble.vcxproj]
/F:/apps/flutter_windows_3.32.5-stable/flutter/packages/flutter/lib/src/rendering/layer.dart(2068,3): error G7D2AEF3C: Type 'Matrix4' not found. [F:\kejapin\client\build\windows\x64\flutter\flutter_assemble.vcxproj]
/F:/apps/flutter_windows_3.32.5-stable/flutter/packages/flutter/lib/src/rendering/layer.dart(2043,19): error G7D2AEF3C: Type 'Matrix4' not found. [F:\kejapin\client\build\windows\x64\flutter\flutter_assemble.vcxproj]
/F:/apps/flutter_windows_3.32.5-stable/flutter/packages/flutter/lib/src/rendering/layer.dart(2054,3): error G7D2AEF3C: Type 'Matrix4' not found. [F:\kejapin\client\build\windows\x64\flutter\flutter_assemble.vcxproj]
/F:/apps/flutter_windows_3.32.5-stable/flutter/packages/flutter/lib/src/rendering/layer.dart(2056,17): error G7D2AEF3C: Type 'Matrix4' not found. [F:\kejapin\client\build\windows\x64\flutter\flutter_assemble.vcxproj]
/F:/apps/flutter_windows_3.32.5-stable/flutter/packages/flutter/lib/src/rendering/layer.dart(2113,37): error G7D2AEF3C: Type 'Matrix4' not found. [F:\kejapin\client\build\windows\x64\flutter\flutter_assemble.vcxproj]
/F:/apps/flutter_windows_3.32.5-stable/flutter/packages/flutter/lib/src/rendering/layer.dart(2579,37): error G7D2AEF3C: Type 'Matrix4' not found. [F:\kejapin\client\build\windows\x64\flutter\flutter_assemble.vcxproj]
/F:/apps/flutter_windows_3.32.5-stable/flutter/packages/flutter/lib/src/rendering/layer.dart(2665,3): error G7D2AEF3C: Type 'Matrix4' not found. [F:\kejapin\client\build\windows\x64\flutter\flutter_assemble.vcxproj]
/F:/apps/flutter_windows_3.32.5-stable/flutter/packages/flutter/lib/src/rendering/layer.dart(2666,3): error G7D2AEF3C: Type 'Matrix4' not found. [F:\kejapin\client\build\windows\x64\flutter\flutter_assemble.vcxproj]
/F:/apps/flutter_windows_3.32.5-stable/flutter/packages/flutter/lib/src/rendering/layer.dart(2707,3): error G7D2AEF3C: Type 'Matrix4' not found. [F:\kejapin\client\build\windows\x64\flutter\flutter_assemble.vcxproj]
/F:/apps/flutter_windows_3.32.5-stable/flutter/packages/flutter/lib/src/rendering/layer.dart(2722,10): error G7D2AEF3C: Type 'Matrix4' not found. [F:\kejapin\client\build\windows\x64\flutter\flutter_assemble.vcxproj]
/F:/apps/flutter_windows_3.32.5-stable/flutter/packages/flutter/lib/src/rendering/layer.dart(2889,37): error G7D2AEF3C: Type 'Matrix4' not found. [F:\kejapin\client\build\windows\x64\flutter\flutter_assemble.vcxproj]
/F:/apps/flutter_windows_3.32.5-stable/flutter/packages/flutter/lib/src/rendering/list_wheel_viewport.dart(73,3): error G7D2AEF3C: Type 'Matrix4' not found. [F:\kejapin\client\build\windows\x64\flutter\flutter_assemble.vcxproj]
/F:/apps/flutter_windows_3.32.5-stable/flutter/packages/flutter/lib/src/rendering/list_wheel_viewport.dart(927,5): error G7D2AEF3C: Type 'Matrix4' not found. [F:\kejapin\client\build\windows\x64\flutter\flutter_assemble.vcxproj]
/F:/apps/flutter_windows_3.32.5-stable/flutter/packages/flutter/lib/src/rendering/list_wheel_viewport.dart(996,5): error G7D2AEF3C: Type 'Matrix4' not found. [F:\kejapin\client\build\windows\x64\flutter\flutter_assemble.vcxproj]
/F:/apps/flutter_windows_3.32.5-stable/flutter/packages/flutter/lib/src/rendering/list_wheel_viewport.dart(1027,3): error G7D2AEF3C: Type 'Matrix4' not found. [F:\kejapin\client\build\windows\x64\flutter\flutter_assemble.vcxproj]
/F:/apps/flutter_windows_3.32.5-stable/flutter/packages/flutter/lib/src/rendering/list_wheel_viewport.dart(1036,3): error G7D2AEF3C: Type 'Matrix4' not found. [F:\kejapin\client\build\windows\x64\flutter\flutter_assemble.vcxproj]
/F:/apps/flutter_windows_3.32.5-stable/flutter/packages/flutter/lib/src/rendering/list_wheel_viewport.dart(1036,34): error G7D2AEF3C: Type 'Matrix4' not found. [F:\kejapin\client\build\windows\x64\flutter\flutter_assemble.vcxproj]
/F:/apps/flutter_windows_3.32.5-stable/flutter/packages/flutter/lib/src/rendering/list_wheel_viewport.dart(1063,45): error G7D2AEF3C: Type 'Matrix4' not found. [F:\kejapin\client\build\windows\x64\flutter\flutter_assemble.vcxproj]
/F:/apps/flutter_windows_3.32.5-stable/flutter/packages/flutter/lib/src/rendering/mouse_tracker.dart(30,31): error G7D2AEF3C: Type 'Matrix4' not found. [F:\kejapin\client\build\windows\x64\flutter\flutter_assemble.vcxproj]
/F:/apps/flutter_windows_3.32.5-stable/flutter/packages/flutter/lib/src/rendering/mouse_tracker.dart(29,31): error G7D2AEF3C: Type 'Matrix4' not found. [F:\kejapin\client\build\windows\x64\flutter\flutter_assemble.vcxproj]
/F:/apps/flutter_windows_3.32.5-stable/flutter/packages/flutter/lib/src/rendering/mouse_tracker.dart(32,31): error G7D2AEF3C: Type 'Matrix4' not found. [F:\kejapin\client\build\windows\x64\flutter\flutter_assemble.vcxproj]
/F:/apps/flutter_windows_3.32.5-stable/flutter/packages/flutter/lib/src/rendering/mouse_tracker.dart(33,33): error G7D2AEF3C: Type 'Matrix4' not found. [F:\kejapin\client\build\windows\x64\flutter\flutter_assemble.vcxproj]
/F:/apps/flutter_windows_3.32.5-stable/flutter/packages/flutter/lib/src/rendering/mouse_tracker.dart(92,37): error G7D2AEF3C: Type 'Matrix4' not found. [F:\kejapin\client\build\windows\x64\flutter\flutter_assemble.vcxproj]
/F:/apps/flutter_windows_3.32.5-stable/flutter/packages/flutter/lib/src/rendering/mouse_tracker.dart(97,37): error G7D2AEF3C: Type 'Matrix4' not found. [F:\kejapin\client\build\windows\x64\flutter\flutter_assemble.vcxproj]
/F:/apps/flutter_windows_3.32.5-stable/flutter/packages/flutter/lib/src/rendering/mouse_tracker.dart(231,31): error G7D2AEF3C: Type 'Matrix4' not found. [F:\kejapin\client\build\windows\x64\flutter\flutter_assemble.vcxproj]
/F:/apps/flutter_windows_3.32.5-stable/flutter/packages/flutter/lib/src/rendering/mouse_tracker.dart(247,31): error G7D2AEF3C: Type 'Matrix4' not found. [F:\kejapin\client\build\windows\x64\flutter\flutter_assemble.vcxproj]
/F:/apps/flutter_windows_3.32.5-stable/flutter/packages/flutter/lib/src/rendering/object.dart(787,5): error G7D2AEF3C: Type 'Matrix4' not found. [F:\kejapin\client\build\windows\x64\flutter\flutter_assemble.vcxproj]
/F:/apps/flutter_windows_3.32.5-stable/flutter/packages/flutter/lib/src/rendering/object.dart(3495,58): error G7D2AEF3C: Type 'Matrix4' not found. [F:\kejapin\client\build\windows\x64\flutter\flutter_assemble.vcxproj]
/F:/apps/flutter_windows_3.32.5-stable/flutter/packages/flutter/lib/src/rendering/object.dart(3542,3): error G7D2AEF3C: Type 'Matrix4' not found. [F:\kejapin\client\build\windows\x64\flutter\flutter_assemble.vcxproj]
/F:/apps/flutter_windows_3.32.5-stable/flutter/packages/flutter/lib/src/rendering/object.dart(6331,9): error G7D2AEF3C: Type 'Matrix4' not found. [F:\kejapin\client\build\windows\x64\flutter\flutter_assemble.vcxproj]
/F:/apps/flutter_windows_3.32.5-stable/flutter/packages/flutter/lib/src/rendering/object.dart(6485,16): error G7D2AEF3C: Type 'Matrix4' not found. [F:\kejapin\client\build\windows\x64\flutter\flutter_assemble.vcxproj]
/F:/apps/flutter_windows_3.32.5-stable/flutter/packages/flutter/lib/src/rendering/object.dart(6347,14): error G7D2AEF3C: Type 'Matrix4' not found. [F:\kejapin\client\build\windows\x64\flutter\flutter_assemble.vcxproj]
/F:/apps/flutter_windows_3.32.5-stable/flutter/packages/flutter/lib/src/rendering/object.dart(6468,43): error G7D2AEF3C: Type 'Matrix4' not found. [F:\kejapin\client\build\windows\x64\flutter\flutter_assemble.vcxproj]
/F:/apps/flutter_windows_3.32.5-stable/flutter/packages/flutter/lib/src/rendering/paragraph.dart(244,52): error G7D2AEF3C: Type 'Matrix4' not found. [F:\kejapin\client\build\windows\x64\flutter\flutter_assemble.vcxproj]
/F:/apps/flutter_windows_3.32.5-stable/flutter/packages/flutter/lib/src/rendering/paragraph.dart(974,45): error G7D2AEF3C: Type 'Matrix4' not found. [F:\kejapin\client\build\windows\x64\flutter\flutter_assemble.vcxproj]
/F:/apps/flutter_windows_3.32.5-stable/flutter/packages/flutter/lib/src/rendering/paragraph.dart(3455,3): error G7D2AEF3C: Type 'Matrix4' not found. [F:\kejapin\client\build\windows\x64\flutter\flutter_assemble.vcxproj]
/F:/apps/flutter_windows_3.32.5-stable/flutter/packages/flutter/lib/src/rendering/proxy_box.dart(132,48): error G7D2AEF3C: Type 'Matrix4' not found. [F:\kejapin\client\build\windows\x64\flutter\flutter_assemble.vcxproj]
/F:/apps/flutter_windows_3.32.5-stable/flutter/packages/flutter/lib/src/rendering/proxy_box.dart(2544,3): error G7D2AEF3C: Type 'Matrix4' not found. [F:\kejapin\client\build\windows\x64\flutter\flutter_assemble.vcxproj]
/F:/apps/flutter_windows_3.32.5-stable/flutter/packages/flutter/lib/src/rendering/proxy_box.dart(2465,14): error G7D2AEF3C: Type 'Matrix4' not found. [F:\kejapin\client\build\windows\x64\flutter\flutter_assemble.vcxproj]
/F:/apps/flutter_windows_3.32.5-stable/flutter/packages/flutter/lib/src/rendering/proxy_box.dart(2553,17): error G7D2AEF3C: Type 'Matrix4' not found. [F:\kejapin\client\build\windows\x64\flutter\flutter_assemble.vcxproj]
/F:/apps/flutter_windows_3.32.5-stable/flutter/packages/flutter/lib/src/rendering/proxy_box.dart(2621,3): error G7D2AEF3C: Type 'Matrix4' not found. [F:\kejapin\client\build\windows\x64\flutter\flutter_assemble.vcxproj]
/F:/apps/flutter_windows_3.32.5-stable/flutter/packages/flutter/lib/src/rendering/proxy_box.dart(2714,45): error G7D2AEF3C: Type 'Matrix4' not found. [F:\kejapin\client\build\windows\x64\flutter\flutter_assemble.vcxproj]
/F:/apps/flutter_windows_3.32.5-stable/flutter/packages/flutter/lib/src/rendering/proxy_box.dart(2869,3): error G7D2AEF3C: Type 'Matrix4' not found. [F:\kejapin\client\build\windows\x64\flutter\flutter_assemble.vcxproj]
/F:/apps/flutter_windows_3.32.5-stable/flutter/packages/flutter/lib/src/rendering/proxy_box.dart(2977,45): error G7D2AEF3C: Type 'Matrix4' not found. [F:\kejapin\client\build\windows\x64\flutter\flutter_assemble.vcxproj]
/F:/apps/flutter_windows_3.32.5-stable/flutter/packages/flutter/lib/src/rendering/proxy_box.dart(3071,45): error G7D2AEF3C: Type 'Matrix4' not found. [F:\kejapin\client\build\windows\x64\flutter\flutter_assemble.vcxproj]
/F:/apps/flutter_windows_3.32.5-stable/flutter/packages/flutter/lib/src/rendering/proxy_box.dart(4593,3): error G7D2AEF3C: Type 'Matrix4' not found. [F:\kejapin\client\build\windows\x64\flutter\flutter_assemble.vcxproj]
/F:/apps/flutter_windows_3.32.5-stable/flutter/packages/flutter/lib/src/rendering/proxy_box.dart(4666,45): error G7D2AEF3C: Type 'Matrix4' not found. [F:\kejapin\client\build\windows\x64\flutter\flutter_assemble.vcxproj]
/F:/apps/flutter_windows_3.32.5-stable/flutter/packages/flutter/lib/src/rendering/proxy_sliver.dart(96,48): error G7D2AEF3C: Type 'Matrix4' not found. [F:\kejapin\client\build\windows\x64\flutter\flutter_assemble.vcxproj]
/F:/apps/flutter_windows_3.32.5-stable/flutter/packages/flutter/lib/src/rendering/rotated_box.dart(75,3): error G7D2AEF3C: Type 'Matrix4' not found. [F:\kejapin\client\build\windows\x64\flutter\flutter_assemble.vcxproj]
/F:/apps/flutter_windows_3.32.5-stable/flutter/packages/flutter/lib/src/rendering/rotated_box.dart(145,45): error G7D2AEF3C: Type 'Matrix4' not found. [F:\kejapin\client\build\windows\x64\flutter\flutter_assemble.vcxproj]
/F:/apps/flutter_windows_3.32.5-stable/flutter/packages/flutter/lib/src/rendering/selection.dart(240,3): error G7D2AEF3C: Type 'Matrix4' not found. [F:\kejapin\client\build\windows\x64\flutter\flutter_assemble.vcxproj]
/F:/apps/flutter_windows_3.32.5-stable/flutter/packages/flutter/lib/src/rendering/sliver.dart(1137,28): error G7D2AEF3C: Type 'Matrix4' not found. [F:\kejapin\client\build\windows\x64\flutter\flutter_assemble.vcxproj]
/F:/apps/flutter_windows_3.32.5-stable/flutter/packages/flutter/lib/src/rendering/sliver.dart(1683,48): error G7D2AEF3C: Type 'Matrix4' not found. [F:\kejapin\client\build\windows\x64\flutter\flutter_assemble.vcxproj]
/F:/apps/flutter_windows_3.32.5-stable/flutter/packages/flutter/lib/src/rendering/sliver.dart(1910,56): error G7D2AEF3C: Type 'Matrix4' not found. [F:\kejapin\client\build\windows\x64\flutter\flutter_assemble.vcxproj]
/F:/apps/flutter_windows_3.32.5-stable/flutter/packages/flutter/lib/src/rendering/sliver.dart(2007,48): error G7D2AEF3C: Type 'Matrix4' not found. [F:\kejapin\client\build\windows\x64\flutter\flutter_assemble.vcxproj]
/F:/apps/flutter_windows_3.32.5-stable/flutter/packages/flutter/lib/src/rendering/sliver_group.dart(150,48): error G7D2AEF3C: Type 'Matrix4' not found. [F:\kejapin\client\build\windows\x64\flutter\flutter_assemble.vcxproj]
/F:/apps/flutter_windows_3.32.5-stable/flutter/packages/flutter/lib/src/rendering/sliver_group.dart(442,48): error G7D2AEF3C: Type 'Matrix4' not found. [F:\kejapin\client\build\windows\x64\flutter\flutter_assemble.vcxproj]
/F:/apps/flutter_windows_3.32.5-stable/flutter/packages/flutter/lib/src/rendering/sliver_multi_box_adaptor.dart(688,45): error G7D2AEF3C: Type 'Matrix4' not found. [F:\kejapin\client\build\windows\x64\flutter\flutter_assemble.vcxproj]
/F:/apps/flutter_windows_3.32.5-stable/flutter/packages/flutter/lib/src/rendering/sliver_padding.dart(261,48): error G7D2AEF3C: Type 'Matrix4' not found. [F:\kejapin\client\build\windows\x64\flutter\flutter_assemble.vcxproj]
/F:/apps/flutter_windows_3.32.5-stable/flutter/packages/flutter/lib/src/rendering/sliver_persistent_header.dart(306,48): error G7D2AEF3C: Type 'Matrix4' not found. [F:\kejapin\client\build\windows\x64\flutter\flutter_assemble.vcxproj]
/F:/apps/flutter_windows_3.32.5-stable/flutter/packages/flutter/lib/src/rendering/view.dart(72,3): error G7D2AEF3C: Type 'Matrix4' not found. [F:\kejapin\client\build\windows\x64\flutter\flutter_assemble.vcxproj]
/F:/apps/flutter_windows_3.32.5-stable/flutter/packages/flutter/lib/src/rendering/view.dart(267,3): error G7D2AEF3C: Type 'Matrix4' not found. [F:\kejapin\client\build\windows\x64\flutter\flutter_assemble.vcxproj]
/F:/apps/flutter_windows_3.32.5-stable/flutter/packages/flutter/lib/src/rendering/view.dart(336,45): error G7D2AEF3C: Type 'Matrix4' not found. [F:\kejapin\client\build\windows\x64\flutter\flutter_assemble.vcxproj]
/F:/apps/flutter_windows_3.32.5-stable/flutter/packages/flutter/lib/src/rendering/viewport.dart(1782,48): error G7D2AEF3C: Type 'Matrix4' not found. [F:\kejapin\client\build\windows\x64\flutter\flutter_assemble.vcxproj]
/F:/apps/flutter_windows_3.32.5-stable/flutter/packages/flutter/lib/src/rendering/viewport.dart(2086,48): error G7D2AEF3C: Type 'Matrix4' not found. [F:\kejapin\client\build\windows\x64\flutter\flutter_assemble.vcxproj]
/F:/apps/flutter_windows_3.32.5-stable/flutter/packages/flutter/lib/src/services/text_input.dart(1533,3): error G7D2AEF3C: Type 'Matrix4' not found. [F:\kejapin\client\build\windows\x64\flutter\flutter_assemble.vcxproj]
/F:/apps/flutter_windows_3.32.5-stable/flutter/packages/flutter/lib/src/services/text_input.dart(1606,58): error G7D2AEF3C: Type 'Matrix4' not found. [F:\kejapin\client\build\windows\x64\flutter\flutter_assemble.vcxproj]
/F:/apps/flutter_windows_3.32.5-stable/flutter/packages/flutter/lib/src/services/text_input.dart(2200,59): error G7D2AEF3C: Type 'Matrix4' not found. [F:\kejapin\client\build\windows\x64\flutter\flutter_assemble.vcxproj]
/F:/apps/flutter_windows_3.32.5-stable/flutter/packages/flutter/lib/src/services/text_input.dart(2405,58): error G7D2AEF3C: Type 'Matrix4' not found. [F:\kejapin\client\build\windows\x64\flutter\flutter_assemble.vcxproj]
/F:/apps/flutter_windows_3.32.5-stable/flutter/packages/flutter/lib/src/services/text_input.dart(2509,58): error G7D2AEF3C: Type 'Matrix4' not found. [F:\kejapin\client\build\windows\x64\flutter\flutter_assemble.vcxproj]
/F:/apps/flutter_windows_3.32.5-stable/flutter/packages/flutter/lib/src/gestures/events.dart(511,9): error G7D2AEF3C: Type 'Matrix4' not found. [F:\kejapin\client\build\windows\x64\flutter\flutter_assemble.vcxproj]
/F:/apps/flutter_windows_3.32.5-stable/flutter/packages/flutter/lib/src/gestures/events.dart(543,28): error G7D2AEF3C: Type 'Matrix4' not found. [F:\kejapin\client\build\windows\x64\flutter\flutter_assemble.vcxproj]
/F:/apps/flutter_windows_3.32.5-stable/flutter/packages/flutter/lib/src/gestures/events.dart(580,35): error G7D2AEF3C: Type 'Matrix4' not found. [F:\kejapin\client\build\windows\x64\flutter\flutter_assemble.vcxproj]
/F:/apps/flutter_windows_3.32.5-stable/flutter/packages/flutter/lib/src/gestures/events.dart(600,14): error G7D2AEF3C: Type 'Matrix4' not found. [F:\kejapin\client\build\windows\x64\flutter\flutter_assemble.vcxproj]
/F:/apps/flutter_windows_3.32.5-stable/flutter/packages/flutter/lib/src/gestures/events.dart(626,10): error G7D2AEF3C: Type 'Matrix4' not found. [F:\kejapin\client\build\windows\x64\flutter\flutter_assemble.vcxproj]
/F:/apps/flutter_windows_3.32.5-stable/flutter/packages/flutter/lib/src/gestures/events.dart(626,45): error G7D2AEF3C: Type 'Matrix4' not found. [F:\kejapin\client\build\windows\x64\flutter\flutter_assemble.vcxproj]
/F:/apps/flutter_windows_3.32.5-stable/flutter/packages/flutter/lib/src/gestures/events.dart(752,3): error G7D2AEF3C: Type 'Matrix4' not found. [F:\kejapin\client\build\windows\x64\flutter\flutter_assemble.vcxproj]
/F:/apps/flutter_windows_3.32.5-stable/flutter/packages/flutter/lib/src/gestures/events.dart(917,33): error G7D2AEF3C: Type 'Matrix4' not found. [F:\kejapin\client\build\windows\x64\flutter\flutter_assemble.vcxproj]
/F:/apps/flutter_windows_3.32.5-stable/flutter/packages/flutter/lib/src/gestures/events.dart(934,9): error G7D2AEF3C: Type 'Matrix4' not found. [F:\kejapin\client\build\windows\x64\flutter\flutter_assemble.vcxproj]
/F:/apps/flutter_windows_3.32.5-stable/flutter/packages/flutter/lib/src/gestures/events.dart(937,33): error G7D2AEF3C: Type 'Matrix4' not found. [F:\kejapin\client\build\windows\x64\flutter\flutter_assemble.vcxproj]
/F:/apps/flutter_windows_3.32.5-stable/flutter/packages/flutter/lib/src/gestures/events.dart(1009,35): error G7D2AEF3C: Type 'Matrix4' not found. [F:\kejapin\client\build\windows\x64\flutter\flutter_assemble.vcxproj]
/F:/apps/flutter_windows_3.32.5-stable/flutter/packages/flutter/lib/src/gestures/events.dart(1026,9): error G7D2AEF3C: Type 'Matrix4' not found. [F:\kejapin\client\build\windows\x64\flutter\flutter_assemble.vcxproj]
/F:/apps/flutter_windows_3.32.5-stable/flutter/packages/flutter/lib/src/gestures/events.dart(1029,35): error G7D2AEF3C: Type 'Matrix4' not found. [F:\kejapin\client\build\windows\x64\flutter\flutter_assemble.vcxproj]
/F:/apps/flutter_windows_3.32.5-stable/flutter/packages/flutter/lib/src/gestures/events.dart(1125,33): error G7D2AEF3C: Type 'Matrix4' not found. [F:\kejapin\client\build\windows\x64\flutter\flutter_assemble.vcxproj]
/F:/apps/flutter_windows_3.32.5-stable/flutter/packages/flutter/lib/src/gestures/events.dart(1142,9): error G7D2AEF3C: Type 'Matrix4' not found. [F:\kejapin\client\build\windows\x64\flutter\flutter_assemble.vcxproj]
/F:/apps/flutter_windows_3.32.5-stable/flutter/packages/flutter/lib/src/gestures/events.dart(1145,33): error G7D2AEF3C: Type 'Matrix4' not found. [F:\kejapin\client\build\windows\x64\flutter\flutter_assemble.vcxproj]
/F:/apps/flutter_windows_3.32.5-stable/flutter/packages/flutter/lib/src/gestures/events.dart(1273,33): error G7D2AEF3C: Type 'Matrix4' not found. [F:\kejapin\client\build\windows\x64\flutter\flutter_assemble.vcxproj]
/F:/apps/flutter_windows_3.32.5-stable/flutter/packages/flutter/lib/src/gestures/events.dart(1290,9): error G7D2AEF3C: Type 'Matrix4' not found. [F:\kejapin\client\build\windows\x64\flutter\flutter_assemble.vcxproj]
/F:/apps/flutter_windows_3.32.5-stable/flutter/packages/flutter/lib/src/gestures/events.dart(1293,33): error G7D2AEF3C: Type 'Matrix4' not found. [F:\kejapin\client\build\windows\x64\flutter\flutter_assemble.vcxproj]
/F:/apps/flutter_windows_3.32.5-stable/flutter/packages/flutter/lib/src/gestures/events.dart(1419,32): error G7D2AEF3C: Type 'Matrix4' not found. [F:\kejapin\client\build\windows\x64\flutter\flutter_assemble.vcxproj]
/F:/apps/flutter_windows_3.32.5-stable/flutter/packages/flutter/lib/src/gestures/events.dart(1436,9): error G7D2AEF3C: Type 'Matrix4' not found. [F:\kejapin\client\build\windows\x64\flutter\flutter_assemble.vcxproj]
/F:/apps/flutter_windows_3.32.5-stable/flutter/packages/flutter/lib/src/gestures/events.dart(1439,32): error G7D2AEF3C: Type 'Matrix4' not found. [F:\kejapin\client\build\windows\x64\flutter\flutter_assemble.vcxproj]
/F:/apps/flutter_windows_3.32.5-stable/flutter/packages/flutter/lib/src/gestures/events.dart(1527,32): error G7D2AEF3C: Type 'Matrix4' not found. [F:\kejapin\client\build\windows\x64\flutter\flutter_assemble.vcxproj]
/F:/apps/flutter_windows_3.32.5-stable/flutter/packages/flutter/lib/src/gestures/events.dart(1544,9): error G7D2AEF3C: Type 'Matrix4' not found. [F:\kejapin\client\build\windows\x64\flutter\flutter_assemble.vcxproj]
/F:/apps/flutter_windows_3.32.5-stable/flutter/packages/flutter/lib/src/gestures/events.dart(1547,32): error G7D2AEF3C: Type 'Matrix4' not found. [F:\kejapin\client\build\windows\x64\flutter\flutter_assemble.vcxproj]
/F:/apps/flutter_windows_3.32.5-stable/flutter/packages/flutter/lib/src/gestures/events.dart(1643,32): error G7D2AEF3C: Type 'Matrix4' not found. [F:\kejapin\client\build\windows\x64\flutter\flutter_assemble.vcxproj]
/F:/apps/flutter_windows_3.32.5-stable/flutter/packages/flutter/lib/src/gestures/events.dart(1661,9): error G7D2AEF3C: Type 'Matrix4' not found. [F:\kejapin\client\build\windows\x64\flutter\flutter_assemble.vcxproj]
/F:/apps/flutter_windows_3.32.5-stable/flutter/packages/flutter/lib/src/gestures/events.dart(1664,32): error G7D2AEF3C: Type 'Matrix4' not found. [F:\kejapin\client\build\windows\x64\flutter\flutter_assemble.vcxproj]
/F:/apps/flutter_windows_3.32.5-stable/flutter/packages/flutter/lib/src/gestures/events.dart(1757,30): error G7D2AEF3C: Type 'Matrix4' not found. [F:\kejapin\client\build\windows\x64\flutter\flutter_assemble.vcxproj]
/F:/apps/flutter_windows_3.32.5-stable/flutter/packages/flutter/lib/src/gestures/events.dart(1774,9): error G7D2AEF3C: Type 'Matrix4' not found. [F:\kejapin\client\build\windows\x64\flutter\flutter_assemble.vcxproj]
/F:/apps/flutter_windows_3.32.5-stable/flutter/packages/flutter/lib/src/gestures/events.dart(1777,30): error G7D2AEF3C: Type 'Matrix4' not found. [F:\kejapin\client\build\windows\x64\flutter\flutter_assemble.vcxproj]
/F:/apps/flutter_windows_3.32.5-stable/flutter/packages/flutter/lib/src/gestures/events.dart(1898,34): error G7D2AEF3C: Type 'Matrix4' not found. [F:\kejapin\client\build\windows\x64\flutter\flutter_assemble.vcxproj]
/F:/apps/flutter_windows_3.32.5-stable/flutter/packages/flutter/lib/src/gestures/events.dart(1928,9): error G7D2AEF3C: Type 'Matrix4' not found. [F:\kejapin\client\build\windows\x64\flutter\flutter_assemble.vcxproj]
/F:/apps/flutter_windows_3.32.5-stable/flutter/packages/flutter/lib/src/gestures/events.dart(1934,34): error G7D2AEF3C: Type 'Matrix4' not found. [F:\kejapin\client\build\windows\x64\flutter\flutter_assemble.vcxproj]
/F:/apps/flutter_windows_3.32.5-stable/flutter/packages/flutter/lib/src/gestures/events.dart(2013,47): error G7D2AEF3C: Type 'Matrix4' not found. [F:\kejapin\client\build\windows\x64\flutter\flutter_assemble.vcxproj]
/F:/apps/flutter_windows_3.32.5-stable/flutter/packages/flutter/lib/src/gestures/events.dart(2033,9): error G7D2AEF3C: Type 'Matrix4' not found. [F:\kejapin\client\build\windows\x64\flutter\flutter_assemble.vcxproj]
/F:/apps/flutter_windows_3.32.5-stable/flutter/packages/flutter/lib/src/gestures/events.dart(2036,47): error G7D2AEF3C: Type 'Matrix4' not found. [F:\kejapin\client\build\windows\x64\flutter\flutter_assemble.vcxproj]
/F:/apps/flutter_windows_3.32.5-stable/flutter/packages/flutter/lib/src/gestures/events.dart(2111,33): error G7D2AEF3C: Type 'Matrix4' not found. [F:\kejapin\client\build\windows\x64\flutter\flutter_assemble.vcxproj]
/F:/apps/flutter_windows_3.32.5-stable/flutter/packages/flutter/lib/src/gestures/events.dart(2128,9): error G7D2AEF3C: Type 'Matrix4' not found. [F:\kejapin\client\build\windows\x64\flutter\flutter_assemble.vcxproj]
/F:/apps/flutter_windows_3.32.5-stable/flutter/packages/flutter/lib/src/gestures/events.dart(2134,33): error G7D2AEF3C: Type 'Matrix4' not found. [F:\kejapin\client\build\windows\x64\flutter\flutter_assemble.vcxproj]
/F:/apps/flutter_windows_3.32.5-stable/flutter/packages/flutter/lib/src/gestures/events.dart(2195,40): error G7D2AEF3C: Type 'Matrix4' not found. [F:\kejapin\client\build\windows\x64\flutter\flutter_assemble.vcxproj]
/F:/apps/flutter_windows_3.32.5-stable/flutter/packages/flutter/lib/src/gestures/events.dart(2215,9): error G7D2AEF3C: Type 'Matrix4' not found. [F:\kejapin\client\build\windows\x64\flutter\flutter_assemble.vcxproj]
/F:/apps/flutter_windows_3.32.5-stable/flutter/packages/flutter/lib/src/gestures/events.dart(2218,40): error G7D2AEF3C: Type 'Matrix4' not found. [F:\kejapin\client\build\windows\x64\flutter\flutter_assemble.vcxproj]
/F:/apps/flutter_windows_3.32.5-stable/flutter/packages/flutter/lib/src/gestures/events.dart(2324,41): error G7D2AEF3C: Type 'Matrix4' not found. [F:\kejapin\client\build\windows\x64\flutter\flutter_assemble.vcxproj]
/F:/apps/flutter_windows_3.32.5-stable/flutter/packages/flutter/lib/src/gestures/events.dart(2367,9): error G7D2AEF3C: Type 'Matrix4' not found. [F:\kejapin\client\build\windows\x64\flutter\flutter_assemble.vcxproj]
/F:/apps/flutter_windows_3.32.5-stable/flutter/packages/flutter/lib/src/gestures/events.dart(2370,41): error G7D2AEF3C: Type 'Matrix4' not found. [F:\kejapin\client\build\windows\x64\flutter\flutter_assemble.vcxproj]
/F:/apps/flutter_windows_3.32.5-stable/flutter/packages/flutter/lib/src/gestures/events.dart(2431,38): error G7D2AEF3C: Type 'Matrix4' not found. [F:\kejapin\client\build\windows\x64\flutter\flutter_assemble.vcxproj]
/F:/apps/flutter_windows_3.32.5-stable/flutter/packages/flutter/lib/src/gestures/events.dart(2451,9): error G7D2AEF3C: Type 'Matrix4' not found. [F:\kejapin\client\build\windows\x64\flutter\flutter_assemble.vcxproj]
/F:/apps/flutter_windows_3.32.5-stable/flutter/packages/flutter/lib/src/gestures/events.dart(2454,38): error G7D2AEF3C: Type 'Matrix4' not found. [F:\kejapin\client\build\windows\x64\flutter\flutter_assemble.vcxproj]
/F:/apps/flutter_windows_3.32.5-stable/flutter/packages/flutter/lib/src/gestures/events.dart(2543,34): error G7D2AEF3C: Type 'Matrix4' not found. [F:\kejapin\client\build\windows\x64\flutter\flutter_assemble.vcxproj]
/F:/apps/flutter_windows_3.32.5-stable/flutter/packages/flutter/lib/src/gestures/events.dart(2602,9): error G7D2AEF3C: Type 'Matrix4' not found. [F:\kejapin\client\build\windows\x64\flutter\flutter_assemble.vcxproj]
/F:/apps/flutter_windows_3.32.5-stable/flutter/packages/flutter/lib/src/gestures/events.dart(2605,34): error G7D2AEF3C: Type 'Matrix4' not found. [F:\kejapin\client\build\windows\x64\flutter\flutter_assemble.vcxproj]
/F:/apps/flutter_windows_3.32.5-stable/flutter/packages/flutter/lib/src/gestures/hit_test.dart(69,3): error G7D2AEF3C: Type 'Matrix4' not found. [F:\kejapin\client\build\windows\x64\flutter\flutter_assemble.vcxproj]
/F:/apps/flutter_windows_3.32.5-stable/flutter/packages/flutter/lib/src/gestures/hit_test.dart(68,3): error G7D2AEF3C: Type 'Matrix4' not found. [F:\kejapin\client\build\windows\x64\flutter\flutter_assemble.vcxproj]
/F:/apps/flutter_windows_3.32.5-stable/flutter/packages/flutter/lib/src/gestures/hit_test.dart(85,3): error G7D2AEF3C: Type 'Matrix4' not found. [F:\kejapin\client\build\windows\x64\flutter\flutter_assemble.vcxproj]
/F:/apps/flutter_windows_3.32.5-stable/flutter/packages/flutter/lib/src/gestures/hit_test.dart(85,20): error G7D2AEF3C: Type 'Matrix4' not found. [F:\kejapin\client\build\windows\x64\flutter\flutter_assemble.vcxproj]
/F:/apps/flutter_windows_3.32.5-stable/flutter/packages/flutter/lib/src/gestures/hit_test.dart(91,9): error G7D2AEF3C: Type 'Matrix4' not found. [F:\kejapin\client\build\windows\x64\flutter\flutter_assemble.vcxproj]
/F:/apps/flutter_windows_3.32.5-stable/flutter/packages/flutter/lib/src/gestures/hit_test.dart(94,3): error G7D2AEF3C: Type 'Matrix4' not found. [F:\kejapin\client\build\windows\x64\flutter\flutter_assemble.vcxproj]
/F:/apps/flutter_windows_3.32.5-stable/flutter/packages/flutter/lib/src/gestures/hit_test.dart(94,20): error G7D2AEF3C: Type 'Matrix4' not found. [F:\kejapin\client\build\windows\x64\flutter\flutter_assemble.vcxproj]
/F:/apps/flutter_windows_3.32.5-stable/flutter/packages/flutter/lib/src/gestures/hit_test.dart(105,3): error G7D2AEF3C: Type 'Matrix4' not found. [F:\kejapin\client\build\windows\x64\flutter\flutter_assemble.vcxproj]
/F:/apps/flutter_windows_3.32.5-stable/flutter/packages/flutter/lib/src/gestures/hit_test.dart(105,20): error G7D2AEF3C: Type 'Matrix4' not found. [F:\kejapin\client\build\windows\x64\flutter\flutter_assemble.vcxproj]
/F:/apps/flutter_windows_3.32.5-stable/flutter/packages/flutter/lib/src/gestures/hit_test.dart(149,14): error G7D2AEF3C: Type 'Matrix4' not found. [F:\kejapin\client\build\windows\x64\flutter\flutter_assemble.vcxproj]
/F:/apps/flutter_windows_3.32.5-stable/flutter/packages/flutter/lib/src/gestures/hit_test.dart(166,3): error G7D2AEF3C: Type 'Matrix4' not found. [F:\kejapin\client\build\windows\x64\flutter\flutter_assemble.vcxproj]
/F:/apps/flutter_windows_3.32.5-stable/flutter/packages/flutter/lib/src/gestures/hit_test.dart(212,22): error G7D2AEF3C: Type 'Matrix4' not found. [F:\kejapin\client\build\windows\x64\flutter\flutter_assemble.vcxproj]
/F:/apps/flutter_windows_3.32.5-stable/flutter/packages/flutter/lib/src/gestures/hit_test.dart(279,5): error G7D2AEF3C: Type 'Vector4' not found. [F:\kejapin\client\build\windows\x64\flutter\flutter_assemble.vcxproj]
/F:/apps/flutter_windows_3.32.5-stable/flutter/packages/flutter/lib/src/gestures/hit_test.dart(280,5): error G7D2AEF3C: Type 'Vector4' not found. [F:\kejapin\client\build\windows\x64\flutter\flutter_assemble.vcxproj]
/F:/apps/flutter_windows_3.32.5-stable/flutter/packages/flutter/lib/src/gestures/monodrag.dart(324,3): error G7D2AEF3C: Type 'Matrix4' not found. [F:\kejapin\client\build\windows\x64\flutter\flutter_assemble.vcxproj]
/F:/apps/flutter_windows_3.32.5-stable/flutter/packages/flutter/lib/src/gestures/multitap.dart(88,49): error G7D2AEF3C: Type 'Matrix4' not found. [F:\kejapin\client\build\windows\x64\flutter\flutter_assemble.vcxproj]
/F:/apps/flutter_windows_3.32.5-stable/flutter/packages/flutter/lib/src/gestures/pointer_router.dart(18,36): error G7D2AEF3C: Type 'Matrix4' not found. [F:\kejapin\client\build\windows\x64\flutter\flutter_assemble.vcxproj]
/F:/apps/flutter_windows_3.32.5-stable/flutter/packages/flutter/lib/src/gestures/pointer_router.dart(19,27): error G7D2AEF3C: Type 'Matrix4' not found. [F:\kejapin\client\build\windows\x64\flutter\flutter_assemble.vcxproj]
/F:/apps/flutter_windows_3.32.5-stable/flutter/packages/flutter/lib/src/gestures/pointer_router.dart(28,51): error G7D2AEF3C: Type 'Matrix4' not found. [F:\kejapin\client\build\windows\x64\flutter\flutter_assemble.vcxproj]
/F:/apps/flutter_windows_3.32.5-stable/flutter/packages/flutter/lib/src/gestures/pointer_router.dart(60,44): error G7D2AEF3C: Type 'Matrix4' not found. [F:\kejapin\client\build\windows\x64\flutter\flutter_assemble.vcxproj]
/F:/apps/flutter_windows_3.32.5-stable/flutter/packages/flutter/lib/src/gestures/pointer_router.dart(94,58): error G7D2AEF3C: Type 'Matrix4' not found. [F:\kejapin\client\build\windows\x64\flutter\flutter_assemble.vcxproj]
/F:/apps/flutter_windows_3.32.5-stable/flutter/packages/flutter/lib/src/gestures/pointer_router.dart(137,23): error G7D2AEF3C: Type 'Matrix4' not found. [F:\kejapin\client\build\windows\x64\flutter\flutter_assemble.vcxproj]
/F:/apps/flutter_windows_3.32.5-stable/flutter/packages/flutter/lib/src/gestures/pointer_router.dart(138,23): error G7D2AEF3C: Type 'Matrix4' not found. [F:\kejapin\client\build\windows\x64\flutter\flutter_assemble.vcxproj]
/F:/apps/flutter_windows_3.32.5-stable/flutter/packages/flutter/lib/src/gestures/recognizer.dart(519,43): error G7D2AEF3C: Type 'Matrix4' not found. [F:\kejapin\client\build\windows\x64\flutter\flutter_assemble.vcxproj]
/F:/apps/flutter_windows_3.32.5-stable/flutter/packages/flutter/lib/src/gestures/scale.dart(401,3): error G7D2AEF3C: Type 'Matrix4' not found. [F:\kejapin\client\build\windows\x64\flutter\flutter_assemble.vcxproj]
/F:/apps/flutter_windows_3.32.5-stable/flutter/packages/flutter/lib/src/gestures/tap.dart(303,43): error G7D2AEF3C: Type 'Matrix4' not found. [F:\kejapin\client\build\windows\x64\flutter\flutter_assemble.vcxproj]
/F:/apps/flutter_windows_3.32.5-stable/flutter/packages/flutter/lib/src/painting/gradient.dart(87,3): error G7D2AEF3C: Type 'Matrix4' not found. [F:\kejapin\client\build\windows\x64\flutter\flutter_assemble.vcxproj]
/F:/apps/flutter_windows_3.32.5-stable/flutter/packages/flutter/lib/src/painting/gradient.dart(115,3): error G7D2AEF3C: Type 'Matrix4' not found. [F:\kejapin\client\build\windows\x64\flutter\flutter_assemble.vcxproj]
/F:/apps/flutter_windows_3.32.5-stable/flutter/packages/flutter/lib/src/painting/matrix_utils.dart(19,35): error G7D2AEF3C: Type 'Matrix4' not found. [F:\kejapin\client\build\windows\x64\flutter\flutter_assemble.vcxproj]
/F:/apps/flutter_windows_3.32.5-stable/flutter/packages/flutter/lib/src/painting/matrix_utils.dart(49,29): error G7D2AEF3C: Type 'Matrix4' not found. [F:\kejapin\client\build\windows\x64\flutter\flutter_assemble.vcxproj]
/F:/apps/flutter_windows_3.32.5-stable/flutter/packages/flutter/lib/src/painting/matrix_utils.dart(77,28): error G7D2AEF3C: Type 'Matrix4' not found. [F:\kejapin\client\build\windows\x64\flutter\flutter_assemble.vcxproj]
/F:/apps/flutter_windows_3.32.5-stable/flutter/packages/flutter/lib/src/painting/matrix_utils.dart(77,40): error G7D2AEF3C: Type 'Matrix4' not found. [F:\kejapin\client\build\windows\x64\flutter\flutter_assemble.vcxproj]
/F:/apps/flutter_windows_3.32.5-stable/flutter/packages/flutter/lib/src/painting/matrix_utils.dart(107,26): error G7D2AEF3C: Type 'Matrix4' not found. [F:\kejapin\client\build\windows\x64\flutter\flutter_assemble.vcxproj]
/F:/apps/flutter_windows_3.32.5-stable/flutter/packages/flutter/lib/src/painting/matrix_utils.dart(145,32): error G7D2AEF3C: Type 'Matrix4' not found. [F:\kejapin\client\build\windows\x64\flutter\flutter_assemble.vcxproj]
/F:/apps/flutter_windows_3.32.5-stable/flutter/packages/flutter/lib/src/painting/matrix_utils.dart(170,34): error G7D2AEF3C: Type 'Matrix4' not found. [F:\kejapin\client\build\windows\x64\flutter\flutter_assemble.vcxproj]
/F:/apps/flutter_windows_3.32.5-stable/flutter/packages/flutter/lib/src/painting/matrix_utils.dart(212,29): error G7D2AEF3C: Type 'Matrix4' not found. [F:\kejapin\client\build\windows\x64\flutter\flutter_assemble.vcxproj]
/F:/apps/flutter_windows_3.32.5-stable/flutter/packages/flutter/lib/src/painting/matrix_utils.dart(448,36): error G7D2AEF3C: Type 'Matrix4' not found. [F:\kejapin\client\build\windows\x64\flutter\flutter_assemble.vcxproj]
/F:/apps/flutter_windows_3.32.5-stable/flutter/packages/flutter/lib/src/painting/matrix_utils.dart(492,10): error G7D2AEF3C: Type 'Matrix4' not found. [F:\kejapin\client\build\windows\x64\flutter\flutter_assemble.vcxproj]
/F:/apps/flutter_windows_3.32.5-stable/flutter/packages/flutter/lib/src/painting/matrix_utils.dart(538,10): error G7D2AEF3C: Type 'Matrix4' not found. [F:\kejapin\client\build\windows\x64\flutter\flutter_assemble.vcxproj]
/F:/apps/flutter_windows_3.32.5-stable/flutter/packages/flutter/lib/src/painting/matrix_utils.dart(549,37): error G7D2AEF3C: Type 'Matrix4' not found. [F:\kejapin\client\build\windows\x64\flutter\flutter_assemble.vcxproj]
/F:/apps/flutter_windows_3.32.5-stable/flutter/packages/flutter/lib/src/painting/matrix_utils.dart(562,53): error G7D2AEF3C: Type 'Matrix4' not found. [F:\kejapin\client\build\windows\x64\flutter\flutter_assemble.vcxproj]
/C:/Users/kbrian/AppData/Local/Pub/Cache/hosted/pub.dev/google_fonts-7.1.0/lib/src/google_fonts_base.dart(37,1): error G7D2AEF3C: Type 'http.Client' not found. [F:\kejapin\client\build\windows\x64\flutter\flutter_assemble.vcxproj]
/F:/apps/flutter_windows_3.32.5-stable/flutter/packages/flutter/lib/src/semantics/semantics.dart(1220,9): error G7D2AEF3C: Type 'Matrix4' not found. [F:\kejapin\client\build\windows\x64\flutter\flutter_assemble.vcxproj]
/F:/apps/flutter_windows_3.32.5-stable/flutter/packages/flutter/lib/src/semantics/semantics.dart(2578,3): error G7D2AEF3C: Type 'Matrix4' not found. [F:\kejapin\client\build\windows\x64\flutter\flutter_assemble.vcxproj]
/F:/apps/flutter_windows_3.32.5-stable/flutter/packages/flutter/lib/src/semantics/semantics.dart(2577,3): error G7D2AEF3C: Type 'Matrix4' not found. [F:\kejapin\client\build\windows\x64\flutter\flutter_assemble.vcxproj]
/F:/apps/flutter_windows_3.32.5-stable/flutter/packages/flutter/lib/src/semantics/semantics.dart(2579,17): error G7D2AEF3C: Type 'Matrix4' not found. [F:\kejapin\client\build\windows\x64\flutter\flutter_assemble.vcxproj]
/F:/apps/flutter_windows_3.32.5-stable/flutter/packages/flutter/lib/src/widgets/basic.dart(1598,20): error GA0A3EB9C: Undefined name 'Matrix4'. [F:\kejapin\client\build\windows\x64\flutter\flutter_assemble.vcxproj]
/F:/apps/flutter_windows_3.32.5-stable/flutter/packages/flutter/lib/src/widgets/basic.dart(1658,20): error GA0A3EB9C: Undefined name 'Matrix4'. [F:\kejapin\client\build\windows\x64\flutter\flutter_assemble.vcxproj]
/F:/apps/flutter_windows_3.32.5-stable/flutter/packages/flutter/lib/src/widgets/basic.dart(1688,20): error GA0A3EB9C: Undefined name 'Matrix4'. [F:\kejapin\client\build\windows\x64\flutter\flutter_assemble.vcxproj]
/C:/Users/kbrian/AppData/Local/Pub/Cache/hosted/pub.dev/shared_preferences-2.5.4/lib/src/shared_preferences_async.dart(22,46): error G8DF93418: Couldn't find constructor 'SharedPreferencesOptions'. [F:\kejapin\client\build\windows\x64\flutter\flutter_assemble.vcxproj]
lib/features/auth/presentation/splash_screen.dart(22,32): error G76A9B1F6: The method 'AuthRepository' isn't defined for the type '_SplashScreenState'. [F:\kejapin\client\build\windows\x64\flutter\flutter_assemble.vcxproj]
lib/features/auth/data/auth_repository.dart(9,35): error GB1B8BC88: Method not found: 'post'. [F:\kejapin\client\build\windows\x64\flutter\flutter_assemble.vcxproj]
lib/features/auth/data/auth_repository.dart(32,35): error GB1B8BC88: Method not found: 'post'. [F:\kejapin\client\build\windows\x64\flutter\flutter_assemble.vcxproj]
/F:/apps/flutter_windows_3.32.5-stable/flutter/packages/flutter/lib/src/material/bottom_navigation_bar.dart(732,20): error GD65BB2B6: The getter 'Matrix4' isn't defined for the type '_Label'. [F:\kejapin\client\build\windows\x64\flutter\flutter_assemble.vcxproj]
/F:/apps/flutter_windows_3.32.5-stable/flutter/packages/flutter/lib/src/material/bottom_navigation_bar.dart(733,11): error GD65BB2B6: The getter 'Vector3' isn't defined for the type '_Label'. [F:\kejapin\client\build\windows\x64\flutter\flutter_assemble.vcxproj]
/F:/apps/flutter_windows_3.32.5-stable/flutter/packages/flutter/lib/src/material/color_scheme.dart(376,11): error G30C4E04F: 'DynamicScheme' isn't a type. [F:\kejapin\client\build\windows\x64\flutter\flutter_assemble.vcxproj]
/F:/apps/flutter_windows_3.32.5-stable/flutter/packages/flutter/lib/src/material/color_scheme.dart(384,33): error GA0A3EB9C: Undefined name 'MaterialDynamicColors'. [F:\kejapin\client\build\windows\x64\flutter\flutter_assemble.vcxproj]
/F:/apps/flutter_windows_3.32.5-stable/flutter/packages/flutter/lib/src/material/color_scheme.dart(385,37): error GA0A3EB9C: Undefined name 'MaterialDynamicColors'. [F:\kejapin\client\build\windows\x64\flutter\flutter_assemble.vcxproj]
/F:/apps/flutter_windows_3.32.5-stable/flutter/packages/flutter/lib/src/material/color_scheme.dart(387,37): error GA0A3EB9C: Undefined name 'MaterialDynamicColors'. [F:\kejapin\client\build\windows\x64\flutter\flutter_assemble.vcxproj]
/F:/apps/flutter_windows_3.32.5-stable/flutter/packages/flutter/lib/src/material/color_scheme.dart(389,39): error GA0A3EB9C: Undefined name 'MaterialDynamicColors'. [F:\kejapin\client\build\windows\x64\flutter\flutter_assemble.vcxproj]
/F:/apps/flutter_windows_3.32.5-stable/flutter/packages/flutter/lib/src/material/color_scheme.dart(390,43): error GA0A3EB9C: Undefined name 'MaterialDynamicColors'. [F:\kejapin\client\build\windows\x64\flutter\flutter_assemble.vcxproj]
/F:/apps/flutter_windows_3.32.5-stable/flutter/packages/flutter/lib/src/material/color_scheme.dart(392,36): error GA0A3EB9C: Undefined name 'MaterialDynamicColors'. [F:\kejapin\client\build\windows\x64\flutter\flutter_assemble.vcxproj]
/F:/apps/flutter_windows_3.32.5-stable/flutter/packages/flutter/lib/src/material/color_scheme.dart(393,47): error GA0A3EB9C: Undefined name 'MaterialDynamicColors'. [F:\kejapin\client\build\windows\x64\flutter\flutter_assemble.vcxproj]
/F:/apps/flutter_windows_3.32.5-stable/flutter/packages/flutter/lib/src/material/color_scheme.dart(396,17): error GA0A3EB9C: Undefined name 'MaterialDynamicColors'. [F:\kejapin\client\build\windows\x64\flutter\flutter_assemble.vcxproj]
/F:/apps/flutter_windows_3.32.5-stable/flutter/packages/flutter/lib/src/material/color_scheme.dart(397,37): error GA0A3EB9C: Undefined name 'MaterialDynamicColors'. [F:\kejapin\client\build\windows\x64\flutter\flutter_assemble.vcxproj]
/F:/apps/flutter_windows_3.32.5-stable/flutter/packages/flutter/lib/src/material/color_scheme.dart(398,41): error GA0A3EB9C: Undefined name 'MaterialDynamicColors'. [F:\kejapin\client\build\windows\x64\flutter\flutter_assemble.vcxproj]
/F:/apps/flutter_windows_3.32.5-stable/flutter/packages/flutter/lib/src/material/color_scheme.dart(400,39): error GA0A3EB9C: Undefined name 'MaterialDynamicColors'. [F:\kejapin\client\build\windows\x64\flutter\flutter_assemble.vcxproj]
/F:/apps/flutter_windows_3.32.5-stable/flutter/packages/flutter/lib/src/material/color_scheme.dart(402,41): error GA0A3EB9C: Undefined name 'MaterialDynamicColors'. [F:\kejapin\client\build\windows\x64\flutter\flutter_assemble.vcxproj]
/F:/apps/flutter_windows_3.32.5-stable/flutter/packages/flutter/lib/src/material/color_scheme.dart(403,47): error GA0A3EB9C: Undefined name 'MaterialDynamicColors'. [F:\kejapin\client\build\windows\x64\flutter\flutter_assemble.vcxproj]
/F:/apps/flutter_windows_3.32.5-stable/flutter/packages/flutter/lib/src/material/color_scheme.dart(405,38): error GA0A3EB9C: Undefined name 'MaterialDynamicColors'. [F:\kejapin\client\build\windows\x64\flutter\flutter_assemble.vcxproj]
/F:/apps/flutter_windows_3.32.5-stable/flutter/packages/flutter/lib/src/material/color_scheme.dart(407,37): error GA0A3EB9C: Undefined name 'MaterialDynamicColors'. [F:\kejapin\client\build\windows\x64\flutter\flutter_assemble.vcxproj]
/F:/apps/flutter_windows_3.32.5-stable/flutter/packages/flutter/lib/src/material/color_scheme.dart(410,17): error GA0A3EB9C: Undefined name 'MaterialDynamicColors'. [F:\kejapin\client\build\windows\x64\flutter\flutter_assemble.vcxproj]
/F:/apps/flutter_windows_3.32.5-stable/flutter/packages/flutter/lib/src/material/color_scheme.dart(411,35): error GA0A3EB9C: Undefined name 'MaterialDynamicColors'. [F:\kejapin\client\build\windows\x64\flutter\flutter_assemble.vcxproj]
/F:/apps/flutter_windows_3.32.5-stable/flutter/packages/flutter/lib/src/material/color_scheme.dart(412,39): error GA0A3EB9C: Undefined name 'MaterialDynamicColors'. [F:\kejapin\client\build\windows\x64\flutter\flutter_assemble.vcxproj]
/F:/apps/flutter_windows_3.32.5-stable/flutter/packages/flutter/lib/src/material/color_scheme.dart(414,38): error GA0A3EB9C: Undefined name 'MaterialDynamicColors'. [F:\kejapin\client\build\windows\x64\flutter\flutter_assemble.vcxproj]
/F:/apps/flutter_windows_3.32.5-stable/flutter/packages/flutter/lib/src/material/color_scheme.dart(416,40): error GA0A3EB9C: Undefined name 'MaterialDynamicColors'. [F:\kejapin\client\build\windows\x64\flutter\flutter_assemble.vcxproj]
/F:/apps/flutter_windows_3.32.5-stable/flutter/packages/flutter/lib/src/material/color_scheme.dart(417,45): error GA0A3EB9C: Undefined name 'MaterialDynamicColors'. [F:\kejapin\client\build\windows\x64\flutter\flutter_assemble.vcxproj]
/F:/apps/flutter_windows_3.32.5-stable/flutter/packages/flutter/lib/src/material/color_scheme.dart(419,37): error GA0A3EB9C: Undefined name 'MaterialDynamicColors'. [F:\kejapin\client\build\windows\x64\flutter\flutter_assemble.vcxproj]
/F:/apps/flutter_windows_3.32.5-stable/flutter/packages/flutter/lib/src/material/color_scheme.dart(421,36): error GA0A3EB9C: Undefined name 'MaterialDynamicColors'. [F:\kejapin\client\build\windows\x64\flutter\flutter_assemble.vcxproj]
/F:/apps/flutter_windows_3.32.5-stable/flutter/packages/flutter/lib/src/material/color_scheme.dart(424,17): error GA0A3EB9C: Undefined name 'MaterialDynamicColors'. [F:\kejapin\client\build\windows\x64\flutter\flutter_assemble.vcxproj]
/F:/apps/flutter_windows_3.32.5-stable/flutter/packages/flutter/lib/src/material/color_scheme.dart(425,29): error GA0A3EB9C: Undefined name 'MaterialDynamicColors'. [F:\kejapin\client\build\windows\x64\flutter\flutter_assemble.vcxproj]
CUSTOMBUILD : error : error ?? Color(MaterialDynamicColors.error.getArgb(scheme)), [F:\kejapin\client\build\windows\x64\flutter\flutter_assemble.vcxproj]
/F:/apps/flutter_windows_3.32.5-stable/flutter/packages/flutter/lib/src/material/color_scheme.dart(426,33): error GA0A3EB9C: Undefined name 'MaterialDynamicColors'. [F:\kejapin\client\build\windows\x64\flutter\flutter_assemble.vcxproj]
/F:/apps/flutter_windows_3.32.5-stable/flutter/packages/flutter/lib/src/material/color_scheme.dart(427,47): error GA0A3EB9C: Undefined name 'MaterialDynamicColors'. [F:\kejapin\client\build\windows\x64\flutter\flutter_assemble.vcxproj]
/F:/apps/flutter_windows_3.32.5-stable/flutter/packages/flutter/lib/src/material/color_scheme.dart(429,37): error GA0A3EB9C: Undefined name 'MaterialDynamicColors'. [F:\kejapin\client\build\windows\x64\flutter\flutter_assemble.vcxproj]
/F:/apps/flutter_windows_3.32.5-stable/flutter/packages/flutter/lib/src/material/color_scheme.dart(430,33): error GA0A3EB9C: Undefined name 'MaterialDynamicColors'. [F:\kejapin\client\build\windows\x64\flutter\flutter_assemble.vcxproj]
/F:/apps/flutter_windows_3.32.5-stable/flutter/packages/flutter/lib/src/material/color_scheme.dart(431,47): error GA0A3EB9C: Undefined name 'MaterialDynamicColors'. [F:\kejapin\client\build\windows\x64\flutter\flutter_assemble.vcxproj]
/F:/apps/flutter_windows_3.32.5-stable/flutter/packages/flutter/lib/src/material/color_scheme.dart(432,33): error GA0A3EB9C: Undefined name 'MaterialDynamicColors'. [F:\kejapin\client\build\windows\x64\flutter\flutter_assemble.vcxproj]
/F:/apps/flutter_windows_3.32.5-stable/flutter/packages/flutter/lib/src/material/color_scheme.dart(433,39): error GA0A3EB9C: Undefined name 'MaterialDynamicColors'. [F:\kejapin\client\build\windows\x64\flutter\flutter_assemble.vcxproj]
/F:/apps/flutter_windows_3.32.5-stable/flutter/packages/flutter/lib/src/material/color_scheme.dart(434,45): error GA0A3EB9C: Undefined name 'MaterialDynamicColors'. [F:\kejapin\client\build\windows\x64\flutter\flutter_assemble.vcxproj]
/F:/apps/flutter_windows_3.32.5-stable/flutter/packages/flutter/lib/src/material/color_scheme.dart(437,17): error GA0A3EB9C: Undefined name 'MaterialDynamicColors'. [F:\kejapin\client\build\windows\x64\flutter\flutter_assemble.vcxproj]
/F:/apps/flutter_windows_3.32.5-stable/flutter/packages/flutter/lib/src/material/color_scheme.dart(439,40): error GA0A3EB9C: Undefined name 'MaterialDynamicColors'. [F:\kejapin\client\build\windows\x64\flutter\flutter_assemble.vcxproj]
/F:/apps/flutter_windows_3.32.5-stable/flutter/packages/flutter/lib/src/material/color_scheme.dart(441,37): error GA0A3EB9C: Undefined name 'MaterialDynamicColors'. [F:\kejapin\client\build\windows\x64\flutter\flutter_assemble.vcxproj]
/F:/apps/flutter_windows_3.32.5-stable/flutter/packages/flutter/lib/src/material/color_scheme.dart(443,41): error GA0A3EB9C: Undefined name 'MaterialDynamicColors'. [F:\kejapin\client\build\windows\x64\flutter\flutter_assemble.vcxproj]
/F:/apps/flutter_windows_3.32.5-stable/flutter/packages/flutter/lib/src/material/color_scheme.dart(446,17): error GA0A3EB9C: Undefined name 'MaterialDynamicColors'. [F:\kejapin\client\build\windows\x64\flutter\flutter_assemble.vcxproj]
/F:/apps/flutter_windows_3.32.5-stable/flutter/packages/flutter/lib/src/material/color_scheme.dart(447,37): error GA0A3EB9C: Undefined name 'MaterialDynamicColors'. [F:\kejapin\client\build\windows\x64\flutter\flutter_assemble.vcxproj]
/F:/apps/flutter_windows_3.32.5-stable/flutter/packages/flutter/lib/src/material/color_scheme.dart(449,37): error GA0A3EB9C: Undefined name 'MaterialDynamicColors'. [F:\kejapin\client\build\windows\x64\flutter\flutter_assemble.vcxproj]
/F:/apps/flutter_windows_3.32.5-stable/flutter/packages/flutter/lib/src/material/color_scheme.dart(450,47): error GA0A3EB9C: Undefined name 'MaterialDynamicColors'. [F:\kejapin\client\build\windows\x64\flutter\flutter_assemble.vcxproj]
/F:/apps/flutter_windows_3.32.5-stable/flutter/packages/flutter/lib/src/material/color_scheme.dart(452,37): error GA0A3EB9C: Undefined name 'MaterialDynamicColors'. [F:\kejapin\client\build\windows\x64\flutter\flutter_assemble.vcxproj]
/F:/apps/flutter_windows_3.32.5-stable/flutter/packages/flutter/lib/src/material/color_scheme.dart(453,47): error GA0A3EB9C: Undefined name 'MaterialDynamicColors'. [F:\kejapin\client\build\windows\x64\flutter\flutter_assemble.vcxproj]
/F:/apps/flutter_windows_3.32.5-stable/flutter/packages/flutter/lib/src/material/color_scheme.dart(454,31): error GA0A3EB9C: Undefined name 'MaterialDynamicColors'. [F:\kejapin\client\build\windows\x64\flutter\flutter_assemble.vcxproj]
/F:/apps/flutter_windows_3.32.5-stable/flutter/packages/flutter/lib/src/material/color_scheme.dart(455,29): error GA0A3EB9C: Undefined name 'MaterialDynamicColors'. [F:\kejapin\client\build\windows\x64\flutter\flutter_assemble.vcxproj]
/F:/apps/flutter_windows_3.32.5-stable/flutter/packages/flutter/lib/src/material/color_scheme.dart(456,41): error GA0A3EB9C: Undefined name 'MaterialDynamicColors'. [F:\kejapin\client\build\windows\x64\flutter\flutter_assemble.vcxproj]
/F:/apps/flutter_windows_3.32.5-stable/flutter/packages/flutter/lib/src/material/color_scheme.dart(459,39): error GA0A3EB9C: Undefined name 'MaterialDynamicColors'. [F:\kejapin\client\build\windows\x64\flutter\flutter_assemble.vcxproj]
/F:/apps/flutter_windows_3.32.5-stable/flutter/packages/flutter/lib/src/material/color_scheme.dart(460,43): error GA0A3EB9C: Undefined name 'MaterialDynamicColors'. [F:\kejapin\client\build\windows\x64\flutter\flutter_assemble.vcxproj]
/F:/apps/flutter_windows_3.32.5-stable/flutter/packages/flutter/lib/src/material/color_scheme.dart(461,47): error GA0A3EB9C: Undefined name 'MaterialDynamicColors'. [F:\kejapin\client\build\windows\x64\flutter\flutter_assemble.vcxproj]
/F:/apps/flutter_windows_3.32.5-stable/flutter/packages/flutter/lib/src/material/color_scheme.dart(1990,11): error G9E8762FF: 'QuantizerResult' isn't a type. [F:\kejapin\client\build\windows\x64\flutter\flutter_assemble.vcxproj]
/F:/apps/flutter_windows_3.32.5-stable/flutter/packages/flutter/lib/src/material/color_scheme.dart(1996,37): error GA0A3EB9C: Undefined name 'Score'. [F:\kejapin\client\build\windows\x64\flutter\flutter_assemble.vcxproj]
/F:/apps/flutter_windows_3.32.5-stable/flutter/packages/flutter/lib/src/material/color_scheme.dart(1999,11): error G30C4E04F: 'DynamicScheme' isn't a type. [F:\kejapin\client\build\windows\x64\flutter\flutter_assemble.vcxproj]
/F:/apps/flutter_windows_3.32.5-stable/flutter/packages/flutter/lib/src/material/color_scheme.dart(2007,33): error GA0A3EB9C: Undefined name 'MaterialDynamicColors'. [F:\kejapin\client\build\windows\x64\flutter\flutter_assemble.vcxproj]
/F:/apps/flutter_windows_3.32.5-stable/flutter/packages/flutter/lib/src/material/color_scheme.dart(2008,37): error GA0A3EB9C: Undefined name 'MaterialDynamicColors'. [F:\kejapin\client\build\windows\x64\flutter\flutter_assemble.vcxproj]
/F:/apps/flutter_windows_3.32.5-stable/flutter/packages/flutter/lib/src/material/color_scheme.dart(2010,37): error GA0A3EB9C: Undefined name 'MaterialDynamicColors'. [F:\kejapin\client\build\windows\x64\flutter\flutter_assemble.vcxproj]
/F:/apps/flutter_windows_3.32.5-stable/flutter/packages/flutter/lib/src/material/color_scheme.dart(2012,39): error GA0A3EB9C: Undefined name 'MaterialDynamicColors'. [F:\kejapin\client\build\windows\x64\flutter\flutter_assemble.vcxproj]
/F:/apps/flutter_windows_3.32.5-stable/flutter/packages/flutter/lib/src/material/color_scheme.dart(2013,43): error GA0A3EB9C: Undefined name 'MaterialDynamicColors'. [F:\kejapin\client\build\windows\x64\flutter\flutter_assemble.vcxproj]
/F:/apps/flutter_windows_3.32.5-stable/flutter/packages/flutter/lib/src/material/color_scheme.dart(2015,36): error GA0A3EB9C: Undefined name 'MaterialDynamicColors'. [F:\kejapin\client\build\windows\x64\flutter\flutter_assemble.vcxproj]
/F:/apps/flutter_windows_3.32.5-stable/flutter/packages/flutter/lib/src/material/color_scheme.dart(2016,47): error GA0A3EB9C: Undefined name 'MaterialDynamicColors'. [F:\kejapin\client\build\windows\x64\flutter\flutter_assemble.vcxproj]
/F:/apps/flutter_windows_3.32.5-stable/flutter/packages/flutter/lib/src/material/color_scheme.dart(2019,17): error GA0A3EB9C: Undefined name 'MaterialDynamicColors'. [F:\kejapin\client\build\windows\x64\flutter\flutter_assemble.vcxproj]
/F:/apps/flutter_windows_3.32.5-stable/flutter/packages/flutter/lib/src/material/color_scheme.dart(2020,37): error GA0A3EB9C: Undefined name 'MaterialDynamicColors'. [F:\kejapin\client\build\windows\x64\flutter\flutter_assemble.vcxproj]
/F:/apps/flutter_windows_3.32.5-stable/flutter/packages/flutter/lib/src/material/color_scheme.dart(2021,41): error GA0A3EB9C: Undefined name 'MaterialDynamicColors'. [F:\kejapin\client\build\windows\x64\flutter\flutter_assemble.vcxproj]
/F:/apps/flutter_windows_3.32.5-stable/flutter/packages/flutter/lib/src/material/color_scheme.dart(2023,39): error GA0A3EB9C: Undefined name 'MaterialDynamicColors'. [F:\kejapin\client\build\windows\x64\flutter\flutter_assemble.vcxproj]
/F:/apps/flutter_windows_3.32.5-stable/flutter/packages/flutter/lib/src/material/color_scheme.dart(2025,41): error GA0A3EB9C: Undefined name 'MaterialDynamicColors'. [F:\kejapin\client\build\windows\x64\flutter\flutter_assemble.vcxproj]
/F:/apps/flutter_windows_3.32.5-stable/flutter/packages/flutter/lib/src/material/color_scheme.dart(2026,47): error GA0A3EB9C: Undefined name 'MaterialDynamicColors'. [F:\kejapin\client\build\windows\x64\flutter\flutter_assemble.vcxproj]
/F:/apps/flutter_windows_3.32.5-stable/flutter/packages/flutter/lib/src/material/color_scheme.dart(2028,38): error GA0A3EB9C: Undefined name 'MaterialDynamicColors'. [F:\kejapin\client\build\windows\x64\flutter\flutter_assemble.vcxproj]
/F:/apps/flutter_windows_3.32.5-stable/flutter/packages/flutter/lib/src/material/color_scheme.dart(2030,37): error GA0A3EB9C: Undefined name 'MaterialDynamicColors'. [F:\kejapin\client\build\windows\x64\flutter\flutter_assemble.vcxproj]
/F:/apps/flutter_windows_3.32.5-stable/flutter/packages/flutter/lib/src/material/color_scheme.dart(2033,17): error GA0A3EB9C: Undefined name 'MaterialDynamicColors'. [F:\kejapin\client\build\windows\x64\flutter\flutter_assemble.vcxproj]
/F:/apps/flutter_windows_3.32.5-stable/flutter/packages/flutter/lib/src/material/color_scheme.dart(2034,35): error GA0A3EB9C: Undefined name 'MaterialDynamicColors'. [F:\kejapin\client\build\windows\x64\flutter\flutter_assemble.vcxproj]
/F:/apps/flutter_windows_3.32.5-stable/flutter/packages/flutter/lib/src/material/color_scheme.dart(2035,39): error GA0A3EB9C: Undefined name 'MaterialDynamicColors'. [F:\kejapin\client\build\windows\x64\flutter\flutter_assemble.vcxproj]
/F:/apps/flutter_windows_3.32.5-stable/flutter/packages/flutter/lib/src/material/color_scheme.dart(2037,38): error GA0A3EB9C: Undefined name 'MaterialDynamicColors'. [F:\kejapin\client\build\windows\x64\flutter\flutter_assemble.vcxproj]
/F:/apps/flutter_windows_3.32.5-stable/flutter/packages/flutter/lib/src/material/color_scheme.dart(2039,40): error GA0A3EB9C: Undefined name 'MaterialDynamicColors'. [F:\kejapin\client\build\windows\x64\flutter\flutter_assemble.vcxproj]
/F:/apps/flutter_windows_3.32.5-stable/flutter/packages/flutter/lib/src/material/color_scheme.dart(2040,45): error GA0A3EB9C: Undefined name 'MaterialDynamicColors'. [F:\kejapin\client\build\windows\x64\flutter\flutter_assemble.vcxproj]
/F:/apps/flutter_windows_3.32.5-stable/flutter/packages/flutter/lib/src/material/color_scheme.dart(2042,37): error GA0A3EB9C: Undefined name 'MaterialDynamicColors'. [F:\kejapin\client\build\windows\x64\flutter\flutter_assemble.vcxproj]
/F:/apps/flutter_windows_3.32.5-stable/flutter/packages/flutter/lib/src/material/color_scheme.dart(2044,36): error GA0A3EB9C: Undefined name 'MaterialDynamicColors'. [F:\kejapin\client\build\windows\x64\flutter\flutter_assemble.vcxproj]
/F:/apps/flutter_windows_3.32.5-stable/flutter/packages/flutter/lib/src/material/color_scheme.dart(2047,17): error GA0A3EB9C: Undefined name 'MaterialDynamicColors'. [F:\kejapin\client\build\windows\x64\flutter\flutter_assemble.vcxproj]
/F:/apps/flutter_windows_3.32.5-stable/flutter/packages/flutter/lib/src/material/color_scheme.dart(2048,29): error GA0A3EB9C: Undefined name 'MaterialDynamicColors'. [F:\kejapin\client\build\windows\x64\flutter\flutter_assemble.vcxproj]
CUSTOMBUILD : error : error ?? Color(MaterialDynamicColors.error.getArgb(scheme)), [F:\kejapin\client\build\windows\x64\flutter\flutter_assemble.vcxproj]
/F:/apps/flutter_windows_3.32.5-stable/flutter/packages/flutter/lib/src/material/color_scheme.dart(2049,33): error GA0A3EB9C: Undefined name 'MaterialDynamicColors'. [F:\kejapin\client\build\windows\x64\flutter\flutter_assemble.vcxproj]
/F:/apps/flutter_windows_3.32.5-stable/flutter/packages/flutter/lib/src/material/color_scheme.dart(2050,47): error GA0A3EB9C: Undefined name 'MaterialDynamicColors'. [F:\kejapin\client\build\windows\x64\flutter\flutter_assemble.vcxproj]
/F:/apps/flutter_windows_3.32.5-stable/flutter/packages/flutter/lib/src/material/color_scheme.dart(2052,37): error GA0A3EB9C: Undefined name 'MaterialDynamicColors'. [F:\kejapin\client\build\windows\x64\flutter\flutter_assemble.vcxproj]
/F:/apps/flutter_windows_3.32.5-stable/flutter/packages/flutter/lib/src/material/color_scheme.dart(2053,33): error GA0A3EB9C: Undefined name 'MaterialDynamicColors'. [F:\kejapin\client\build\windows\x64\flutter\flutter_assemble.vcxproj]
/F:/apps/flutter_windows_3.32.5-stable/flutter/packages/flutter/lib/src/material/color_scheme.dart(2054,47): error GA0A3EB9C: Undefined name 'MaterialDynamicColors'. [F:\kejapin\client\build\windows\x64\flutter\flutter_assemble.vcxproj]
/F:/apps/flutter_windows_3.32.5-stable/flutter/packages/flutter/lib/src/material/color_scheme.dart(2055,33): error GA0A3EB9C: Undefined name 'MaterialDynamicColors'. [F:\kejapin\client\build\windows\x64\flutter\flutter_assemble.vcxproj]
/F:/apps/flutter_windows_3.32.5-stable/flutter/packages/flutter/lib/src/material/color_scheme.dart(2056,39): error GA0A3EB9C: Undefined name 'MaterialDynamicColors'. [F:\kejapin\client\build\windows\x64\flutter\flutter_assemble.vcxproj]
/F:/apps/flutter_windows_3.32.5-stable/flutter/packages/flutter/lib/src/material/color_scheme.dart(2057,45): error GA0A3EB9C: Undefined name 'MaterialDynamicColors'. [F:\kejapin\client\build\windows\x64\flutter\flutter_assemble.vcxproj]
/F:/apps/flutter_windows_3.32.5-stable/flutter/packages/flutter/lib/src/material/color_scheme.dart(2060,17): error GA0A3EB9C: Undefined name 'MaterialDynamicColors'. [F:\kejapin\client\build\windows\x64\flutter\flutter_assemble.vcxproj]
/F:/apps/flutter_windows_3.32.5-stable/flutter/packages/flutter/lib/src/material/color_scheme.dart(2062,40): error GA0A3EB9C: Undefined name 'MaterialDynamicColors'. [F:\kejapin\client\build\windows\x64\flutter\flutter_assemble.vcxproj]
/F:/apps/flutter_windows_3.32.5-stable/flutter/packages/flutter/lib/src/material/color_scheme.dart(2064,37): error GA0A3EB9C: Undefined name 'MaterialDynamicColors'. [F:\kejapin\client\build\windows\x64\flutter\flutter_assemble.vcxproj]
/F:/apps/flutter_windows_3.32.5-stable/flutter/packages/flutter/lib/src/material/color_scheme.dart(2066,41): error GA0A3EB9C: Undefined name 'MaterialDynamicColors'. [F:\kejapin\client\build\windows\x64\flutter\flutter_assemble.vcxproj]
/F:/apps/flutter_windows_3.32.5-stable/flutter/packages/flutter/lib/src/material/color_scheme.dart(2069,17): error GA0A3EB9C: Undefined name 'MaterialDynamicColors'. [F:\kejapin\client\build\windows\x64\flutter\flutter_assemble.vcxproj]
/F:/apps/flutter_windows_3.32.5-stable/flutter/packages/flutter/lib/src/material/color_scheme.dart(2070,37): error GA0A3EB9C: Undefined name 'MaterialDynamicColors'. [F:\kejapin\client\build\windows\x64\flutter\flutter_assemble.vcxproj]
/F:/apps/flutter_windows_3.32.5-stable/flutter/packages/flutter/lib/src/material/color_scheme.dart(2072,37): error GA0A3EB9C: Undefined name 'MaterialDynamicColors'. [F:\kejapin\client\build\windows\x64\flutter\flutter_assemble.vcxproj]
/F:/apps/flutter_windows_3.32.5-stable/flutter/packages/flutter/lib/src/material/color_scheme.dart(2073,47): error GA0A3EB9C: Undefined name 'MaterialDynamicColors'. [F:\kejapin\client\build\windows\x64\flutter\flutter_assemble.vcxproj]
/F:/apps/flutter_windows_3.32.5-stable/flutter/packages/flutter/lib/src/material/color_scheme.dart(2075,37): error GA0A3EB9C: Undefined name 'MaterialDynamicColors'. [F:\kejapin\client\build\windows\x64\flutter\flutter_assemble.vcxproj]
/F:/apps/flutter_windows_3.32.5-stable/flutter/packages/flutter/lib/src/material/color_scheme.dart(2076,47): error GA0A3EB9C: Undefined name 'MaterialDynamicColors'. [F:\kejapin\client\build\windows\x64\flutter\flutter_assemble.vcxproj]
/F:/apps/flutter_windows_3.32.5-stable/flutter/packages/flutter/lib/src/material/color_scheme.dart(2077,31): error GA0A3EB9C: Undefined name 'MaterialDynamicColors'. [F:\kejapin\client\build\windows\x64\flutter\flutter_assemble.vcxproj]
/F:/apps/flutter_windows_3.32.5-stable/flutter/packages/flutter/lib/src/material/color_scheme.dart(2078,29): error GA0A3EB9C: Undefined name 'MaterialDynamicColors'. [F:\kejapin\client\build\windows\x64\flutter\flutter_assemble.vcxproj]
/F:/apps/flutter_windows_3.32.5-stable/flutter/packages/flutter/lib/src/material/color_scheme.dart(2079,41): error GA0A3EB9C: Undefined name 'MaterialDynamicColors'. [F:\kejapin\client\build\windows\x64\flutter\flutter_assemble.vcxproj]
/F:/apps/flutter_windows_3.32.5-stable/flutter/packages/flutter/lib/src/material/color_scheme.dart(2082,39): error GA0A3EB9C: Undefined name 'MaterialDynamicColors'. [F:\kejapin\client\build\windows\x64\flutter\flutter_assemble.vcxproj]
/F:/apps/flutter_windows_3.32.5-stable/flutter/packages/flutter/lib/src/material/color_scheme.dart(2083,43): error GA0A3EB9C: Undefined name 'MaterialDynamicColors'. [F:\kejapin\client\build\windows\x64\flutter\flutter_assemble.vcxproj]
/F:/apps/flutter_windows_3.32.5-stable/flutter/packages/flutter/lib/src/material/color_scheme.dart(2084,47): error GA0A3EB9C: Undefined name 'MaterialDynamicColors'. [F:\kejapin\client\build\windows\x64\flutter\flutter_assemble.vcxproj]
/F:/apps/flutter_windows_3.32.5-stable/flutter/packages/flutter/lib/src/material/color_scheme.dart(2098,11): error G9E8762FF: 'QuantizerResult' isn't a type. [F:\kejapin\client\build\windows\x64\flutter\flutter_assemble.vcxproj]
/F:/apps/flutter_windows_3.32.5-stable/flutter/packages/flutter/lib/src/material/color_scheme.dart(2098,51): error GB1B8BC88: Method not found: 'QuantizerCelebi'. [F:\kejapin\client\build\windows\x64\flutter\flutter_assemble.vcxproj]
/F:/apps/flutter_windows_3.32.5-stable/flutter/packages/flutter/lib/src/material/color_scheme.dart(2185,11): error G9831032E: 'Hct' isn't a type. [F:\kejapin\client\build\windows\x64\flutter\flutter_assemble.vcxproj]
/F:/apps/flutter_windows_3.32.5-stable/flutter/packages/flutter/lib/src/material/color_scheme.dart(2185,29): error GA0A3EB9C: Undefined name 'Hct'. [F:\kejapin\client\build\windows\x64\flutter\flutter_assemble.vcxproj]
/F:/apps/flutter_windows_3.32.5-stable/flutter/packages/flutter/lib/src/material/color_scheme.dart(2187,41): error GB1B8BC88: Method not found: 'SchemeTonalSpot'. [F:\kejapin\client\build\windows\x64\flutter\flutter_assemble.vcxproj]
/F:/apps/flutter_windows_3.32.5-stable/flutter/packages/flutter/lib/src/material/color_scheme.dart(2192,40): error GB1B8BC88: Method not found: 'SchemeFidelity'. [F:\kejapin\client\build\windows\x64\flutter\flutter_assemble.vcxproj]
/F:/apps/flutter_windows_3.32.5-stable/flutter/packages/flutter/lib/src/material/color_scheme.dart(2197,39): error GB1B8BC88: Method not found: 'SchemeContent'. [F:\kejapin\client\build\windows\x64\flutter\flutter_assemble.vcxproj]
/F:/apps/flutter_windows_3.32.5-stable/flutter/packages/flutter/lib/src/material/color_scheme.dart(2202,42): error GB1B8BC88: Method not found: 'SchemeMonochrome'. [F:\kejapin\client\build\windows\x64\flutter\flutter_assemble.vcxproj]
/F:/apps/flutter_windows_3.32.5-stable/flutter/packages/flutter/lib/src/material/color_scheme.dart(2207,39): error GB1B8BC88: Method not found: 'SchemeNeutral'. [F:\kejapin\client\build\windows\x64\flutter\flutter_assemble.vcxproj]
/F:/apps/flutter_windows_3.32.5-stable/flutter/packages/flutter/lib/src/material/color_scheme.dart(2212,39): error GB1B8BC88: Method not found: 'SchemeVibrant'. [F:\kejapin\client\build\windows\x64\flutter\flutter_assemble.vcxproj]
/F:/apps/flutter_windows_3.32.5-stable/flutter/packages/flutter/lib/src/material/color_scheme.dart(2217,42): error GB1B8BC88: Method not found: 'SchemeExpressive'. [F:\kejapin\client\build\windows\x64\flutter\flutter_assemble.vcxproj]
/F:/apps/flutter_windows_3.32.5-stable/flutter/packages/flutter/lib/src/material/color_scheme.dart(2222,39): error GB1B8BC88: Method not found: 'SchemeRainbow'. [F:\kejapin\client\build\windows\x64\flutter\flutter_assemble.vcxproj]
/F:/apps/flutter_windows_3.32.5-stable/flutter/packages/flutter/lib/src/material/color_scheme.dart(2227,42): error GB1B8BC88: Method not found: 'SchemeFruitSalad'. [F:\kejapin\client\build\windows\x64\flutter\flutter_assemble.vcxproj]
/F:/apps/flutter_windows_3.32.5-stable/flutter/packages/flutter/lib/src/material/data_table.dart(1301,13): error G2A256DBA: 'Matrix4' isn't a type. [F:\kejapin\client\build\windows\x64\flutter\flutter_assemble.vcxproj]
/F:/apps/flutter_windows_3.32.5-stable/flutter/packages/flutter/lib/src/material/data_table.dart(1301,33): error GD65BB2B6: The getter 'Matrix4' isn't defined for the type 'TableRowInkWell'. [F:\kejapin\client\build\windows\x64\flutter\flutter_assemble.vcxproj]
/F:/apps/flutter_windows_3.32.5-stable/flutter/packages/flutter/lib/src/material/data_table.dart(1435,20): error GD65BB2B6: The getter 'Matrix4' isn't defined for the type '_SortArrowState'. [F:\kejapin\client\build\windows\x64\flutter\flutter_assemble.vcxproj]
/F:/apps/flutter_windows_3.32.5-stable/flutter/packages/flutter/lib/src/material/flexible_space_bar.dart(334,19): error G2A256DBA: 'Matrix4' isn't a type. [F:\kejapin\client\build\windows\x64\flutter\flutter_assemble.vcxproj]
/F:/apps/flutter_windows_3.32.5-stable/flutter/packages/flutter/lib/src/material/flexible_space_bar.dart(334,44): error GD65BB2B6: The getter 'Matrix4' isn't defined for the type '_FlexibleSpaceBarState'. [F:\kejapin\client\build\windows\x64\flutter\flutter_assemble.vcxproj]
/F:/apps/flutter_windows_3.32.5-stable/flutter/packages/flutter/lib/src/material/ink_decoration.dart(399,36): error G2A256DBA: 'Matrix4' isn't a type. [F:\kejapin\client\build\windows\x64\flutter\flutter_assemble.vcxproj]
/F:/apps/flutter_windows_3.32.5-stable/flutter/packages/flutter/lib/src/material/ink_highlight.dart(134,36): error G2A256DBA: 'Matrix4' isn't a type. [F:\kejapin\client\build\windows\x64\flutter\flutter_assemble.vcxproj]
/F:/apps/flutter_windows_3.32.5-stable/flutter/packages/flutter/lib/src/material/ink_ripple.dart(236,36): error G2A256DBA: 'Matrix4' isn't a type. [F:\kejapin\client\build\windows\x64\flutter\flutter_assemble.vcxproj]
/F:/apps/flutter_windows_3.32.5-stable/flutter/packages/flutter/lib/src/material/ink_sparkle.dart(142,17): error GE0473590: 'Vector2' isn't a type. [F:\kejapin\client\build\windows\x64\flutter\flutter_assemble.vcxproj]
/F:/apps/flutter_windows_3.32.5-stable/flutter/packages/flutter/lib/src/material/ink_sparkle.dart(142,46): error GE0473590: 'Vector2' isn't a type. [F:\kejapin\client\build\windows\x64\flutter\flutter_assemble.vcxproj]
/F:/apps/flutter_windows_3.32.5-stable/flutter/packages/flutter/lib/src/material/ink_sparkle.dart(143,14): error GD65BB2B6: The getter 'Vector2' isn't defined for the type 'InkSparkle'. [F:\kejapin\client\build\windows\x64\flutter\flutter_assemble.vcxproj]
/F:/apps/flutter_windows_3.32.5-stable/flutter/packages/flutter/lib/src/material/ink_sparkle.dart(144,12): error GD65BB2B6: The getter 'Vector2' isn't defined for the type 'InkSparkle'. [F:\kejapin\client\build\windows\x64\flutter\flutter_assemble.vcxproj]
/F:/apps/flutter_windows_3.32.5-stable/flutter/packages/flutter/lib/src/material/ink_sparkle.dart(194,18): error GE0473590: 'Vector2' isn't a type. [F:\kejapin\client\build\windows\x64\flutter\flutter_assemble.vcxproj]
/F:/apps/flutter_windows_3.32.5-stable/flutter/packages/flutter/lib/src/material/ink_sparkle.dart(237,36): error G2A256DBA: 'Matrix4' isn't a type. [F:\kejapin\client\build\windows\x64\flutter\flutter_assemble.vcxproj]
/F:/apps/flutter_windows_3.32.5-stable/flutter/packages/flutter/lib/src/material/ink_sparkle.dart(364,59): error G2A256DBA: 'Matrix4' isn't a type. [F:\kejapin\client\build\windows\x64\flutter\flutter_assemble.vcxproj]
/F:/apps/flutter_windows_3.32.5-stable/flutter/packages/flutter/lib/src/material/ink_splash.dart(213,36): error G2A256DBA: 'Matrix4' isn't a type. [F:\kejapin\client\build\windows\x64\flutter\flutter_assemble.vcxproj]
/F:/apps/flutter_windows_3.32.5-stable/flutter/packages/flutter/lib/src/material/ink_well.dart(123,14): error G2A256DBA: 'Matrix4' isn't a type. [F:\kejapin\client\build\windows\x64\flutter\flutter_assemble.vcxproj]
/F:/apps/flutter_windows_3.32.5-stable/flutter/packages/flutter/lib/src/material/input_decorator.dart(1341,3): error G2A256DBA: 'Matrix4' isn't a type. [F:\kejapin\client\build\windows\x64\flutter\flutter_assemble.vcxproj]
/F:/apps/flutter_windows_3.32.5-stable/flutter/packages/flutter/lib/src/material/input_decorator.dart(1636,25): error GD65BB2B6: The getter 'Matrix4' isn't defined for the type '_RenderDecoration'. [F:\kejapin\client\build\windows\x64\flutter\flutter_assemble.vcxproj]
/F:/apps/flutter_windows_3.32.5-stable/flutter/packages/flutter/lib/src/material/input_decorator.dart(1664,48): error G2A256DBA: 'Matrix4' isn't a type. [F:\kejapin\client\build\windows\x64\flutter\flutter_assemble.vcxproj]
/F:/apps/flutter_windows_3.32.5-stable/flutter/packages/flutter/lib/src/material/input_decorator.dart(2384,18): error GD65BB2B6: The getter 'Matrix4' isn't defined for the type '_InputDecoratorState'. [F:\kejapin\client\build\windows\x64\flutter\flutter_assemble.vcxproj]
/F:/apps/flutter_windows_3.32.5-stable/flutter/packages/flutter/lib/src/material/material.dart(753,11): error G2A256DBA: 'Matrix4' isn't a type. [F:\kejapin\client\build\windows\x64\flutter\flutter_assemble.vcxproj]
/F:/apps/flutter_windows_3.32.5-stable/flutter/packages/flutter/lib/src/material/material.dart(753,31): error GA0A3EB9C: Undefined name 'Matrix4'. [F:\kejapin\client\build\windows\x64\flutter\flutter_assemble.vcxproj]
/F:/apps/flutter_windows_3.32.5-stable/flutter/packages/flutter/lib/src/material/material.dart(754,11): error G2A256DBA: 'Matrix4' isn't a type. [F:\kejapin\client\build\windows\x64\flutter\flutter_assemble.vcxproj]
/F:/apps/flutter_windows_3.32.5-stable/flutter/packages/flutter/lib/src/material/material.dart(754,38): error GA0A3EB9C: Undefined name 'Matrix4'. [F:\kejapin\client\build\windows\x64\flutter\flutter_assemble.vcxproj]
/F:/apps/flutter_windows_3.32.5-stable/flutter/packages/flutter/lib/src/material/material.dart(771,11): error G2A256DBA: 'Matrix4' isn't a type. [F:\kejapin\client\build\windows\x64\flutter\flutter_assemble.vcxproj]
/F:/apps/flutter_windows_3.32.5-stable/flutter/packages/flutter/lib/src/material/material.dart(782,36): error G2A256DBA: 'Matrix4' isn't a type. [F:\kejapin\client\build\windows\x64\flutter\flutter_assemble.vcxproj]
/F:/apps/flutter_windows_3.32.5-stable/flutter/packages/flutter/lib/src/material/menu_anchor.dart(2572,11): error G69B77B02: 'Characters' isn't a type. [F:\kejapin\client\build\windows\x64\flutter\flutter_assemble.vcxproj]
/F:/apps/flutter_windows_3.32.5-stable/flutter/packages/flutter/lib/src/material/menu_anchor.dart(2572,41): error GD65BB2B6: The getter 'characters' isn't defined for the type 'String'. [F:\kejapin\client\build\windows\x64\flutter\flutter_assemble.vcxproj]
/F:/apps/flutter_windows_3.32.5-stable/flutter/packages/flutter/lib/src/material/menu_anchor.dart(2602,11): error G69B77B02: 'Characters' isn't a type. [F:\kejapin\client\build\windows\x64\flutter\flutter_assemble.vcxproj]
/F:/apps/flutter_windows_3.32.5-stable/flutter/packages/flutter/lib/src/material/menu_anchor.dart(2603,11): error G69B77B02: 'Characters' isn't a type. [F:\kejapin\client\build\windows\x64\flutter\flutter_assemble.vcxproj]
/F:/apps/flutter_windows_3.32.5-stable/flutter/packages/flutter/lib/src/material/menu_anchor.dart(2608,13): error G69B77B02: 'Characters' isn't a type. [F:\kejapin\client\build\windows\x64\flutter\flutter_assemble.vcxproj]
/F:/apps/flutter_windows_3.32.5-stable/flutter/packages/flutter/lib/src/material/menu_anchor.dart(2623,13): error G69B77B02: 'Characters' isn't a type. [F:\kejapin\client\build\windows\x64\flutter\flutter_assemble.vcxproj]
/F:/apps/flutter_windows_3.32.5-stable/flutter/packages/flutter/lib/src/material/menu_anchor.dart(2602,41): error GD65BB2B6: The getter 'characters' isn't defined for the type 'String'. [F:\kejapin\client\build\windows\x64\flutter\flutter_assemble.vcxproj]
/F:/apps/flutter_windows_3.32.5-stable/flutter/packages/flutter/lib/src/material/menu_anchor.dart(2603,38): error GD65BB2B6: The getter 'characters' isn't defined for the type 'String'. [F:\kejapin\client\build\windows\x64\flutter\flutter_assemble.vcxproj]
/F:/apps/flutter_windows_3.32.5-stable/flutter/packages/flutter/lib/src/material/navigation_bar.dart(854,22): error GD65BB2B6: The getter 'Matrix4' isn't defined for the type 'NavigationIndicator'. [F:\kejapin\client\build\windows\x64\flutter\flutter_assemble.vcxproj]
/F:/apps/flutter_windows_3.32.5-stable/flutter/packages/flutter/lib/src/material/no_splash.dart(71,36): error G2A256DBA: 'Matrix4' isn't a type. [F:\kejapin\client\build\windows\x64\flutter\flutter_assemble.vcxproj]
/F:/apps/flutter_windows_3.32.5-stable/flutter/packages/flutter/lib/src/material/page_transitions_theme.dart(1215,29): error G2A256DBA: 'Matrix4' isn't a type. [F:\kejapin\client\build\windows\x64\flutter\flutter_assemble.vcxproj]
/F:/apps/flutter_windows_3.32.5-stable/flutter/packages/flutter/lib/src/material/page_transitions_theme.dart(1283,9): error G2A256DBA: 'Matrix4' isn't a type. [F:\kejapin\client\build\windows\x64\flutter\flutter_assemble.vcxproj]
/F:/apps/flutter_windows_3.32.5-stable/flutter/packages/flutter/lib/src/material/page_transitions_theme.dart(1283,30): error GA0A3EB9C: Undefined name 'Matrix4'. [F:\kejapin\client\build\windows\x64\flutter\flutter_assemble.vcxproj]
/F:/apps/flutter_windows_3.32.5-stable/flutter/packages/flutter/lib/src/material/page_transitions_theme.dart(1390,9): error G2A256DBA: 'Matrix4' isn't a type. [F:\kejapin\client\build\windows\x64\flutter\flutter_assemble.vcxproj]
/F:/apps/flutter_windows_3.32.5-stable/flutter/packages/flutter/lib/src/material/page_transitions_theme.dart(1390,30): error GA0A3EB9C: Undefined name 'Matrix4'. [F:\kejapin\client\build\windows\x64\flutter\flutter_assemble.vcxproj]
/F:/apps/flutter_windows_3.32.5-stable/flutter/packages/flutter/lib/src/material/text_field.dart(1174,61): error GD65BB2B6: The getter 'characters' isn't defined for the type 'String'. [F:\kejapin\client\build\windows\x64\flutter\flutter_assemble.vcxproj]
/F:/apps/flutter_windows_3.32.5-stable/flutter/packages/flutter/lib/src/material/text_field.dart(1180,64): error GD65BB2B6: The getter 'characters' isn't defined for the type 'String'. [F:\kejapin\client\build\windows\x64\flutter\flutter_assemble.vcxproj]
/F:/apps/flutter_windows_3.32.5-stable/flutter/packages/flutter/lib/src/material/text_field.dart(1181,45): error GD65BB2B6: The getter 'characters' isn't defined for the type 'String'. [F:\kejapin\client\build\windows\x64\flutter\flutter_assemble.vcxproj]
/F:/apps/flutter_windows_3.32.5-stable/flutter/packages/flutter/lib/src/material/text_selection_toolbar.dart(371,48): error G2A256DBA: 'Matrix4' isn't a type. [F:\kejapin\client\build\windows\x64\flutter\flutter_assemble.vcxproj]
/F:/apps/flutter_windows_3.32.5-stable/flutter/packages/flutter/lib/src/widgets/autocomplete.dart(536,11): error G2A256DBA: 'Matrix4' isn't a type. [F:\kejapin\client\build\windows\x64\flutter\flutter_assemble.vcxproj]
/F:/apps/flutter_windows_3.32.5-stable/flutter/packages/flutter/lib/src/widgets/autocomplete.dart(561,11): error G2A256DBA: 'Matrix4' isn't a type. [F:\kejapin\client\build\windows\x64\flutter\flutter_assemble.vcxproj]
/F:/apps/flutter_windows_3.32.5-stable/flutter/packages/flutter/lib/src/widgets/basic.dart(1695,14): error GA0A3EB9C: Undefined name 'Matrix4'. [F:\kejapin\client\build\windows\x64\flutter\flutter_assemble.vcxproj]
/F:/apps/flutter_windows_3.32.5-stable/flutter/packages/flutter/lib/src/widgets/basic.dart(1712,11): error G2A256DBA: 'Matrix4' isn't a type. [F:\kejapin\client\build\windows\x64\flutter\flutter_assemble.vcxproj]
/F:/apps/flutter_windows_3.32.5-stable/flutter/packages/flutter/lib/src/widgets/basic.dart(1712,28): error GA0A3EB9C: Undefined name 'Matrix4'. [F:\kejapin\client\build\windows\x64\flutter\flutter_assemble.vcxproj]
/F:/apps/flutter_windows_3.32.5-stable/flutter/packages/flutter/lib/src/widgets/basic.dart(1723,9): error G2A256DBA: 'Matrix4' isn't a type. [F:\kejapin\client\build\windows\x64\flutter\flutter_assemble.vcxproj]
/F:/apps/flutter_windows_3.32.5-stable/flutter/packages/flutter/lib/src/widgets/container.dart(352,9): error G2A256DBA: 'Matrix4' isn't a type. [F:\kejapin\client\build\windows\x64\flutter\flutter_assemble.vcxproj]
/F:/apps/flutter_windows_3.32.5-stable/flutter/packages/flutter/lib/src/widgets/container.dart(468,39): error G2A256DBA: 'Matrix4' isn't a type. [F:\kejapin\client\build\windows\x64\flutter\flutter_assemble.vcxproj]
/F:/apps/flutter_windows_3.32.5-stable/flutter/packages/flutter/lib/src/widgets/editable_text.dart(3092,63): error GD65BB2B6: The getter 'characters' isn't defined for the type 'String'. [F:\kejapin\client\build\windows\x64\flutter\flutter_assemble.vcxproj]
/F:/apps/flutter_windows_3.32.5-stable/flutter/packages/flutter/lib/src/widgets/editable_text.dart(3096,62): error GD65BB2B6: The getter 'characters' isn't defined for the type 'String'. [F:\kejapin\client\build\windows\x64\flutter\flutter_assemble.vcxproj]
/F:/apps/flutter_windows_3.32.5-stable/flutter/packages/flutter/lib/src/widgets/editable_text.dart(4768,11): error G2A256DBA: 'Matrix4' isn't a type. [F:\kejapin\client\build\windows\x64\flutter\flutter_assemble.vcxproj]
/F:/apps/flutter_windows_3.32.5-stable/flutter/packages/flutter/lib/src/widgets/editable_text.dart(4829,11): error G72DB4C34: 'CharacterRange' isn't a type. [F:\kejapin\client\build\windows\x64\flutter\flutter_assemble.vcxproj]
/F:/apps/flutter_windows_3.32.5-stable/flutter/packages/flutter/lib/src/widgets/editable_text.dart(4829,43): error G76A9B1F6: The method 'CharacterRange' isn't defined for the type 'EditableTextState'. [F:\kejapin\client\build\windows\x64\flutter\flutter_assemble.vcxproj]
/F:/apps/flutter_windows_3.32.5-stable/flutter/packages/flutter/lib/src/widgets/editable_text.dart(5298,11): error G72DB4C34: 'CharacterRange' isn't a type. [F:\kejapin\client\build\windows\x64\flutter\flutter_assemble.vcxproj]
/F:/apps/flutter_windows_3.32.5-stable/flutter/packages/flutter/lib/src/widgets/editable_text.dart(5289,21): error GD65BB2B6: The getter 'characters' isn't defined for the type 'String'. [F:\kejapin\client\build\windows\x64\flutter\flutter_assemble.vcxproj]
/F:/apps/flutter_windows_3.32.5-stable/flutter/packages/flutter/lib/src/widgets/editable_text.dart(5298,40): error GD65BB2B6: The getter 'CharacterRange' isn't defined for the type 'EditableTextState'. [F:\kejapin\client\build\windows\x64\flutter\flutter_assemble.vcxproj]
/F:/apps/flutter_windows_3.32.5-stable/flutter/packages/flutter/lib/src/widgets/editable_text.dart(6226,11): error G2A256DBA: 'Matrix4' isn't a type. [F:\kejapin\client\build\windows\x64\flutter\flutter_assemble.vcxproj]
/F:/apps/flutter_windows_3.32.5-stable/flutter/packages/flutter/lib/src/widgets/gesture_detector.dart(1709,11): error G2A256DBA: 'Matrix4' isn't a type. [F:\kejapin\client\build\windows\x64\flutter\flutter_assemble.vcxproj]
/F:/apps/flutter_windows_3.32.5-stable/flutter/packages/flutter/lib/src/widgets/icon.dart(338,24): error GD65BB2B6: The getter 'Matrix4' isn't defined for the type 'Icon'. [F:\kejapin\client\build\windows\x64\flutter\flutter_assemble.vcxproj]
/F:/apps/flutter_windows_3.32.5-stable/flutter/packages/flutter/lib/src/widgets/implicit_animations.dart(188,11): error G3D9FC0F5: 'Vector3' isn't a type. [F:\kejapin\client\build\windows\x64\flutter\flutter_assemble.vcxproj]
/F:/apps/flutter_windows_3.32.5-stable/flutter/packages/flutter/lib/src/widgets/implicit_animations.dart(189,11): error G3D9FC0F5: 'Vector3' isn't a type. [F:\kejapin\client\build\windows\x64\flutter\flutter_assemble.vcxproj]
/F:/apps/flutter_windows_3.32.5-stable/flutter/packages/flutter/lib/src/widgets/implicit_animations.dart(190,11): error G569240B2: 'Quaternion' isn't a type. [F:\kejapin\client\build\windows\x64\flutter\flutter_assemble.vcxproj]
/F:/apps/flutter_windows_3.32.5-stable/flutter/packages/flutter/lib/src/widgets/implicit_animations.dart(191,11): error G569240B2: 'Quaternion' isn't a type. [F:\kejapin\client\build\windows\x64\flutter\flutter_assemble.vcxproj]
/F:/apps/flutter_windows_3.32.5-stable/flutter/packages/flutter/lib/src/widgets/implicit_animations.dart(192,11): error G3D9FC0F5: 'Vector3' isn't a type. [F:\kejapin\client\build\windows\x64\flutter\flutter_assemble.vcxproj]
/F:/apps/flutter_windows_3.32.5-stable/flutter/packages/flutter/lib/src/widgets/implicit_animations.dart(193,11): error G3D9FC0F5: 'Vector3' isn't a type. [F:\kejapin\client\build\windows\x64\flutter\flutter_assemble.vcxproj]
/F:/apps/flutter_windows_3.32.5-stable/flutter/packages/flutter/lib/src/widgets/implicit_animations.dart(196,11): error G3D9FC0F5: 'Vector3' isn't a type. [F:\kejapin\client\build\windows\x64\flutter\flutter_assemble.vcxproj]
/F:/apps/flutter_windows_3.32.5-stable/flutter/packages/flutter/lib/src/widgets/implicit_animations.dart(198,11): error G569240B2: 'Quaternion' isn't a type. [F:\kejapin\client\build\windows\x64\flutter\flutter_assemble.vcxproj]
/F:/apps/flutter_windows_3.32.5-stable/flutter/packages/flutter/lib/src/widgets/implicit_animations.dart(200,11): error G3D9FC0F5: 'Vector3' isn't a type. [F:\kejapin\client\build\windows\x64\flutter\flutter_assemble.vcxproj]
/F:/apps/flutter_windows_3.32.5-stable/flutter/packages/flutter/lib/src/widgets/implicit_animations.dart(188,38): error GD65BB2B6: The getter 'Vector3' isn't defined for the type 'Matrix4Tween'. [F:\kejapin\client\build\windows\x64\flutter\flutter_assemble.vcxproj]
/F:/apps/flutter_windows_3.32.5-stable/flutter/packages/flutter/lib/src/widgets/implicit_animations.dart(189,36): error GD65BB2B6: The getter 'Vector3' isn't defined for the type 'Matrix4Tween'. [F:\kejapin\client\build\windows\x64\flutter\flutter_assemble.vcxproj]
/F:/apps/flutter_windows_3.32.5-stable/flutter/packages/flutter/lib/src/widgets/implicit_animations.dart(190,38): error GD65BB2B6: The getter 'Quaternion' isn't defined for the type 'Matrix4Tween'. [F:\kejapin\client\build\windows\x64\flutter\flutter_assemble.vcxproj]
/F:/apps/flutter_windows_3.32.5-stable/flutter/packages/flutter/lib/src/widgets/implicit_animations.dart(191,36): error GD65BB2B6: The getter 'Quaternion' isn't defined for the type 'Matrix4Tween'. [F:\kejapin\client\build\windows\x64\flutter\flutter_assemble.vcxproj]
/F:/apps/flutter_windows_3.32.5-stable/flutter/packages/flutter/lib/src/widgets/implicit_animations.dart(192,32): error GD65BB2B6: The getter 'Vector3' isn't defined for the type 'Matrix4Tween'. [F:\kejapin\client\build\windows\x64\flutter\flutter_assemble.vcxproj]
/F:/apps/flutter_windows_3.32.5-stable/flutter/packages/flutter/lib/src/widgets/implicit_animations.dart(193,30): error GD65BB2B6: The getter 'Vector3' isn't defined for the type 'Matrix4Tween'. [F:\kejapin\client\build\windows\x64\flutter\flutter_assemble.vcxproj]
/F:/apps/flutter_windows_3.32.5-stable/flutter/packages/flutter/lib/src/widgets/implicit_animations.dart(201,12): error GD65BB2B6: The getter 'Matrix4' isn't defined for the type 'Matrix4Tween'. [F:\kejapin\client\build\windows\x64\flutter\flutter_assemble.vcxproj]
/F:/apps/flutter_windows_3.32.5-stable/flutter/packages/flutter/lib/src/widgets/implicit_animations.dart(691,9): error G2A256DBA: 'Matrix4' isn't a type. [F:\kejapin\client\build\windows\x64\flutter\flutter_assemble.vcxproj]
/F:/apps/flutter_windows_3.32.5-stable/flutter/packages/flutter/lib/src/widgets/implicit_animations.dart(741,39): error G2A256DBA: 'Matrix4' isn't a type. [F:\kejapin\client\build\windows\x64\flutter\flutter_assemble.vcxproj]
/F:/apps/flutter_windows_3.32.5-stable/flutter/packages/flutter/lib/src/widgets/implicit_animations.dart(811,63): error G2A256DBA: 'Matrix4' isn't a type. [F:\kejapin\client\build\windows\x64\flutter\flutter_assemble.vcxproj]
/F:/apps/flutter_windows_3.32.5-stable/flutter/packages/flutter/lib/src/widgets/interactive_viewer.dart(396,40): error G3D9FC0F5: 'Vector3' isn't a type. [F:\kejapin\client\build\windows\x64\flutter\flutter_assemble.vcxproj]
/F:/apps/flutter_windows_3.32.5-stable/flutter/packages/flutter/lib/src/widgets/interactive_viewer.dart(396,55): error G3D9FC0F5: 'Vector3' isn't a type. [F:\kejapin\client\build\windows\x64\flutter\flutter_assemble.vcxproj]
/F:/apps/flutter_windows_3.32.5-stable/flutter/packages/flutter/lib/src/widgets/interactive_viewer.dart(396,67): error G3D9FC0F5: 'Vector3' isn't a type. [F:\kejapin\client\build\windows\x64\flutter\flutter_assemble.vcxproj]
/F:/apps/flutter_windows_3.32.5-stable/flutter/packages/flutter/lib/src/widgets/interactive_viewer.dart(407,11): error G3D9FC0F5: 'Vector3' isn't a type. [F:\kejapin\client\build\windows\x64\flutter\flutter_assemble.vcxproj]
/F:/apps/flutter_windows_3.32.5-stable/flutter/packages/flutter/lib/src/widgets/interactive_viewer.dart(408,11): error G3D9FC0F5: 'Vector3' isn't a type. [F:\kejapin\client\build\windows\x64\flutter\flutter_assemble.vcxproj]
/F:/apps/flutter_windows_3.32.5-stable/flutter/packages/flutter/lib/src/widgets/interactive_viewer.dart(415,41): error G19CBEF14: 'Quad' isn't a type. [F:\kejapin\client\build\windows\x64\flutter\flutter_assemble.vcxproj]
/F:/apps/flutter_windows_3.32.5-stable/flutter/packages/flutter/lib/src/widgets/interactive_viewer.dart(433,7): error GB1B8BC88: Method not found: 'Vector3'. [F:\kejapin\client\build\windows\x64\flutter\flutter_assemble.vcxproj]
/F:/apps/flutter_windows_3.32.5-stable/flutter/packages/flutter/lib/src/widgets/interactive_viewer.dart(434,7): error GB1B8BC88: Method not found: 'Vector3'. [F:\kejapin\client\build\windows\x64\flutter\flutter_assemble.vcxproj]
/F:/apps/flutter_windows_3.32.5-stable/flutter/packages/flutter/lib/src/widgets/interactive_viewer.dart(435,7): error GB1B8BC88: Method not found: 'Vector3'. [F:\kejapin\client\build\windows\x64\flutter\flutter_assemble.vcxproj]
/F:/apps/flutter_windows_3.32.5-stable/flutter/packages/flutter/lib/src/widgets/interactive_viewer.dart(436,7): error GB1B8BC88: Method not found: 'Vector3'. [F:\kejapin\client\build\windows\x64\flutter\flutter_assemble.vcxproj]
/F:/apps/flutter_windows_3.32.5-stable/flutter/packages/flutter/lib/src/widgets/interactive_viewer.dart(432,12): error GA0A3EB9C: Undefined name 'Quad'. [F:\kejapin\client\build\windows\x64\flutter\flutter_assemble.vcxproj]
/F:/apps/flutter_windows_3.32.5-stable/flutter/packages/flutter/lib/src/widgets/interactive_viewer.dart(444,29): error G3D9FC0F5: 'Vector3' isn't a type. [F:\kejapin\client\build\windows\x64\flutter\flutter_assemble.vcxproj]
/F:/apps/flutter_windows_3.32.5-stable/flutter/packages/flutter/lib/src/widgets/interactive_viewer.dart(444,44): error G19CBEF14: 'Quad' isn't a type. [F:\kejapin\client\build\windows\x64\flutter\flutter_assemble.vcxproj]
/F:/apps/flutter_windows_3.32.5-stable/flutter/packages/flutter/lib/src/widgets/interactive_viewer.dart(445,11): error G3D9FC0F5: 'Vector3' isn't a type. [F:\kejapin\client\build\windows\x64\flutter\flutter_assemble.vcxproj]
/F:/apps/flutter_windows_3.32.5-stable/flutter/packages/flutter/lib/src/widgets/interactive_viewer.dart(446,11): error G3D9FC0F5: 'Vector3' isn't a type. [F:\kejapin\client\build\windows\x64\flutter\flutter_assemble.vcxproj]
/F:/apps/flutter_windows_3.32.5-stable/flutter/packages/flutter/lib/src/widgets/interactive_viewer.dart(447,11): error G3D9FC0F5: 'Vector3' isn't a type. [F:\kejapin\client\build\windows\x64\flutter\flutter_assemble.vcxproj]
/F:/apps/flutter_windows_3.32.5-stable/flutter/packages/flutter/lib/src/widgets/interactive_viewer.dart(460,40): error G3D9FC0F5: 'Vector3' isn't a type. [F:\kejapin\client\build\windows\x64\flutter\flutter_assemble.vcxproj]
/F:/apps/flutter_windows_3.32.5-stable/flutter/packages/flutter/lib/src/widgets/interactive_viewer.dart(460,55): error G19CBEF14: 'Quad' isn't a type. [F:\kejapin\client\build\windows\x64\flutter\flutter_assemble.vcxproj]
/F:/apps/flutter_windows_3.32.5-stable/flutter/packages/flutter/lib/src/widgets/interactive_viewer.dart(468,16): error G3D9FC0F5: 'Vector3' isn't a type. [F:\kejapin\client\build\windows\x64\flutter\flutter_assemble.vcxproj]
/F:/apps/flutter_windows_3.32.5-stable/flutter/packages/flutter/lib/src/widgets/interactive_viewer.dart(468,42): error G3D9FC0F5: 'Vector3' isn't a type. [F:\kejapin\client\build\windows\x64\flutter\flutter_assemble.vcxproj]
/F:/apps/flutter_windows_3.32.5-stable/flutter/packages/flutter/lib/src/widgets/interactive_viewer.dart(475,10): error G3D9FC0F5: 'Vector3' isn't a type. [F:\kejapin\client\build\windows\x64\flutter\flutter_assemble.vcxproj]
/F:/apps/flutter_windows_3.32.5-stable/flutter/packages/flutter/lib/src/widgets/interactive_viewer.dart(476,16): error G3D9FC0F5: 'Vector3' isn't a type. [F:\kejapin\client\build\windows\x64\flutter\flutter_assemble.vcxproj]
/F:/apps/flutter_windows_3.32.5-stable/flutter/packages/flutter/lib/src/widgets/interactive_viewer.dart(550,28): error G2A256DBA: 'Matrix4' isn't a type. [F:\kejapin\client\build\windows\x64\flutter\flutter_assemble.vcxproj]
/F:/apps/flutter_windows_3.32.5-stable/flutter/packages/flutter/lib/src/widgets/interactive_viewer.dart(568,11): error G2A256DBA: 'Matrix4' isn't a type. [F:\kejapin\client\build\windows\x64\flutter\flutter_assemble.vcxproj]
/F:/apps/flutter_windows_3.32.5-stable/flutter/packages/flutter/lib/src/widgets/interactive_viewer.dart(573,11): error G19CBEF14: 'Quad' isn't a type. [F:\kejapin\client\build\windows\x64\flutter\flutter_assemble.vcxproj]
/F:/apps/flutter_windows_3.32.5-stable/flutter/packages/flutter/lib/src/widgets/interactive_viewer.dart(585,11): error G19CBEF14: 'Quad' isn't a type. [F:\kejapin\client\build\windows\x64\flutter\flutter_assemble.vcxproj]
/F:/apps/flutter_windows_3.32.5-stable/flutter/packages/flutter/lib/src/widgets/interactive_viewer.dart(609,11): error G2A256DBA: 'Matrix4' isn't a type. [F:\kejapin\client\build\windows\x64\flutter\flutter_assemble.vcxproj]
/F:/apps/flutter_windows_3.32.5-stable/flutter/packages/flutter/lib/src/widgets/interactive_viewer.dart(613,11): error G19CBEF14: 'Quad' isn't a type. [F:\kejapin\client\build\windows\x64\flutter\flutter_assemble.vcxproj]
/F:/apps/flutter_windows_3.32.5-stable/flutter/packages/flutter/lib/src/widgets/interactive_viewer.dart(610,24): error G76A9B1F6: The method 'Vector3' isn't defined for the type '_InteractiveViewerState'. [F:\kejapin\client\build\windows\x64\flutter\flutter_assemble.vcxproj]
/F:/apps/flutter_windows_3.32.5-stable/flutter/packages/flutter/lib/src/widgets/interactive_viewer.dart(633,7): error G76A9B1F6: The method 'Vector3' isn't defined for the type '_InteractiveViewerState'. [F:\kejapin\client\build\windows\x64\flutter\flutter_assemble.vcxproj]
/F:/apps/flutter_windows_3.32.5-stable/flutter/packages/flutter/lib/src/widgets/interactive_viewer.dart(643,24): error G2A256DBA: 'Matrix4' isn't a type. [F:\kejapin\client\build\windows\x64\flutter\flutter_assemble.vcxproj]
/F:/apps/flutter_windows_3.32.5-stable/flutter/packages/flutter/lib/src/widgets/interactive_viewer.dart(665,25): error G2A256DBA: 'Matrix4' isn't a type. [F:\kejapin\client\build\windows\x64\flutter\flutter_assemble.vcxproj]
/F:/apps/flutter_windows_3.32.5-stable/flutter/packages/flutter/lib/src/widgets/interactive_viewer.dart(833,15): error G3D9FC0F5: 'Vector3' isn't a type. [F:\kejapin\client\build\windows\x64\flutter\flutter_assemble.vcxproj]
/F:/apps/flutter_windows_3.32.5-stable/flutter/packages/flutter/lib/src/widgets/interactive_viewer.dart(978,11): error G3D9FC0F5: 'Vector3' isn't a type. [F:\kejapin\client\build\windows\x64\flutter\flutter_assemble.vcxproj]
/F:/apps/flutter_windows_3.32.5-stable/flutter/packages/flutter/lib/src/widgets/interactive_viewer.dart(1071,17): error G2A256DBA: 'Matrix4' isn't a type. [F:\kejapin\client\build\windows\x64\flutter\flutter_assemble.vcxproj]
/F:/apps/flutter_windows_3.32.5-stable/flutter/packages/flutter/lib/src/widgets/interactive_viewer.dart(1119,9): error G2A256DBA: 'Matrix4' isn't a type. [F:\kejapin\client\build\windows\x64\flutter\flutter_assemble.vcxproj]
/F:/apps/flutter_windows_3.32.5-stable/flutter/packages/flutter/lib/src/widgets/interactive_viewer.dart(1160,29): error G2A256DBA: 'Matrix4' isn't a type. [F:\kejapin\client\build\windows\x64\flutter\flutter_assemble.vcxproj]
/F:/apps/flutter_windows_3.32.5-stable/flutter/packages/flutter/lib/src/widgets/interactive_viewer.dart(1160,63): error GA0A3EB9C: Undefined name 'Matrix4'. [F:\kejapin\client\build\windows\x64\flutter\flutter_assemble.vcxproj]
/F:/apps/flutter_windows_3.32.5-stable/flutter/packages/flutter/lib/src/widgets/interactive_viewer.dart(1195,11): error G2A256DBA: 'Matrix4' isn't a type. [F:\kejapin\client\build\windows\x64\flutter\flutter_assemble.vcxproj]
/F:/apps/flutter_windows_3.32.5-stable/flutter/packages/flutter/lib/src/widgets/interactive_viewer.dart(1196,11): error G3D9FC0F5: 'Vector3' isn't a type. [F:\kejapin\client\build\windows\x64\flutter\flutter_assemble.vcxproj]
/F:/apps/flutter_windows_3.32.5-stable/flutter/packages/flutter/lib/src/widgets/interactive_viewer.dart(1195,35): error GD65BB2B6: The getter 'Matrix4' isn't defined for the type 'TransformationController'. [F:\kejapin\client\build\windows\x64\flutter\flutter_assemble.vcxproj]
/F:/apps/flutter_windows_3.32.5-stable/flutter/packages/flutter/lib/src/widgets/interactive_viewer.dart(1197,7): error G76A9B1F6: The method 'Vector3' isn't defined for the type 'TransformationController'. [F:\kejapin\client\build\windows\x64\flutter\flutter_assemble.vcxproj]
/F:/apps/flutter_windows_3.32.5-stable/flutter/packages/flutter/lib/src/widgets/interactive_viewer.dart(1214,30): error G2A256DBA: 'Matrix4' isn't a type. [F:\kejapin\client\build\windows\x64\flutter\flutter_assemble.vcxproj]
/F:/apps/flutter_windows_3.32.5-stable/flutter/packages/flutter/lib/src/widgets/interactive_viewer.dart(1215,9): error G3D9FC0F5: 'Vector3' isn't a type. [F:\kejapin\client\build\windows\x64\flutter\flutter_assemble.vcxproj]
/F:/apps/flutter_windows_3.32.5-stable/flutter/packages/flutter/lib/src/widgets/interactive_viewer.dart(1223,25): error G2A256DBA: 'Matrix4' isn't a type. [F:\kejapin\client\build\windows\x64\flutter\flutter_assemble.vcxproj]
/F:/apps/flutter_windows_3.32.5-stable/flutter/packages/flutter/lib/src/widgets/interactive_viewer.dart(1224,9): error G2A256DBA: 'Matrix4' isn't a type. [F:\kejapin\client\build\windows\x64\flutter\flutter_assemble.vcxproj]
/F:/apps/flutter_windows_3.32.5-stable/flutter/packages/flutter/lib/src/widgets/interactive_viewer.dart(1226,30): error GB1B8BC88: Method not found: 'Vector3'. [F:\kejapin\client\build\windows\x64\flutter\flutter_assemble.vcxproj]
/F:/apps/flutter_windows_3.32.5-stable/flutter/packages/flutter/lib/src/widgets/interactive_viewer.dart(1227,30): error GB1B8BC88: Method not found: 'Vector3'. [F:\kejapin\client\build\windows\x64\flutter\flutter_assemble.vcxproj]
/F:/apps/flutter_windows_3.32.5-stable/flutter/packages/flutter/lib/src/widgets/interactive_viewer.dart(1228,30): error GB1B8BC88: Method not found: 'Vector3'. [F:\kejapin\client\build\windows\x64\flutter\flutter_assemble.vcxproj]
/F:/apps/flutter_windows_3.32.5-stable/flutter/packages/flutter/lib/src/widgets/interactive_viewer.dart(1229,30): error GB1B8BC88: Method not found: 'Vector3'. [F:\kejapin\client\build\windows\x64\flutter\flutter_assemble.vcxproj]
/F:/apps/flutter_windows_3.32.5-stable/flutter/packages/flutter/lib/src/widgets/interactive_viewer.dart(1225,10): error GA0A3EB9C: Undefined name 'Quad'. [F:\kejapin\client\build\windows\x64\flutter\flutter_assemble.vcxproj]
/F:/apps/flutter_windows_3.32.5-stable/flutter/packages/flutter/lib/src/widgets/interactive_viewer.dart(1236,9): error G2A256DBA: 'Matrix4' isn't a type. [F:\kejapin\client\build\windows\x64\flutter\flutter_assemble.vcxproj]
/F:/apps/flutter_windows_3.32.5-stable/flutter/packages/flutter/lib/src/widgets/interactive_viewer.dart(1236,34): error GA0A3EB9C: Undefined name 'Matrix4'. [F:\kejapin\client\build\windows\x64\flutter\flutter_assemble.vcxproj]
/F:/apps/flutter_windows_3.32.5-stable/flutter/packages/flutter/lib/src/widgets/interactive_viewer.dart(1240,9): error G19CBEF14: 'Quad' isn't a type. [F:\kejapin\client\build\windows\x64\flutter\flutter_assemble.vcxproj]
/F:/apps/flutter_windows_3.32.5-stable/flutter/packages/flutter/lib/src/widgets/interactive_viewer.dart(1241,31): error GB1B8BC88: Method not found: 'Vector3'. [F:\kejapin\client\build\windows\x64\flutter\flutter_assemble.vcxproj]
/F:/apps/flutter_windows_3.32.5-stable/flutter/packages/flutter/lib/src/widgets/interactive_viewer.dart(1242,31): error GB1B8BC88: Method not found: 'Vector3'. [F:\kejapin\client\build\windows\x64\flutter\flutter_assemble.vcxproj]
/F:/apps/flutter_windows_3.32.5-stable/flutter/packages/flutter/lib/src/widgets/interactive_viewer.dart(1243,31): error GB1B8BC88: Method not found: 'Vector3'. [F:\kejapin\client\build\windows\x64\flutter\flutter_assemble.vcxproj]
/F:/apps/flutter_windows_3.32.5-stable/flutter/packages/flutter/lib/src/widgets/interactive_viewer.dart(1244,31): error GB1B8BC88: Method not found: 'Vector3'. [F:\kejapin\client\build\windows\x64\flutter\flutter_assemble.vcxproj]
/F:/apps/flutter_windows_3.32.5-stable/flutter/packages/flutter/lib/src/widgets/interactive_viewer.dart(1240,34): error GA0A3EB9C: Undefined name 'Quad'. [F:\kejapin\client\build\windows\x64\flutter\flutter_assemble.vcxproj]
/F:/apps/flutter_windows_3.32.5-stable/flutter/packages/flutter/lib/src/widgets/interactive_viewer.dart(1252,19): error G19CBEF14: 'Quad' isn't a type. [F:\kejapin\client\build\windows\x64\flutter\flutter_assemble.vcxproj]
/F:/apps/flutter_windows_3.32.5-stable/flutter/packages/flutter/lib/src/widgets/interactive_viewer.dart(1252,34): error G19CBEF14: 'Quad' isn't a type. [F:\kejapin\client\build\windows\x64\flutter\flutter_assemble.vcxproj]
/F:/apps/flutter_windows_3.32.5-stable/flutter/packages/flutter/lib/src/widgets/interactive_viewer.dart(1253,14): error G3D9FC0F5: 'Vector3' isn't a type. [F:\kejapin\client\build\windows\x64\flutter\flutter_assemble.vcxproj]
/F:/apps/flutter_windows_3.32.5-stable/flutter/packages/flutter/lib/src/widgets/interactive_viewer.dart(1253,41): error G3D9FC0F5: 'Vector3' isn't a type. [F:\kejapin\client\build\windows\x64\flutter\flutter_assemble.vcxproj]
/F:/apps/flutter_windows_3.32.5-stable/flutter/packages/flutter/lib/src/widgets/interactive_viewer.dart(1260,14): error G3D9FC0F5: 'Vector3' isn't a type. [F:\kejapin\client\build\windows\x64\flutter\flutter_assemble.vcxproj]
/F:/apps/flutter_windows_3.32.5-stable/flutter/packages/flutter/lib/src/widgets/interactive_viewer.dart(1261,11): error G3D9FC0F5: 'Vector3' isn't a type. [F:\kejapin\client\build\windows\x64\flutter\flutter_assemble.vcxproj]
/F:/apps/flutter_windows_3.32.5-stable/flutter/packages/flutter/lib/src/widgets/magnifier.dart(632,11): error G2A256DBA: 'Matrix4' isn't a type. [F:\kejapin\client\build\windows\x64\flutter\flutter_assemble.vcxproj]
/F:/apps/flutter_windows_3.32.5-stable/flutter/packages/flutter/lib/src/widgets/magnifier.dart(632,28): error GD65BB2B6: The getter 'Matrix4' isn't defined for the type '_RenderMagnification'. [F:\kejapin\client\build\windows\x64\flutter\flutter_assemble.vcxproj]
/F:/apps/flutter_windows_3.32.5-stable/flutter/packages/flutter/lib/src/widgets/nested_scroll_view.dart(1788,48): error G2A256DBA: 'Matrix4' isn't a type. [F:\kejapin\client\build\windows\x64\flutter\flutter_assemble.vcxproj]
/F:/apps/flutter_windows_3.32.5-stable/flutter/packages/flutter/lib/src/widgets/overlay.dart(39,20): error G2A256DBA: 'Matrix4' isn't a type. [F:\kejapin\client\build\windows\x64\flutter\flutter_assemble.vcxproj]
/F:/apps/flutter_windows_3.32.5-stable/flutter/packages/flutter/lib/src/widgets/overlay.dart(2594,45): error G2A256DBA: 'Matrix4' isn't a type. [F:\kejapin\client\build\windows\x64\flutter\flutter_assemble.vcxproj]
/F:/apps/flutter_windows_3.32.5-stable/flutter/packages/flutter/lib/src/widgets/overlay.dart(2711,45): error G2A256DBA: 'Matrix4' isn't a type. [F:\kejapin\client\build\windows\x64\flutter\flutter_assemble.vcxproj]
/F:/apps/flutter_windows_3.32.5-stable/flutter/packages/flutter/lib/src/widgets/overlay.dart(2759,11): error G2A256DBA: 'Matrix4' isn't a type. [F:\kejapin\client\build\windows\x64\flutter\flutter_assemble.vcxproj]
/F:/apps/flutter_windows_3.32.5-stable/flutter/packages/flutter/lib/src/widgets/raw_menu_anchor.dart(785,11): error G2A256DBA: 'Matrix4' isn't a type. [F:\kejapin\client\build\windows\x64\flutter\flutter_assemble.vcxproj]
/F:/apps/flutter_windows_3.32.5-stable/flutter/packages/flutter/lib/src/widgets/scrollable.dart(1343,11): error G2A256DBA: 'Matrix4' isn't a type. [F:\kejapin\client\build\windows\x64\flutter\flutter_assemble.vcxproj]
/F:/apps/flutter_windows_3.32.5-stable/flutter/packages/flutter/lib/src/widgets/scrollable.dart(1349,13): error G2A256DBA: 'Matrix4' isn't a type. [F:\kejapin\client\build\windows\x64\flutter\flutter_assemble.vcxproj]
/F:/apps/flutter_windows_3.32.5-stable/flutter/packages/flutter/lib/src/widgets/scrollable.dart(1364,13): error G2A256DBA: 'Matrix4' isn't a type. [F:\kejapin\client\build\windows\x64\flutter\flutter_assemble.vcxproj]
/F:/apps/flutter_windows_3.32.5-stable/flutter/packages/flutter/lib/src/widgets/scrollable.dart(1438,11): error G2A256DBA: 'Matrix4' isn't a type. [F:\kejapin\client\build\windows\x64\flutter\flutter_assemble.vcxproj]
/F:/apps/flutter_windows_3.32.5-stable/flutter/packages/flutter/lib/src/widgets/scrollable_helpers.dart(230,11): error G2A256DBA: 'Matrix4' isn't a type. [F:\kejapin\client\build\windows\x64\flutter\flutter_assemble.vcxproj]
/F:/apps/flutter_windows_3.32.5-stable/flutter/packages/flutter/lib/src/widgets/selectable_region.dart(1018,13): error G2A256DBA: 'Matrix4' isn't a type. [F:\kejapin\client\build\windows\x64\flutter\flutter_assemble.vcxproj]
/F:/apps/flutter_windows_3.32.5-stable/flutter/packages/flutter/lib/src/widgets/selectable_region.dart(1201,11): error G2A256DBA: 'Matrix4' isn't a type. [F:\kejapin\client\build\windows\x64\flutter\flutter_assemble.vcxproj]
/F:/apps/flutter_windows_3.32.5-stable/flutter/packages/flutter/lib/src/widgets/selectable_region.dart(1229,11): error G2A256DBA: 'Matrix4' isn't a type. [F:\kejapin\client\build\windows\x64\flutter\flutter_assemble.vcxproj]
/F:/apps/flutter_windows_3.32.5-stable/flutter/packages/flutter/lib/src/widgets/selectable_region.dart(1258,11): error G3D9FC0F5: 'Vector3' isn't a type. [F:\kejapin\client\build\windows\x64\flutter\flutter_assemble.vcxproj]
/F:/apps/flutter_windows_3.32.5-stable/flutter/packages/flutter/lib/src/widgets/selectable_region.dart(2637,13): error G2A256DBA: 'Matrix4' isn't a type. [F:\kejapin\client\build\windows\x64\flutter\flutter_assemble.vcxproj]
/F:/apps/flutter_windows_3.32.5-stable/flutter/packages/flutter/lib/src/widgets/selectable_region.dart(2661,13): error G2A256DBA: 'Matrix4' isn't a type. [F:\kejapin\client\build\windows\x64\flutter\flutter_assemble.vcxproj]
/F:/apps/flutter_windows_3.32.5-stable/flutter/packages/flutter/lib/src/widgets/selectable_region.dart(2686,19): error G2A256DBA: 'Matrix4' isn't a type. [F:\kejapin\client\build\windows\x64\flutter\flutter_assemble.vcxproj]
/F:/apps/flutter_windows_3.32.5-stable/flutter/packages/flutter/lib/src/widgets/single_child_scroll_view.dart(578,45): error G2A256DBA: 'Matrix4' isn't a type. [F:\kejapin\client\build\windows\x64\flutter\flutter_assemble.vcxproj]
/F:/apps/flutter_windows_3.32.5-stable/flutter/packages/flutter/lib/src/widgets/single_child_scroll_view.dart(623,11): error G2A256DBA: 'Matrix4' isn't a type. [F:\kejapin\client\build\windows\x64\flutter\flutter_assemble.vcxproj]
/F:/apps/flutter_windows_3.32.5-stable/flutter/packages/flutter/lib/src/widgets/sliver_floating_header.dart(326,48): error G2A256DBA: 'Matrix4' isn't a type. [F:\kejapin\client\build\windows\x64\flutter\flutter_assemble.vcxproj]
/F:/apps/flutter_windows_3.32.5-stable/flutter/packages/flutter/lib/src/widgets/sliver_layout_builder.dart(56,48): error G2A256DBA: 'Matrix4' isn't a type. [F:\kejapin\client\build\windows\x64\flutter\flutter_assemble.vcxproj]
/F:/apps/flutter_windows_3.32.5-stable/flutter/packages/flutter/lib/src/widgets/sliver_resizing_header.dart(229,48): error G2A256DBA: 'Matrix4' isn't a type. [F:\kejapin\client\build\windows\x64\flutter\flutter_assemble.vcxproj]
/F:/apps/flutter_windows_3.32.5-stable/flutter/packages/flutter/lib/src/widgets/stretch_effect.dart(107,18): error GD65BB2B6: The getter 'Matrix4' isn't defined for the type 'StretchEffect'. [F:\kejapin\client\build\windows\x64\flutter\flutter_assemble.vcxproj]
/F:/apps/flutter_windows_3.32.5-stable/flutter/packages/flutter/lib/src/widgets/stretch_effect.dart(161,68): error GA0A3EB9C: Undefined name 'Matrix4'. [F:\kejapin\client\build\windows\x64\flutter\flutter_assemble.vcxproj]
/F:/apps/flutter_windows_3.32.5-stable/flutter/packages/flutter/lib/src/widgets/text_selection.dart(628,55): error GD65BB2B6: The getter 'characters' isn't defined for the type 'String'. [F:\kejapin\client\build\windows\x64\flutter\flutter_assemble.vcxproj]
/F:/apps/flutter_windows_3.32.5-stable/flutter/packages/flutter/lib/src/widgets/text_selection.dart(643,54): error GD65BB2B6: The getter 'characters' isn't defined for the type 'String'. [F:\kejapin\client\build\windows\x64\flutter\flutter_assemble.vcxproj]
/F:/apps/flutter_windows_3.32.5-stable/flutter/packages/flutter/lib/src/widgets/text_selection.dart(671,11): error G2A256DBA: 'Matrix4' isn't a type. [F:\kejapin\client\build\windows\x64\flutter\flutter_assemble.vcxproj]
/F:/apps/flutter_windows_3.32.5-stable/flutter/packages/flutter/lib/src/widgets/transitions.dart(370,54): error GA0A3EB9C: Undefined name 'Matrix4'. [F:\kejapin\client\build\windows\x64\flutter\flutter_assemble.vcxproj]
/F:/apps/flutter_windows_3.32.5-stable/flutter/packages/flutter/lib/src/widgets/transitions.dart(409,54): error GA0A3EB9C: Undefined name 'Matrix4'. [F:\kejapin\client\build\windows\x64\flutter\flutter_assemble.vcxproj]
/F:/apps/flutter_windows_3.32.5-stable/flutter/packages/flutter/lib/src/widgets/two_dimensional_viewport.dart(984,11): error G2A256DBA: 'Matrix4' isn't a type. [F:\kejapin\client\build\windows\x64\flutter\flutter_assemble.vcxproj]
/F:/apps/flutter_windows_3.32.5-stable/flutter/packages/flutter/lib/src/widgets/two_dimensional_viewport.dart(1134,17): error G2A256DBA: 'Matrix4' isn't a type. [F:\kejapin\client\build\windows\x64\flutter\flutter_assemble.vcxproj]
/F:/apps/flutter_windows_3.32.5-stable/flutter/packages/flutter/lib/src/widgets/two_dimensional_viewport.dart(1739,45): error G2A256DBA: 'Matrix4' isn't a type. [F:\kejapin\client\build\windows\x64\flutter\flutter_assemble.vcxproj]
/F:/apps/flutter_windows_3.32.5-stable/flutter/packages/flutter/lib/src/widgets/widget_inspector.dart(338,57): error G2A256DBA: 'Matrix4' isn't a type. [F:\kejapin\client\build\windows\x64\flutter\flutter_assemble.vcxproj]
/F:/apps/flutter_windows_3.32.5-stable/flutter/packages/flutter/lib/src/widgets/widget_inspector.dart(342,11): error G2A256DBA: 'Matrix4' isn't a type. [F:\kejapin\client\build\windows\x64\flutter\flutter_assemble.vcxproj]
/F:/apps/flutter_windows_3.32.5-stable/flutter/packages/flutter/lib/src/widgets/widget_inspector.dart(361,48): error GA0A3EB9C: Undefined name 'Matrix4'. [F:\kejapin\client\build\windows\x64\flutter\flutter_assemble.vcxproj]
/F:/apps/flutter_windows_3.32.5-stable/flutter/packages/flutter/lib/src/widgets/widget_inspector.dart(2940,5): error G2A256DBA: 'Matrix4' isn't a type. [F:\kejapin\client\build\windows\x64\flutter\flutter_assemble.vcxproj]
/F:/apps/flutter_windows_3.32.5-stable/flutter/packages/flutter/lib/src/widgets/widget_inspector.dart(2943,11): error G2A256DBA: 'Matrix4' isn't a type. [F:\kejapin\client\build\windows\x64\flutter\flutter_assemble.vcxproj]
/F:/apps/flutter_windows_3.32.5-stable/flutter/packages/flutter/lib/src/widgets/widget_inspector.dart(2964,13): error G2A256DBA: 'Matrix4' isn't a type. [F:\kejapin\client\build\windows\x64\flutter\flutter_assemble.vcxproj]
/F:/apps/flutter_windows_3.32.5-stable/flutter/packages/flutter/lib/src/widgets/widget_inspector.dart(2943,30): error GD65BB2B6: The getter 'Matrix4' isn't defined for the type '_WidgetInspectorState'. [F:\kejapin\client\build\windows\x64\flutter\flutter_assemble.vcxproj]
/F:/apps/flutter_windows_3.32.5-stable/flutter/packages/flutter/lib/src/widgets/widget_inspector.dart(3428,9): error G2A256DBA: 'Matrix4' isn't a type. [F:\kejapin\client\build\windows\x64\flutter\flutter_assemble.vcxproj]
/F:/apps/flutter_windows_3.32.5-stable/flutter/packages/flutter/lib/src/widgets/widget_span.dart(422,45): error G2A256DBA: 'Matrix4' isn't a type. [F:\kejapin\client\build\windows\x64\flutter\flutter_assemble.vcxproj]
/F:/apps/flutter_windows_3.32.5-stable/flutter/packages/flutter/lib/src/widgets/widget_span.dart(441,7): error GD65BB2B6: The getter 'Matrix4' isn't defined for the type '_RenderScaledInlineWidget'. [F:\kejapin\client\build\windows\x64\flutter\flutter_assemble.vcxproj]
/F:/apps/flutter_windows_3.32.5-stable/flutter/packages/flutter/lib/src/widgets/widget_span.dart(454,18): error GD65BB2B6: The getter 'Matrix4' isn't defined for the type '_RenderScaledInlineWidget'. [F:\kejapin\client\build\windows\x64\flutter\flutter_assemble.vcxproj]
/C:/Users/kbrian/AppData/Local/Pub/Cache/hosted/pub.dev/shared_preferences-2.5.4/lib/src/shared_preferences_async.dart(22,5): error GAF2E8E9A: 'SharedPreferencesOptions' isn't a type. [F:\kejapin\client\build\windows\x64\flutter\flutter_assemble.vcxproj]
/C:/Users/kbrian/AppData/Local/Pub/Cache/hosted/pub.dev/shared_preferences-2.5.4/lib/src/shared_preferences_async.dart(24,9): error GD65BB2B6: The getter 'SharedPreferencesAsyncPlatform' isn't defined for the type 'SharedPreferencesAsync'. [F:\kejapin\client\build\windows\x64\flutter\flutter_assemble.vcxproj]
/C:/Users/kbrian/AppData/Local/Pub/Cache/hosted/pub.dev/shared_preferences-2.5.4/lib/src/shared_preferences_async.dart(29,19): error GD65BB2B6: The getter 'SharedPreferencesAsyncPlatform' isn't defined for the type 'SharedPreferencesAsync'. [F:\kejapin\client\build\windows\x64\flutter\flutter_assemble.vcxproj]
/C:/Users/kbrian/AppData/Local/Pub/Cache/hosted/pub.dev/shared_preferences-2.5.4/lib/src/shared_preferences_async.dart(35,9): error GAF2E8E9A: 'SharedPreferencesOptions' isn't a type. [F:\kejapin\client\build\windows\x64\flutter\flutter_assemble.vcxproj]
/C:/Users/kbrian/AppData/Local/Pub/Cache/hosted/pub.dev/shared_preferences-2.5.4/lib/src/shared_preferences_async.dart(37,14): error GA3CC4687: 'SharedPreferencesAsyncPlatform' isn't a type. [F:\kejapin\client\build\windows\x64\flutter\flutter_assemble.vcxproj]
/C:/Users/kbrian/AppData/Local/Pub/Cache/hosted/pub.dev/shared_preferences-2.5.4/lib/src/shared_preferences_async.dart(45,24): error G76A9B1F6: The method 'GetPreferencesParameters' isn't defined for the type 'SharedPreferencesAsync'. [F:\kejapin\client\build\windows\x64\flutter\flutter_assemble.vcxproj]
/C:/Users/kbrian/AppData/Local/Pub/Cache/hosted/pub.dev/shared_preferences-2.5.4/lib/src/shared_preferences_async.dart(46,15): error G76A9B1F6: The method 'PreferencesFilters' isn't defined for the type 'SharedPreferencesAsync'. [F:\kejapin\client\build\windows\x64\flutter\flutter_assemble.vcxproj]
/C:/Users/kbrian/AppData/Local/Pub/Cache/hosted/pub.dev/shared_preferences-2.5.4/lib/src/shared_preferences_async.dart(57,24): error G76A9B1F6: The method 'GetPreferencesParameters' isn't defined for the type 'SharedPreferencesAsync'. [F:\kejapin\client\build\windows\x64\flutter\flutter_assemble.vcxproj]
/C:/Users/kbrian/AppData/Local/Pub/Cache/hosted/pub.dev/shared_preferences-2.5.4/lib/src/shared_preferences_async.dart(58,15): error G76A9B1F6: The method 'PreferencesFilters' isn't defined for the type 'SharedPreferencesAsync'. [F:\kejapin\client\build\windows\x64\flutter\flutter_assemble.vcxproj]
/C:/Users/kbrian/AppData/Local/Pub/Cache/hosted/pub.dev/shared_preferences-2.5.4/lib/src/shared_preferences_async.dart(132,7): error G76A9B1F6: The method 'ClearPreferencesParameters' isn't defined for the type 'SharedPreferencesAsync'. [F:\kejapin\client\build\windows\x64\flutter\flutter_assemble.vcxproj]
/C:/Users/kbrian/AppData/Local/Pub/Cache/hosted/pub.dev/shared_preferences-2.5.4/lib/src/shared_preferences_async.dart(133,17): error G76A9B1F6: The method 'PreferencesFilters' isn't defined for the type 'SharedPreferencesAsync'. [F:\kejapin\client\build\windows\x64\flutter\flutter_assemble.vcxproj]
/C:/Users/kbrian/AppData/Local/Pub/Cache/hosted/pub.dev/shared_preferences-2.5.4/lib/src/shared_preferences_async.dart(148,24): error G76A9B1F6: The method 'ClearPreferencesParameters' isn't defined for the type 'SharedPreferencesAsync'. [F:\kejapin\client\build\windows\x64\flutter\flutter_assemble.vcxproj]
/C:/Users/kbrian/AppData/Local/Pub/Cache/hosted/pub.dev/shared_preferences-2.5.4/lib/src/shared_preferences_async.dart(149,15): error G76A9B1F6: The method 'PreferencesFilters' isn't defined for the type 'SharedPreferencesAsync'. [F:\kejapin\client\build\windows\x64\flutter\flutter_assemble.vcxproj]
/C:/Users/kbrian/AppData/Local/Pub/Cache/hosted/pub.dev/shared_preferences-2.5.4/lib/src/shared_preferences_async.dart(183,14): error GAF2E8E9A: 'SharedPreferencesOptions' isn't a type. [F:\kejapin\client\build\windows\x64\flutter\flutter_assemble.vcxproj]
/C:/Users/kbrian/AppData/Local/Pub/Cache/hosted/pub.dev/shared_preferences-2.5.4/lib/src/shared_preferences_async.dart(195,5): error GAF2E8E9A: 'SharedPreferencesOptions' isn't a type. [F:\kejapin\client\build\windows\x64\flutter\flutter_assemble.vcxproj]
/C:/Users/kbrian/AppData/Local/Pub/Cache/hosted/pub.dev/shared_preferences-2.5.4/lib/src/shared_preferences_async.dart(196,15): error G8DF93418: Couldn't find constructor 'SharedPreferencesOptions'. [F:\kejapin\client\build\windows\x64\flutter\flutter_assemble.vcxproj]
/C:/Users/kbrian/AppData/Local/Pub/Cache/hosted/pub.dev/shared_preferences-2.5.4/lib/src/shared_preferences_legacy.dart(31,7): error GA0A3EB9C: Undefined name 'SharedPreferencesStorePlatform'. [F:\kejapin\client\build\windows\x64\flutter\flutter_assemble.vcxproj]
/C:/Users/kbrian/AppData/Local/Pub/Cache/hosted/pub.dev/shared_preferences-2.5.4/lib/src/shared_preferences_legacy.dart(200,11): error G76A9B1F6: The method 'ClearParameters' isn't defined for the type 'SharedPreferences'. [F:\kejapin\client\build\windows\x64\flutter\flutter_assemble.vcxproj]
/C:/Users/kbrian/AppData/Local/Pub/Cache/hosted/pub.dev/shared_preferences-2.5.4/lib/src/shared_preferences_legacy.dart(201,21): error G76A9B1F6: The method 'PreferencesFilter' isn't defined for the type 'SharedPreferences'. [F:\kejapin\client\build\windows\x64\flutter\flutter_assemble.vcxproj]
/C:/Users/kbrian/AppData/Local/Pub/Cache/hosted/pub.dev/shared_preferences-2.5.4/lib/src/shared_preferences_legacy.dart(237,23): error GB1B8BC88: Method not found: 'PreferencesFilter'. [F:\kejapin\client\build\windows\x64\flutter\flutter_assemble.vcxproj]
/C:/Users/kbrian/AppData/Local/Pub/Cache/hosted/pub.dev/shared_preferences-2.5.4/lib/src/shared_preferences_legacy.dart(236,13): error GB1B8BC88: Method not found: 'GetAllParameters'. [F:\kejapin\client\build\windows\x64\flutter\flutter_assemble.vcxproj]
/C:/Users/kbrian/AppData/Local/Pub/Cache/hosted/pub.dev/shared_preferences-2.5.4/lib/src/shared_preferences_legacy.dart(283,5): error GA0A3EB9C: Undefined name 'SharedPreferencesStorePlatform'. [F:\kejapin\client\build\windows\x64\flutter\flutter_assemble.vcxproj]
/C:/Users/kbrian/AppData/Local/Pub/Cache/hosted/pub.dev/shared_preferences-2.5.4/lib/src/shared_preferences_legacy.dart(284,9): error GA0A3EB9C: Undefined name 'InMemorySharedPreferencesStore'. [F:\kejapin\client\build\windows\x64\flutter\flutter_assemble.vcxproj]
/F:/apps/flutter_windows_3.32.5-stable/flutter/packages/flutter/lib/src/cupertino/nav_bar.dart(1754,45): error G2A256DBA: 'Matrix4' isn't a type. [F:\kejapin\client\build\windows\x64\flutter\flutter_assemble.vcxproj]
/F:/apps/flutter_windows_3.32.5-stable/flutter/packages/flutter/lib/src/cupertino/nav_bar.dart(1774,9): error GD65BB2B6: The getter 'Matrix4' isn't defined for the type '_RenderLargeTitle'. [F:\kejapin\client\build\windows\x64\flutter\flutter_assemble.vcxproj]
/F:/apps/flutter_windows_3.32.5-stable/flutter/packages/flutter/lib/src/cupertino/nav_bar.dart(1791,11): error G2A256DBA: 'Matrix4' isn't a type. [F:\kejapin\client\build\windows\x64\flutter\flutter_assemble.vcxproj]
/F:/apps/flutter_windows_3.32.5-stable/flutter/packages/flutter/lib/src/cupertino/nav_bar.dart(1791,31): error GD65BB2B6: The getter 'Matrix4' isn't defined for the type '_RenderLargeTitle'. [F:\kejapin\client\build\windows\x64\flutter\flutter_assemble.vcxproj]
/F:/apps/flutter_windows_3.32.5-stable/flutter/packages/flutter/lib/src/cupertino/nav_bar.dart(2360,22): error GD65BB2B6: The getter 'Matrix4' isn't defined for the type '_BackChevron'. [F:\kejapin\client\build\windows\x64\flutter\flutter_assemble.vcxproj]
/F:/apps/flutter_windows_3.32.5-stable/flutter/packages/flutter/lib/src/cupertino/refresh.dart(180,48): error G2A256DBA: 'Matrix4' isn't a type. [F:\kejapin\client\build\windows\x64\flutter\flutter_assemble.vcxproj]
/F:/apps/flutter_windows_3.32.5-stable/flutter/packages/flutter/lib/src/cupertino/text_selection.dart(141,22): error GD65BB2B6: The getter 'Matrix4' isn't defined for the type 'CupertinoTextSelectionControls'. [F:\kejapin\client\build\windows\x64\flutter\flutter_assemble.vcxproj]
/F:/apps/flutter_windows_3.32.5-stable/flutter/packages/flutter/lib/src/cupertino/text_selection_toolbar_button.dart(219,11): error G2A256DBA: 'Matrix4' isn't a type. [F:\kejapin\client\build\windows\x64\flutter\flutter_assemble.vcxproj]
/F:/apps/flutter_windows_3.32.5-stable/flutter/packages/flutter/lib/src/cupertino/text_selection_toolbar_button.dart(219,36): error GD65BB2B6: The getter 'Matrix4' isn't defined for the type '_LiveTextIconPainter'. [F:\kejapin\client\build\windows\x64\flutter\flutter_assemble.vcxproj]
/F:/apps/flutter_windows_3.32.5-stable/flutter/packages/flutter/lib/src/rendering/box.dart(800,14): error G2A256DBA: 'Matrix4' isn't a type. [F:\kejapin\client\build\windows\x64\flutter\flutter_assemble.vcxproj]
/F:/apps/flutter_windows_3.32.5-stable/flutter/packages/flutter/lib/src/rendering/box.dart(805,19): error GD65BB2B6: The getter 'Matrix4' isn't defined for the type 'BoxHitTestResult'. [F:\kejapin\client\build\windows\x64\flutter\flutter_assemble.vcxproj]
/F:/apps/flutter_windows_3.32.5-stable/flutter/packages/flutter/lib/src/rendering/box.dart(868,14): error G2A256DBA: 'Matrix4' isn't a type. [F:\kejapin\client\build\windows\x64\flutter\flutter_assemble.vcxproj]
/F:/apps/flutter_windows_3.32.5-stable/flutter/packages/flutter/lib/src/rendering/box.dart(915,5): error G2A256DBA: 'Matrix4' isn't a type. [F:\kejapin\client\build\windows\x64\flutter\flutter_assemble.vcxproj]
/F:/apps/flutter_windows_3.32.5-stable/flutter/packages/flutter/lib/src/rendering/box.dart(916,5): error G2A256DBA: 'Matrix4' isn't a type. [F:\kejapin\client\build\windows\x64\flutter\flutter_assemble.vcxproj]
/F:/apps/flutter_windows_3.32.5-stable/flutter/packages/flutter/lib/src/rendering/box.dart(931,24): error GD65BB2B6: The getter 'Matrix4' isn't defined for the type 'BoxHitTestResult'. [F:\kejapin\client\build\windows\x64\flutter\flutter_assemble.vcxproj]
/F:/apps/flutter_windows_3.32.5-stable/flutter/packages/flutter/lib/src/rendering/box.dart(3013,48): error G2A256DBA: 'Matrix4' isn't a type. [F:\kejapin\client\build\windows\x64\flutter\flutter_assemble.vcxproj]
/F:/apps/flutter_windows_3.32.5-stable/flutter/packages/flutter/lib/src/rendering/box.dart(3067,11): error G2A256DBA: 'Matrix4' isn't a type. [F:\kejapin\client\build\windows\x64\flutter\flutter_assemble.vcxproj]
/F:/apps/flutter_windows_3.32.5-stable/flutter/packages/flutter/lib/src/rendering/box.dart(3072,11): error G3D9FC0F5: 'Vector3' isn't a type. [F:\kejapin\client\build\windows\x64\flutter\flutter_assemble.vcxproj]
/F:/apps/flutter_windows_3.32.5-stable/flutter/packages/flutter/lib/src/rendering/box.dart(3073,11): error G3D9FC0F5: 'Vector3' isn't a type. [F:\kejapin\client\build\windows\x64\flutter\flutter_assemble.vcxproj]
/F:/apps/flutter_windows_3.32.5-stable/flutter/packages/flutter/lib/src/rendering/box.dart(3074,11): error G3D9FC0F5: 'Vector3' isn't a type. [F:\kejapin\client\build\windows\x64\flutter\flutter_assemble.vcxproj]
/F:/apps/flutter_windows_3.32.5-stable/flutter/packages/flutter/lib/src/rendering/box.dart(3075,11): error G3D9FC0F5: 'Vector3' isn't a type. [F:\kejapin\client\build\windows\x64\flutter\flutter_assemble.vcxproj]
/F:/apps/flutter_windows_3.32.5-stable/flutter/packages/flutter/lib/src/rendering/box.dart(3076,11): error G3D9FC0F5: 'Vector3' isn't a type. [F:\kejapin\client\build\windows\x64\flutter\flutter_assemble.vcxproj]
/F:/apps/flutter_windows_3.32.5-stable/flutter/packages/flutter/lib/src/rendering/box.dart(3072,23): error G76A9B1F6: The method 'Vector3' isn't defined for the type 'RenderBox'. [F:\kejapin\client\build\windows\x64\flutter\flutter_assemble.vcxproj]
/F:/apps/flutter_windows_3.32.5-stable/flutter/packages/flutter/lib/src/rendering/box.dart(3073,54): error G76A9B1F6: The method 'Vector3' isn't defined for the type 'RenderBox'. [F:\kejapin\client\build\windows\x64\flutter\flutter_assemble.vcxproj]
/F:/apps/flutter_windows_3.32.5-stable/flutter/packages/flutter/lib/src/rendering/box.dart(3074,54): error G76A9B1F6: The method 'Vector3' isn't defined for the type 'RenderBox'. [F:\kejapin\client\build\windows\x64\flutter\flutter_assemble.vcxproj]
/F:/apps/flutter_windows_3.32.5-stable/flutter/packages/flutter/lib/src/rendering/box.dart(3075,54): error G76A9B1F6: The method 'Vector3' isn't defined for the type 'RenderBox'. [F:\kejapin\client\build\windows\x64\flutter\flutter_assemble.vcxproj]
/F:/apps/flutter_windows_3.32.5-stable/flutter/packages/flutter/lib/src/rendering/custom_paint.dart(339,9): error G2A256DBA: 'Matrix4' isn't a type. [F:\kejapin\client\build\windows\x64\flutter\flutter_assemble.vcxproj]
/F:/apps/flutter_windows_3.32.5-stable/flutter/packages/flutter/lib/src/rendering/editable.dart(351,34): error GD65BB2B6: The getter 'characters' isn't defined for the type 'String'. [F:\kejapin\client\build\windows\x64\flutter\flutter_assemble.vcxproj]
/F:/apps/flutter_windows_3.32.5-stable/flutter/packages/flutter/lib/src/rendering/editable.dart(588,18): error GD65BB2B6: The getter 'characters' isn't defined for the type 'String'. [F:\kejapin\client\build\windows\x64\flutter\flutter_assemble.vcxproj]
/F:/apps/flutter_windows_3.32.5-stable/flutter/packages/flutter/lib/src/rendering/editable.dart(2683,45): error G2A256DBA: 'Matrix4' isn't a type. [F:\kejapin\client\build\windows\x64\flutter\flutter_assemble.vcxproj]
/F:/apps/flutter_windows_3.32.5-stable/flutter/packages/flutter/lib/src/rendering/flow.dart(49,27): error G2A256DBA: 'Matrix4' isn't a type. [F:\kejapin\client\build\windows\x64\flutter\flutter_assemble.vcxproj]
/F:/apps/flutter_windows_3.32.5-stable/flutter/packages/flutter/lib/src/rendering/flow.dart(152,3): error G2A256DBA: 'Matrix4' isn't a type. [F:\kejapin\client\build\windows\x64\flutter\flutter_assemble.vcxproj]
/F:/apps/flutter_windows_3.32.5-stable/flutter/packages/flutter/lib/src/rendering/flow.dart(352,27): error G2A256DBA: 'Matrix4' isn't a type. [F:\kejapin\client\build\windows\x64\flutter\flutter_assemble.vcxproj]
/F:/apps/flutter_windows_3.32.5-stable/flutter/packages/flutter/lib/src/rendering/flow.dart(353,19): error GD65BB2B6: The getter 'Matrix4' isn't defined for the type 'RenderFlow'. [F:\kejapin\client\build\windows\x64\flutter\flutter_assemble.vcxproj]
/F:/apps/flutter_windows_3.32.5-stable/flutter/packages/flutter/lib/src/rendering/flow.dart(437,13): error G2A256DBA: 'Matrix4' isn't a type. [F:\kejapin\client\build\windows\x64\flutter\flutter_assemble.vcxproj]
/F:/apps/flutter_windows_3.32.5-stable/flutter/packages/flutter/lib/src/rendering/flow.dart(456,45): error G2A256DBA: 'Matrix4' isn't a type. [F:\kejapin\client\build\windows\x64\flutter\flutter_assemble.vcxproj]
/F:/apps/flutter_windows_3.32.5-stable/flutter/packages/flutter/lib/src/rendering/layer.dart(1408,37): error G2A256DBA: 'Matrix4' isn't a type. [F:\kejapin\client\build\windows\x64\flutter\flutter_assemble.vcxproj]
/F:/apps/flutter_windows_3.32.5-stable/flutter/packages/flutter/lib/src/rendering/layer.dart(1492,37): error G2A256DBA: 'Matrix4' isn't a type. [F:\kejapin\client\build\windows\x64\flutter\flutter_assemble.vcxproj]
/F:/apps/flutter_windows_3.32.5-stable/flutter/packages/flutter/lib/src/rendering/layer.dart(1521,11): error G2A256DBA: 'Matrix4' isn't a type. [F:\kejapin\client\build\windows\x64\flutter\flutter_assemble.vcxproj]
/F:/apps/flutter_windows_3.32.5-stable/flutter/packages/flutter/lib/src/rendering/layer.dart(1521,31): error GD65BB2B6: The getter 'Matrix4' isn't defined for the type 'OffsetLayer'. [F:\kejapin\client\build\windows\x64\flutter\flutter_assemble.vcxproj]
/F:/apps/flutter_windows_3.32.5-stable/flutter/packages/flutter/lib/src/rendering/layer.dart(2043,19): error G2A256DBA: 'Matrix4' isn't a type. [F:\kejapin\client\build\windows\x64\flutter\flutter_assemble.vcxproj]
/F:/apps/flutter_windows_3.32.5-stable/flutter/packages/flutter/lib/src/rendering/layer.dart(2055,3): error G2A256DBA: 'Matrix4' isn't a type. [F:\kejapin\client\build\windows\x64\flutter\flutter_assemble.vcxproj]
/F:/apps/flutter_windows_3.32.5-stable/flutter/packages/flutter/lib/src/rendering/layer.dart(2056,17): error G2A256DBA: 'Matrix4' isn't a type. [F:\kejapin\client\build\windows\x64\flutter\flutter_assemble.vcxproj]
/F:/apps/flutter_windows_3.32.5-stable/flutter/packages/flutter/lib/src/rendering/layer.dart(2067,3): error G2A256DBA: 'Matrix4' isn't a type. [F:\kejapin\client\build\windows\x64\flutter\flutter_assemble.vcxproj]
/F:/apps/flutter_windows_3.32.5-stable/flutter/packages/flutter/lib/src/rendering/layer.dart(2068,3): error G2A256DBA: 'Matrix4' isn't a type. [F:\kejapin\client\build\windows\x64\flutter\flutter_assemble.vcxproj]
/F:/apps/flutter_windows_3.32.5-stable/flutter/packages/flutter/lib/src/rendering/layer.dart(2076,33): error GD65BB2B6: The getter 'Matrix4' isn't defined for the type 'TransformLayer'. [F:\kejapin\client\build\windows\x64\flutter\flutter_assemble.vcxproj]
/F:/apps/flutter_windows_3.32.5-stable/flutter/packages/flutter/lib/src/rendering/layer.dart(2089,28): error GD65BB2B6: The getter 'Matrix4' isn't defined for the type 'TransformLayer'. [F:\kejapin\client\build\windows\x64\flutter\flutter_assemble.vcxproj]
/F:/apps/flutter_windows_3.32.5-stable/flutter/packages/flutter/lib/src/rendering/layer.dart(2113,37): error G2A256DBA: 'Matrix4' isn't a type. [F:\kejapin\client\build\windows\x64\flutter\flutter_assemble.vcxproj]
/F:/apps/flutter_windows_3.32.5-stable/flutter/packages/flutter/lib/src/rendering/layer.dart(2559,9): error GD65BB2B6: The getter 'Matrix4' isn't defined for the type 'LeaderLayer'. [F:\kejapin\client\build\windows\x64\flutter\flutter_assemble.vcxproj]
/F:/apps/flutter_windows_3.32.5-stable/flutter/packages/flutter/lib/src/rendering/layer.dart(2579,37): error G2A256DBA: 'Matrix4' isn't a type. [F:\kejapin\client\build\windows\x64\flutter\flutter_assemble.vcxproj]
/F:/apps/flutter_windows_3.32.5-stable/flutter/packages/flutter/lib/src/rendering/layer.dart(2665,3): error G2A256DBA: 'Matrix4' isn't a type. [F:\kejapin\client\build\windows\x64\flutter\flutter_assemble.vcxproj]
/F:/apps/flutter_windows_3.32.5-stable/flutter/packages/flutter/lib/src/rendering/layer.dart(2666,3): error G2A256DBA: 'Matrix4' isn't a type. [F:\kejapin\client\build\windows\x64\flutter\flutter_assemble.vcxproj]
/F:/apps/flutter_windows_3.32.5-stable/flutter/packages/flutter/lib/src/rendering/layer.dart(2677,11): error G105A79EE: 'Vector4' isn't a type. [F:\kejapin\client\build\windows\x64\flutter\flutter_assemble.vcxproj]
/F:/apps/flutter_windows_3.32.5-stable/flutter/packages/flutter/lib/src/rendering/layer.dart(2678,11): error G105A79EE: 'Vector4' isn't a type. [F:\kejapin\client\build\windows\x64\flutter\flutter_assemble.vcxproj]
/F:/apps/flutter_windows_3.32.5-stable/flutter/packages/flutter/lib/src/rendering/layer.dart(2671,28): error GD65BB2B6: The getter 'Matrix4' isn't defined for the type 'FollowerLayer'. [F:\kejapin\client\build\windows\x64\flutter\flutter_assemble.vcxproj]
/F:/apps/flutter_windows_3.32.5-stable/flutter/packages/flutter/lib/src/rendering/layer.dart(2677,28): error G76A9B1F6: The method 'Vector4' isn't defined for the type 'FollowerLayer'. [F:\kejapin\client\build\windows\x64\flutter\flutter_assemble.vcxproj]
/F:/apps/flutter_windows_3.32.5-stable/flutter/packages/flutter/lib/src/rendering/layer.dart(2711,11): error G2A256DBA: 'Matrix4' isn't a type. [F:\kejapin\client\build\windows\x64\flutter\flutter_assemble.vcxproj]
/F:/apps/flutter_windows_3.32.5-stable/flutter/packages/flutter/lib/src/rendering/layer.dart(2711,28): error GD65BB2B6: The getter 'Matrix4' isn't defined for the type 'FollowerLayer'. [F:\kejapin\client\build\windows\x64\flutter\flutter_assemble.vcxproj]
/F:/apps/flutter_windows_3.32.5-stable/flutter/packages/flutter/lib/src/rendering/layer.dart(2724,11): error G2A256DBA: 'Matrix4' isn't a type. [F:\kejapin\client\build\windows\x64\flutter\flutter_assemble.vcxproj]
/F:/apps/flutter_windows_3.32.5-stable/flutter/packages/flutter/lib/src/rendering/layer.dart(2724,28): error GA0A3EB9C: Undefined name 'Matrix4'. [F:\kejapin\client\build\windows\x64\flutter\flutter_assemble.vcxproj]
/F:/apps/flutter_windows_3.32.5-stable/flutter/packages/flutter/lib/src/rendering/layer.dart(2824,11): error G2A256DBA: 'Matrix4' isn't a type. [F:\kejapin\client\build\windows\x64\flutter\flutter_assemble.vcxproj]
/F:/apps/flutter_windows_3.32.5-stable/flutter/packages/flutter/lib/src/rendering/layer.dart(2831,11): error G2A256DBA: 'Matrix4' isn't a type. [F:\kejapin\client\build\windows\x64\flutter\flutter_assemble.vcxproj]
/F:/apps/flutter_windows_3.32.5-stable/flutter/packages/flutter/lib/src/rendering/layer.dart(2877,13): error G2A256DBA: 'Matrix4' isn't a type. [F:\kejapin\client\build\windows\x64\flutter\flutter_assemble.vcxproj]
/F:/apps/flutter_windows_3.32.5-stable/flutter/packages/flutter/lib/src/rendering/layer.dart(2877,30): error GD65BB2B6: The getter 'Matrix4' isn't defined for the type 'FollowerLayer'. [F:\kejapin\client\build\windows\x64\flutter\flutter_assemble.vcxproj]
/F:/apps/flutter_windows_3.32.5-stable/flutter/packages/flutter/lib/src/rendering/layer.dart(2889,37): error G2A256DBA: 'Matrix4' isn't a type. [F:\kejapin\client\build\windows\x64\flutter\flutter_assemble.vcxproj]
/F:/apps/flutter_windows_3.32.5-stable/flutter/packages/flutter/lib/src/rendering/layer.dart(2894,26): error GD65BB2B6: The getter 'Matrix4' isn't defined for the type 'FollowerLayer'. [F:\kejapin\client\build\windows\x64\flutter\flutter_assemble.vcxproj]
/F:/apps/flutter_windows_3.32.5-stable/flutter/packages/flutter/lib/src/rendering/list_wheel_viewport.dart(73,3): error G2A256DBA: 'Matrix4' isn't a type. [F:\kejapin\client\build\windows\x64\flutter\flutter_assemble.vcxproj]
/F:/apps/flutter_windows_3.32.5-stable/flutter/packages/flutter/lib/src/rendering/list_wheel_viewport.dart(881,11): error G2A256DBA: 'Matrix4' isn't a type. [F:\kejapin\client\build\windows\x64\flutter\flutter_assemble.vcxproj]
/F:/apps/flutter_windows_3.32.5-stable/flutter/packages/flutter/lib/src/rendering/list_wheel_viewport.dart(927,5): error G2A256DBA: 'Matrix4' isn't a type. [F:\kejapin\client\build\windows\x64\flutter\flutter_assemble.vcxproj]
/F:/apps/flutter_windows_3.32.5-stable/flutter/packages/flutter/lib/src/rendering/list_wheel_viewport.dart(996,5): error G2A256DBA: 'Matrix4' isn't a type. [F:\kejapin\client\build\windows\x64\flutter\flutter_assemble.vcxproj]
/F:/apps/flutter_windows_3.32.5-stable/flutter/packages/flutter/lib/src/rendering/list_wheel_viewport.dart(1020,11): error G2A256DBA: 'Matrix4' isn't a type. [F:\kejapin\client\build\windows\x64\flutter\flutter_assemble.vcxproj]
/F:/apps/flutter_windows_3.32.5-stable/flutter/packages/flutter/lib/src/rendering/list_wheel_viewport.dart(1028,12): error GD65BB2B6: The getter 'Matrix4' isn't defined for the type 'RenderListWheelViewport'. [F:\kejapin\client\build\windows\x64\flutter\flutter_assemble.vcxproj]
/F:/apps/flutter_windows_3.32.5-stable/flutter/packages/flutter/lib/src/rendering/list_wheel_viewport.dart(1036,34): error G2A256DBA: 'Matrix4' isn't a type. [F:\kejapin\client\build\windows\x64\flutter\flutter_assemble.vcxproj]
/F:/apps/flutter_windows_3.32.5-stable/flutter/packages/flutter/lib/src/rendering/list_wheel_viewport.dart(1037,11): error G2A256DBA: 'Matrix4' isn't a type. [F:\kejapin\client\build\windows\x64\flutter\flutter_assemble.vcxproj]
/F:/apps/flutter_windows_3.32.5-stable/flutter/packages/flutter/lib/src/rendering/list_wheel_viewport.dart(1037,28): error GD65BB2B6: The getter 'Matrix4' isn't defined for the type 'RenderListWheelViewport'. [F:\kejapin\client\build\windows\x64\flutter\flutter_assemble.vcxproj]
/F:/apps/flutter_windows_3.32.5-stable/flutter/packages/flutter/lib/src/rendering/list_wheel_viewport.dart(1063,45): error G2A256DBA: 'Matrix4' isn't a type. [F:\kejapin\client\build\windows\x64\flutter\flutter_assemble.vcxproj]
/F:/apps/flutter_windows_3.32.5-stable/flutter/packages/flutter/lib/src/rendering/list_wheel_viewport.dart(1065,11): error G2A256DBA: 'Matrix4' isn't a type. [F:\kejapin\client\build\windows\x64\flutter\flutter_assemble.vcxproj]
/F:/apps/flutter_windows_3.32.5-stable/flutter/packages/flutter/lib/src/rendering/list_wheel_viewport.dart(1084,13): error G2A256DBA: 'Matrix4' isn't a type. [F:\kejapin\client\build\windows\x64\flutter\flutter_assemble.vcxproj]
/F:/apps/flutter_windows_3.32.5-stable/flutter/packages/flutter/lib/src/rendering/list_wheel_viewport.dart(1092,21): error G2A256DBA: 'Matrix4' isn't a type. [F:\kejapin\client\build\windows\x64\flutter\flutter_assemble.vcxproj]
/F:/apps/flutter_windows_3.32.5-stable/flutter/packages/flutter/lib/src/rendering/list_wheel_viewport.dart(1092,41): error GD65BB2B6: The getter 'Matrix4' isn't defined for the type 'RenderListWheelViewport'. [F:\kejapin\client\build\windows\x64\flutter\flutter_assemble.vcxproj]
/F:/apps/flutter_windows_3.32.5-stable/flutter/packages/flutter/lib/src/rendering/list_wheel_viewport.dart(1141,11): error G2A256DBA: 'Matrix4' isn't a type. [F:\kejapin\client\build\windows\x64\flutter\flutter_assemble.vcxproj]
/F:/apps/flutter_windows_3.32.5-stable/flutter/packages/flutter/lib/src/rendering/mouse_tracker.dart(30,31): error G2A256DBA: 'Matrix4' isn't a type. [F:\kejapin\client\build\windows\x64\flutter\flutter_assemble.vcxproj]
/F:/apps/flutter_windows_3.32.5-stable/flutter/packages/flutter/lib/src/rendering/mouse_tracker.dart(30,80): error G2A256DBA: 'Matrix4' isn't a type. [F:\kejapin\client\build\windows\x64\flutter\flutter_assemble.vcxproj]
/F:/apps/flutter_windows_3.32.5-stable/flutter/packages/flutter/lib/src/rendering/mouse_tracker.dart(33,33): error G2A256DBA: 'Matrix4' isn't a type. [F:\kejapin\client\build\windows\x64\flutter\flutter_assemble.vcxproj]
/F:/apps/flutter_windows_3.32.5-stable/flutter/packages/flutter/lib/src/rendering/mouse_tracker.dart(35,39): error G2A256DBA: 'Matrix4' isn't a type. [F:\kejapin\client\build\windows\x64\flutter\flutter_assemble.vcxproj]
/F:/apps/flutter_windows_3.32.5-stable/flutter/packages/flutter/lib/src/rendering/mouse_tracker.dart(92,37): error G2A256DBA: 'Matrix4' isn't a type. [F:\kejapin\client\build\windows\x64\flutter\flutter_assemble.vcxproj]
/F:/apps/flutter_windows_3.32.5-stable/flutter/packages/flutter/lib/src/rendering/mouse_tracker.dart(97,37): error G2A256DBA: 'Matrix4' isn't a type. [F:\kejapin\client\build\windows\x64\flutter\flutter_assemble.vcxproj]
/F:/apps/flutter_windows_3.32.5-stable/flutter/packages/flutter/lib/src/rendering/mouse_tracker.dart(135,55): error G2A256DBA: 'Matrix4' isn't a type. [F:\kejapin\client\build\windows\x64\flutter\flutter_assemble.vcxproj]
/F:/apps/flutter_windows_3.32.5-stable/flutter/packages/flutter/lib/src/rendering/mouse_tracker.dart(138,55): error G2A256DBA: 'Matrix4' isn't a type. [F:\kejapin\client\build\windows\x64\flutter\flutter_assemble.vcxproj]
/F:/apps/flutter_windows_3.32.5-stable/flutter/packages/flutter/lib/src/rendering/mouse_tracker.dart(232,39): error G2A256DBA: 'Matrix4' isn't a type. [F:\kejapin\client\build\windows\x64\flutter\flutter_assemble.vcxproj]
/F:/apps/flutter_windows_3.32.5-stable/flutter/packages/flutter/lib/src/rendering/mouse_tracker.dart(232,87): error G2A256DBA: 'Matrix4' isn't a type. [F:\kejapin\client\build\windows\x64\flutter\flutter_assemble.vcxproj]
/F:/apps/flutter_windows_3.32.5-stable/flutter/packages/flutter/lib/src/rendering/mouse_tracker.dart(252,39): error G2A256DBA: 'Matrix4' isn't a type. [F:\kejapin\client\build\windows\x64\flutter\flutter_assemble.vcxproj]
/F:/apps/flutter_windows_3.32.5-stable/flutter/packages/flutter/lib/src/rendering/mouse_tracker.dart(337,43): error G2A256DBA: 'Matrix4' isn't a type. [F:\kejapin\client\build\windows\x64\flutter\flutter_assemble.vcxproj]
/F:/apps/flutter_windows_3.32.5-stable/flutter/packages/flutter/lib/src/rendering/mouse_tracker.dart(338,40): error G2A256DBA: 'Matrix4' isn't a type. [F:\kejapin\client\build\windows\x64\flutter\flutter_assemble.vcxproj]
/F:/apps/flutter_windows_3.32.5-stable/flutter/packages/flutter/lib/src/rendering/mouse_tracker.dart(340,43): error G2A256DBA: 'Matrix4' isn't a type. [F:\kejapin\client\build\windows\x64\flutter\flutter_assemble.vcxproj]
/F:/apps/flutter_windows_3.32.5-stable/flutter/packages/flutter/lib/src/rendering/mouse_tracker.dart(370,43): error G2A256DBA: 'Matrix4' isn't a type. [F:\kejapin\client\build\windows\x64\flutter\flutter_assemble.vcxproj]
/F:/apps/flutter_windows_3.32.5-stable/flutter/packages/flutter/lib/src/rendering/mouse_tracker.dart(371,43): error G2A256DBA: 'Matrix4' isn't a type. [F:\kejapin\client\build\windows\x64\flutter\flutter_assemble.vcxproj]
/F:/apps/flutter_windows_3.32.5-stable/flutter/packages/flutter/lib/src/rendering/mouse_tracker.dart(402,39): error G2A256DBA: 'Matrix4' isn't a type. [F:\kejapin\client\build\windows\x64\flutter\flutter_assemble.vcxproj]
/F:/apps/flutter_windows_3.32.5-stable/flutter/packages/flutter/lib/src/rendering/mouse_tracker.dart(403,39): error G2A256DBA: 'Matrix4' isn't a type. [F:\kejapin\client\build\windows\x64\flutter\flutter_assemble.vcxproj]
/F:/apps/flutter_windows_3.32.5-stable/flutter/packages/flutter/lib/src/rendering/mouse_tracker.dart(413,65): error G2A256DBA: 'Matrix4' isn't a type. [F:\kejapin\client\build\windows\x64\flutter\flutter_assemble.vcxproj]
/F:/apps/flutter_windows_3.32.5-stable/flutter/packages/flutter/lib/src/rendering/object.dart(787,5): error G2A256DBA: 'Matrix4' isn't a type. [F:\kejapin\client\build\windows\x64\flutter\flutter_assemble.vcxproj]
/F:/apps/flutter_windows_3.32.5-stable/flutter/packages/flutter/lib/src/rendering/object.dart(791,11): error G2A256DBA: 'Matrix4' isn't a type. [F:\kejapin\client\build\windows\x64\flutter\flutter_assemble.vcxproj]
/F:/apps/flutter_windows_3.32.5-stable/flutter/packages/flutter/lib/src/rendering/object.dart(791,40): error GD65BB2B6: The getter 'Matrix4' isn't defined for the type 'PaintingContext'. [F:\kejapin\client\build\windows\x64\flutter\flutter_assemble.vcxproj]
/F:/apps/flutter_windows_3.32.5-stable/flutter/packages/flutter/lib/src/rendering/object.dart(3495,58): error G2A256DBA: 'Matrix4' isn't a type. [F:\kejapin\client\build\windows\x64\flutter\flutter_assemble.vcxproj]
/F:/apps/flutter_windows_3.32.5-stable/flutter/packages/flutter/lib/src/rendering/object.dart(3580,5): error G2A256DBA: 'Matrix4' isn't a type. [F:\kejapin\client\build\windows\x64\flutter\flutter_assemble.vcxproj]
/F:/apps/flutter_windows_3.32.5-stable/flutter/packages/flutter/lib/src/rendering/object.dart(3594,11): error G2A256DBA: 'Matrix4' isn't a type. [F:\kejapin\client\build\windows\x64\flutter\flutter_assemble.vcxproj]
/F:/apps/flutter_windows_3.32.5-stable/flutter/packages/flutter/lib/src/rendering/object.dart(3583,23): error GD65BB2B6: The getter 'Matrix4' isn't defined for the type 'RenderObject'. [F:\kejapin\client\build\windows\x64\flutter\flutter_assemble.vcxproj]
/F:/apps/flutter_windows_3.32.5-stable/flutter/packages/flutter/lib/src/rendering/object.dart(3590,31): error GD65BB2B6: The getter 'Matrix4' isn't defined for the type 'RenderObject'. [F:\kejapin\client\build\windows\x64\flutter\flutter_assemble.vcxproj]
/F:/apps/flutter_windows_3.32.5-stable/flutter/packages/flutter/lib/src/rendering/object.dart(3594,33): error GD65BB2B6: The getter 'Matrix4' isn't defined for the type 'RenderObject'. [F:\kejapin\client\build\windows\x64\flutter\flutter_assemble.vcxproj]
/F:/apps/flutter_windows_3.32.5-stable/flutter/packages/flutter/lib/src/rendering/object.dart(3600,14): error GD65BB2B6: The getter 'Matrix4' isn't defined for the type 'RenderObject'. [F:\kejapin\client\build\windows\x64\flutter\flutter_assemble.vcxproj]
/F:/apps/flutter_windows_3.32.5-stable/flutter/packages/flutter/lib/src/rendering/object.dart(6324,18): error GA0A3EB9C: Undefined name 'Matrix4'. [F:\kejapin\client\build\windows\x64\flutter\flutter_assemble.vcxproj]
/F:/apps/flutter_windows_3.32.5-stable/flutter/packages/flutter/lib/src/rendering/object.dart(6331,9): error G2A256DBA: 'Matrix4' isn't a type. [F:\kejapin\client\build\windows\x64\flutter\flutter_assemble.vcxproj]
/F:/apps/flutter_windows_3.32.5-stable/flutter/packages/flutter/lib/src/rendering/object.dart(6347,14): error G2A256DBA: 'Matrix4' isn't a type. [F:\kejapin\client\build\windows\x64\flutter\flutter_assemble.vcxproj]
/F:/apps/flutter_windows_3.32.5-stable/flutter/packages/flutter/lib/src/rendering/object.dart(6353,11): error G2A256DBA: 'Matrix4' isn't a type. [F:\kejapin\client\build\windows\x64\flutter\flutter_assemble.vcxproj]
/F:/apps/flutter_windows_3.32.5-stable/flutter/packages/flutter/lib/src/rendering/object.dart(6353,59): error GA0A3EB9C: Undefined name 'Matrix4'. [F:\kejapin\client\build\windows\x64\flutter\flutter_assemble.vcxproj]
/F:/apps/flutter_windows_3.32.5-stable/flutter/packages/flutter/lib/src/rendering/object.dart(6354,5): error G2A256DBA: 'Matrix4' isn't a type. [F:\kejapin\client\build\windows\x64\flutter\flutter_assemble.vcxproj]
/F:/apps/flutter_windows_3.32.5-stable/flutter/packages/flutter/lib/src/rendering/object.dart(6381,47): error GA0A3EB9C: Undefined name 'Matrix4'. [F:\kejapin\client\build\windows\x64\flutter\flutter_assemble.vcxproj]
/F:/apps/flutter_windows_3.32.5-stable/flutter/packages/flutter/lib/src/rendering/object.dart(6468,43): error G2A256DBA: 'Matrix4' isn't a type. [F:\kejapin\client\build\windows\x64\flutter\flutter_assemble.vcxproj]
/F:/apps/flutter_windows_3.32.5-stable/flutter/packages/flutter/lib/src/rendering/object.dart(6485,16): error G2A256DBA: 'Matrix4' isn't a type. [F:\kejapin\client\build\windows\x64\flutter\flutter_assemble.vcxproj]
/F:/apps/flutter_windows_3.32.5-stable/flutter/packages/flutter/lib/src/rendering/object.dart(6485,52): error GA0A3EB9C: Undefined name 'Matrix4'. [F:\kejapin\client\build\windows\x64\flutter\flutter_assemble.vcxproj]
/F:/apps/flutter_windows_3.32.5-stable/flutter/packages/flutter/lib/src/rendering/paragraph.dart(244,52): error G2A256DBA: 'Matrix4' isn't a type. [F:\kejapin\client\build\windows\x64\flutter\flutter_assemble.vcxproj]
/F:/apps/flutter_windows_3.32.5-stable/flutter/packages/flutter/lib/src/rendering/paragraph.dart(974,45): error G2A256DBA: 'Matrix4' isn't a type. [F:\kejapin\client\build\windows\x64\flutter\flutter_assemble.vcxproj]
/F:/apps/flutter_windows_3.32.5-stable/flutter/packages/flutter/lib/src/rendering/paragraph.dart(1840,11): error G2A256DBA: 'Matrix4' isn't a type. [F:\kejapin\client\build\windows\x64\flutter\flutter_assemble.vcxproj]
/F:/apps/flutter_windows_3.32.5-stable/flutter/packages/flutter/lib/src/rendering/paragraph.dart(1906,11): error G2A256DBA: 'Matrix4' isn't a type. [F:\kejapin\client\build\windows\x64\flutter\flutter_assemble.vcxproj]
/F:/apps/flutter_windows_3.32.5-stable/flutter/packages/flutter/lib/src/rendering/paragraph.dart(2334,13): error G2A256DBA: 'Matrix4' isn't a type. [F:\kejapin\client\build\windows\x64\flutter\flutter_assemble.vcxproj]
/F:/apps/flutter_windows_3.32.5-stable/flutter/packages/flutter/lib/src/rendering/paragraph.dart(2586,13): error G2A256DBA: 'Matrix4' isn't a type. [F:\kejapin\client\build\windows\x64\flutter\flutter_assemble.vcxproj]
/F:/apps/flutter_windows_3.32.5-stable/flutter/packages/flutter/lib/src/rendering/paragraph.dart(2813,11): error G2A256DBA: 'Matrix4' isn't a type. [F:\kejapin\client\build\windows\x64\flutter\flutter_assemble.vcxproj]
/F:/apps/flutter_windows_3.32.5-stable/flutter/packages/flutter/lib/src/rendering/paragraph.dart(2984,15): error G2A256DBA: 'Matrix4' isn't a type. [F:\kejapin\client\build\windows\x64\flutter\flutter_assemble.vcxproj]
/F:/apps/flutter_windows_3.32.5-stable/flutter/packages/flutter/lib/src/rendering/paragraph.dart(3149,11): error G2A256DBA: 'Matrix4' isn't a type. [F:\kejapin\client\build\windows\x64\flutter\flutter_assemble.vcxproj]
/F:/apps/flutter_windows_3.32.5-stable/flutter/packages/flutter/lib/src/rendering/paragraph.dart(3207,11): error G2A256DBA: 'Matrix4' isn't a type. [F:\kejapin\client\build\windows\x64\flutter\flutter_assemble.vcxproj]
/F:/apps/flutter_windows_3.32.5-stable/flutter/packages/flutter/lib/src/rendering/proxy_box.dart(132,48): error G2A256DBA: 'Matrix4' isn't a type. [F:\kejapin\client\build\windows\x64\flutter\flutter_assemble.vcxproj]
/F:/apps/flutter_windows_3.32.5-stable/flutter/packages/flutter/lib/src/rendering/proxy_box.dart(2465,14): error G2A256DBA: 'Matrix4' isn't a type. [F:\kejapin\client\build\windows\x64\flutter\flutter_assemble.vcxproj]
/F:/apps/flutter_windows_3.32.5-stable/flutter/packages/flutter/lib/src/rendering/proxy_box.dart(2544,3): error G2A256DBA: 'Matrix4' isn't a type. [F:\kejapin\client\build\windows\x64\flutter\flutter_assemble.vcxproj]
/F:/apps/flutter_windows_3.32.5-stable/flutter/packages/flutter/lib/src/rendering/proxy_box.dart(2553,17): error G2A256DBA: 'Matrix4' isn't a type. [F:\kejapin\client\build\windows\x64\flutter\flutter_assemble.vcxproj]
/F:/apps/flutter_windows_3.32.5-stable/flutter/packages/flutter/lib/src/rendering/proxy_box.dart(2557,18): error GD65BB2B6: The getter 'Matrix4' isn't defined for the type 'RenderTransform'. [F:\kejapin\client\build\windows\x64\flutter\flutter_assemble.vcxproj]
/F:/apps/flutter_windows_3.32.5-stable/flutter/packages/flutter/lib/src/rendering/proxy_box.dart(2626,11): error G2A256DBA: 'Matrix4' isn't a type. [F:\kejapin\client\build\windows\x64\flutter\flutter_assemble.vcxproj]
/F:/apps/flutter_windows_3.32.5-stable/flutter/packages/flutter/lib/src/rendering/proxy_box.dart(2626,28): error GD65BB2B6: The getter 'Matrix4' isn't defined for the type 'RenderTransform'. [F:\kejapin\client\build\windows\x64\flutter\flutter_assemble.vcxproj]
/F:/apps/flutter_windows_3.32.5-stable/flutter/packages/flutter/lib/src/rendering/proxy_box.dart(2669,13): error G2A256DBA: 'Matrix4' isn't a type. [F:\kejapin\client\build\windows\x64\flutter\flutter_assemble.vcxproj]
/F:/apps/flutter_windows_3.32.5-stable/flutter/packages/flutter/lib/src/rendering/proxy_box.dart(2692,15): error G2A256DBA: 'Matrix4' isn't a type. [F:\kejapin\client\build\windows\x64\flutter\flutter_assemble.vcxproj]
/F:/apps/flutter_windows_3.32.5-stable/flutter/packages/flutter/lib/src/rendering/proxy_box.dart(2692,44): error GD65BB2B6: The getter 'Matrix4' isn't defined for the type 'RenderTransform'. [F:\kejapin\client\build\windows\x64\flutter\flutter_assemble.vcxproj]
/F:/apps/flutter_windows_3.32.5-stable/flutter/packages/flutter/lib/src/rendering/proxy_box.dart(2714,45): error G2A256DBA: 'Matrix4' isn't a type. [F:\kejapin\client\build\windows\x64\flutter\flutter_assemble.vcxproj]
/F:/apps/flutter_windows_3.32.5-stable/flutter/packages/flutter/lib/src/rendering/proxy_box.dart(2869,3): error G2A256DBA: 'Matrix4' isn't a type. [F:\kejapin\client\build\windows\x64\flutter\flutter_assemble.vcxproj]
/F:/apps/flutter_windows_3.32.5-stable/flutter/packages/flutter/lib/src/rendering/proxy_box.dart(2896,20): error GD65BB2B6: The getter 'Matrix4' isn't defined for the type 'RenderFittedBox'. [F:\kejapin\client\build\windows\x64\flutter\flutter_assemble.vcxproj]
/F:/apps/flutter_windows_3.32.5-stable/flutter/packages/flutter/lib/src/rendering/proxy_box.dart(2911,20): error GD65BB2B6: The getter 'Matrix4' isn't defined for the type 'RenderFittedBox'. [F:\kejapin\client\build\windows\x64\flutter\flutter_assemble.vcxproj]
/F:/apps/flutter_windows_3.32.5-stable/flutter/packages/flutter/lib/src/rendering/proxy_box.dart(2977,45): error G2A256DBA: 'Matrix4' isn't a type. [F:\kejapin\client\build\windows\x64\flutter\flutter_assemble.vcxproj]
/F:/apps/flutter_windows_3.32.5-stable/flutter/packages/flutter/lib/src/rendering/proxy_box.dart(3071,45): error G2A256DBA: 'Matrix4' isn't a type. [F:\kejapin\client\build\windows\x64\flutter\flutter_assemble.vcxproj]
/F:/apps/flutter_windows_3.32.5-stable/flutter/packages/flutter/lib/src/rendering/proxy_box.dart(4594,41): error GD65BB2B6: The getter 'Matrix4' isn't defined for the type 'RenderFollowerLayer'. [F:\kejapin\client\build\windows\x64\flutter\flutter_assemble.vcxproj]
/F:/apps/flutter_windows_3.32.5-stable/flutter/packages/flutter/lib/src/rendering/proxy_box.dart(4666,45): error G2A256DBA: 'Matrix4' isn't a type. [F:\kejapin\client\build\windows\x64\flutter\flutter_assemble.vcxproj]
/F:/apps/flutter_windows_3.32.5-stable/flutter/packages/flutter/lib/src/rendering/proxy_sliver.dart(96,48): error G2A256DBA: 'Matrix4' isn't a type. [F:\kejapin\client\build\windows\x64\flutter\flutter_assemble.vcxproj]
/F:/apps/flutter_windows_3.32.5-stable/flutter/packages/flutter/lib/src/rendering/rotated_box.dart(75,3): error G2A256DBA: 'Matrix4' isn't a type. [F:\kejapin\client\build\windows\x64\flutter\flutter_assemble.vcxproj]
/F:/apps/flutter_windows_3.32.5-stable/flutter/packages/flutter/lib/src/rendering/rotated_box.dart(93,25): error GD65BB2B6: The getter 'Matrix4' isn't defined for the type 'RenderRotatedBox'. [F:\kejapin\client\build\windows\x64\flutter\flutter_assemble.vcxproj]
/F:/apps/flutter_windows_3.32.5-stable/flutter/packages/flutter/lib/src/rendering/rotated_box.dart(145,45): error G2A256DBA: 'Matrix4' isn't a type. [F:\kejapin\client\build\windows\x64\flutter\flutter_assemble.vcxproj]
/F:/apps/flutter_windows_3.32.5-stable/flutter/packages/flutter/lib/src/rendering/sliver.dart(1137,28): error G2A256DBA: 'Matrix4' isn't a type. [F:\kejapin\client\build\windows\x64\flutter\flutter_assemble.vcxproj]
/F:/apps/flutter_windows_3.32.5-stable/flutter/packages/flutter/lib/src/rendering/sliver.dart(1683,48): error G2A256DBA: 'Matrix4' isn't a type. [F:\kejapin\client\build\windows\x64\flutter\flutter_assemble.vcxproj]
/F:/apps/flutter_windows_3.32.5-stable/flutter/packages/flutter/lib/src/rendering/sliver.dart(1910,56): error G2A256DBA: 'Matrix4' isn't a type. [F:\kejapin\client\build\windows\x64\flutter\flutter_assemble.vcxproj]
/F:/apps/flutter_windows_3.32.5-stable/flutter/packages/flutter/lib/src/rendering/sliver.dart(2007,48): error G2A256DBA: 'Matrix4' isn't a type. [F:\kejapin\client\build\windows\x64\flutter\flutter_assemble.vcxproj]
/F:/apps/flutter_windows_3.32.5-stable/flutter/packages/flutter/lib/src/rendering/sliver_group.dart(150,48): error G2A256DBA: 'Matrix4' isn't a type. [F:\kejapin\client\build\windows\x64\flutter\flutter_assemble.vcxproj]
/F:/apps/flutter_windows_3.32.5-stable/flutter/packages/flutter/lib/src/rendering/sliver_group.dart(442,48): error G2A256DBA: 'Matrix4' isn't a type. [F:\kejapin\client\build\windows\x64\flutter\flutter_assemble.vcxproj]
/F:/apps/flutter_windows_3.32.5-stable/flutter/packages/flutter/lib/src/rendering/sliver_multi_box_adaptor.dart(688,45): error G2A256DBA: 'Matrix4' isn't a type. [F:\kejapin\client\build\windows\x64\flutter\flutter_assemble.vcxproj]
/F:/apps/flutter_windows_3.32.5-stable/flutter/packages/flutter/lib/src/rendering/sliver_padding.dart(261,48): error G2A256DBA: 'Matrix4' isn't a type. [F:\kejapin\client\build\windows\x64\flutter\flutter_assemble.vcxproj]
/F:/apps/flutter_windows_3.32.5-stable/flutter/packages/flutter/lib/src/rendering/sliver_persistent_header.dart(306,48): error G2A256DBA: 'Matrix4' isn't a type. [F:\kejapin\client\build\windows\x64\flutter\flutter_assemble.vcxproj]
/F:/apps/flutter_windows_3.32.5-stable/flutter/packages/flutter/lib/src/rendering/table.dart(666,13): error G2A256DBA: 'Matrix4' isn't a type. [F:\kejapin\client\build\windows\x64\flutter\flutter_assemble.vcxproj]
/F:/apps/flutter_windows_3.32.5-stable/flutter/packages/flutter/lib/src/rendering/table.dart(670,13): error G2A256DBA: 'Matrix4' isn't a type. [F:\kejapin\client\build\windows\x64\flutter\flutter_assemble.vcxproj]
/F:/apps/flutter_windows_3.32.5-stable/flutter/packages/flutter/lib/src/rendering/table.dart(670,36): error GD65BB2B6: The getter 'Matrix4' isn't defined for the type 'RenderTable'. [F:\kejapin\client\build\windows\x64\flutter\flutter_assemble.vcxproj]
/F:/apps/flutter_windows_3.32.5-stable/flutter/packages/flutter/lib/src/rendering/table.dart(745,27): error GD65BB2B6: The getter 'Matrix4' isn't defined for the type 'RenderTable'. [F:\kejapin\client\build\windows\x64\flutter\flutter_assemble.vcxproj]
/F:/apps/flutter_windows_3.32.5-stable/flutter/packages/flutter/lib/src/rendering/table.dart(782,23): error GD65BB2B6: The getter 'Matrix4' isn't defined for the type 'RenderTable'. [F:\kejapin\client\build\windows\x64\flutter\flutter_assemble.vcxproj]
/F:/apps/flutter_windows_3.32.5-stable/flutter/packages/flutter/lib/src/rendering/view.dart(73,12): error GD65BB2B6: The getter 'Matrix4' isn't defined for the type 'ViewConfiguration'. [F:\kejapin\client\build\windows\x64\flutter\flutter_assemble.vcxproj]
/F:/apps/flutter_windows_3.32.5-stable/flutter/packages/flutter/lib/src/rendering/view.dart(267,3): error G2A256DBA: 'Matrix4' isn't a type. [F:\kejapin\client\build\windows\x64\flutter\flutter_assemble.vcxproj]
/F:/apps/flutter_windows_3.32.5-stable/flutter/packages/flutter/lib/src/rendering/view.dart(336,45): error G2A256DBA: 'Matrix4' isn't a type. [F:\kejapin\client\build\windows\x64\flutter\flutter_assemble.vcxproj]
/F:/apps/flutter_windows_3.32.5-stable/flutter/packages/flutter/lib/src/rendering/viewport.dart(889,13): error G2A256DBA: 'Matrix4' isn't a type. [F:\kejapin\client\build\windows\x64\flutter\flutter_assemble.vcxproj]
/F:/apps/flutter_windows_3.32.5-stable/flutter/packages/flutter/lib/src/rendering/viewport.dart(889,33): error GD65BB2B6: The getter 'Matrix4' isn't defined for the type 'RenderViewportBase<ParentDataClass>'. [F:\kejapin\client\build\windows\x64\flutter\flutter_assemble.vcxproj]
/F:/apps/flutter_windows_3.32.5-stable/flutter/packages/flutter/lib/src/rendering/viewport.dart(1043,11): error G2A256DBA: 'Matrix4' isn't a type. [F:\kejapin\client\build\windows\x64\flutter\flutter_assemble.vcxproj]
/F:/apps/flutter_windows_3.32.5-stable/flutter/packages/flutter/lib/src/rendering/viewport.dart(1365,13): error G2A256DBA: 'Matrix4' isn't a type. [F:\kejapin\client\build\windows\x64\flutter\flutter_assemble.vcxproj]
/F:/apps/flutter_windows_3.32.5-stable/flutter/packages/flutter/lib/src/rendering/viewport.dart(1782,48): error G2A256DBA: 'Matrix4' isn't a type. [F:\kejapin\client\build\windows\x64\flutter\flutter_assemble.vcxproj]
/F:/apps/flutter_windows_3.32.5-stable/flutter/packages/flutter/lib/src/rendering/viewport.dart(2086,48): error G2A256DBA: 'Matrix4' isn't a type. [F:\kejapin\client\build\windows\x64\flutter\flutter_assemble.vcxproj]
/F:/apps/flutter_windows_3.32.5-stable/flutter/packages/flutter/lib/src/services/text_boundary.dart(84,31): error GD65BB2B6: The getter 'CharacterRange' isn't defined for the type 'CharacterBoundary'. [F:\kejapin\client\build\windows\x64\flutter\flutter_assemble.vcxproj]
/F:/apps/flutter_windows_3.32.5-stable/flutter/packages/flutter/lib/src/services/text_boundary.dart(88,12): error GD65BB2B6: The getter 'CharacterRange' isn't defined for the type 'CharacterBoundary'. [F:\kejapin\client\build\windows\x64\flutter\flutter_assemble.vcxproj]
/F:/apps/flutter_windows_3.32.5-stable/flutter/packages/flutter/lib/src/services/text_boundary.dart(97,11): error G72DB4C34: 'CharacterRange' isn't a type. [F:\kejapin\client\build\windows\x64\flutter\flutter_assemble.vcxproj]
/F:/apps/flutter_windows_3.32.5-stable/flutter/packages/flutter/lib/src/services/text_boundary.dart(97,44): error GD65BB2B6: The getter 'CharacterRange' isn't defined for the type 'CharacterBoundary'. [F:\kejapin\client\build\windows\x64\flutter\flutter_assemble.vcxproj]
/F:/apps/flutter_windows_3.32.5-stable/flutter/packages/flutter/lib/src/services/text_boundary.dart(99,44): error GD65BB2B6: The getter 'CharacterRange' isn't defined for the type 'CharacterBoundary'. [F:\kejapin\client\build\windows\x64\flutter\flutter_assemble.vcxproj]
/F:/apps/flutter_windows_3.32.5-stable/flutter/packages/flutter/lib/src/services/text_boundary.dart(110,11): error G72DB4C34: 'CharacterRange' isn't a type. [F:\kejapin\client\build\windows\x64\flutter\flutter_assemble.vcxproj]
/F:/apps/flutter_windows_3.32.5-stable/flutter/packages/flutter/lib/src/services/text_boundary.dart(110,44): error GD65BB2B6: The getter 'CharacterRange' isn't defined for the type 'CharacterBoundary'. [F:\kejapin\client\build\windows\x64\flutter\flutter_assemble.vcxproj]
/F:/apps/flutter_windows_3.32.5-stable/flutter/packages/flutter/lib/src/services/text_formatter.dart(542,11): error G72DB4C34: 'CharacterRange' isn't a type. [F:\kejapin\client\build\windows\x64\flutter\flutter_assemble.vcxproj]
/F:/apps/flutter_windows_3.32.5-stable/flutter/packages/flutter/lib/src/services/text_formatter.dart(542,37): error GB1B8BC88: Method not found: 'CharacterRange'. [F:\kejapin\client\build\windows\x64\flutter\flutter_assemble.vcxproj]
/F:/apps/flutter_windows_3.32.5-stable/flutter/packages/flutter/lib/src/services/text_formatter.dart(543,20): error GD65BB2B6: The getter 'characters' isn't defined for the type 'String'. [F:\kejapin\client\build\windows\x64\flutter\flutter_assemble.vcxproj]
/F:/apps/flutter_windows_3.32.5-stable/flutter/packages/flutter/lib/src/services/text_formatter.dart(567,63): error GD65BB2B6: The getter 'characters' isn't defined for the type 'String'. [F:\kejapin\client\build\windows\x64\flutter\flutter_assemble.vcxproj]
/F:/apps/flutter_windows_3.32.5-stable/flutter/packages/flutter/lib/src/services/text_formatter.dart(579,27): error GD65BB2B6: The getter 'characters' isn't defined for the type 'String'. [F:\kejapin\client\build\windows\x64\flutter\flutter_assemble.vcxproj]
/F:/apps/flutter_windows_3.32.5-stable/flutter/packages/flutter/lib/src/services/text_formatter.dart(588,27): error GD65BB2B6: The getter 'characters' isn't defined for the type 'String'. [F:\kejapin\client\build\windows\x64\flutter\flutter_assemble.vcxproj]
/F:/apps/flutter_windows_3.32.5-stable/flutter/packages/flutter/lib/src/services/text_input.dart(1533,3): error G2A256DBA: 'Matrix4' isn't a type. [F:\kejapin\client\build\windows\x64\flutter\flutter_assemble.vcxproj]
/F:/apps/flutter_windows_3.32.5-stable/flutter/packages/flutter/lib/src/services/text_input.dart(1606,58): error G2A256DBA: 'Matrix4' isn't a type. [F:\kejapin\client\build\windows\x64\flutter\flutter_assemble.vcxproj]
/F:/apps/flutter_windows_3.32.5-stable/flutter/packages/flutter/lib/src/services/text_input.dart(2200,59): error G2A256DBA: 'Matrix4' isn't a type. [F:\kejapin\client\build\windows\x64\flutter\flutter_assemble.vcxproj]
/F:/apps/flutter_windows_3.32.5-stable/flutter/packages/flutter/lib/src/services/text_input.dart(2405,58): error G2A256DBA: 'Matrix4' isn't a type. [F:\kejapin\client\build\windows\x64\flutter\flutter_assemble.vcxproj]
/F:/apps/flutter_windows_3.32.5-stable/flutter/packages/flutter/lib/src/services/text_input.dart(2509,58): error G2A256DBA: 'Matrix4' isn't a type. [F:\kejapin\client\build\windows\x64\flutter\flutter_assemble.vcxproj]
/F:/apps/flutter_windows_3.32.5-stable/flutter/packages/flutter/lib/src/gestures/events.dart(511,9): error G2A256DBA: 'Matrix4' isn't a type. [F:\kejapin\client\build\windows\x64\flutter\flutter_assemble.vcxproj]
/F:/apps/flutter_windows_3.32.5-stable/flutter/packages/flutter/lib/src/gestures/events.dart(543,28): error G2A256DBA: 'Matrix4' isn't a type. [F:\kejapin\client\build\windows\x64\flutter\flutter_assemble.vcxproj]
/F:/apps/flutter_windows_3.32.5-stable/flutter/packages/flutter/lib/src/gestures/events.dart(580,35): error G2A256DBA: 'Matrix4' isn't a type. [F:\kejapin\client\build\windows\x64\flutter\flutter_assemble.vcxproj]
/F:/apps/flutter_windows_3.32.5-stable/flutter/packages/flutter/lib/src/gestures/events.dart(584,11): error G3D9FC0F5: 'Vector3' isn't a type. [F:\kejapin\client\build\windows\x64\flutter\flutter_assemble.vcxproj]
/F:/apps/flutter_windows_3.32.5-stable/flutter/packages/flutter/lib/src/gestures/events.dart(584,31): error GB1B8BC88: Method not found: 'Vector3'. [F:\kejapin\client\build\windows\x64\flutter\flutter_assemble.vcxproj]
/F:/apps/flutter_windows_3.32.5-stable/flutter/packages/flutter/lib/src/gestures/events.dart(585,11): error G3D9FC0F5: 'Vector3' isn't a type. [F:\kejapin\client\build\windows\x64\flutter\flutter_assemble.vcxproj]
/F:/apps/flutter_windows_3.32.5-stable/flutter/packages/flutter/lib/src/gestures/events.dart(600,14): error G2A256DBA: 'Matrix4' isn't a type. [F:\kejapin\client\build\windows\x64\flutter\flutter_assemble.vcxproj]
/F:/apps/flutter_windows_3.32.5-stable/flutter/packages/flutter/lib/src/gestures/events.dart(626,45): error G2A256DBA: 'Matrix4' isn't a type. [F:\kejapin\client\build\windows\x64\flutter\flutter_assemble.vcxproj]
/F:/apps/flutter_windows_3.32.5-stable/flutter/packages/flutter/lib/src/gestures/events.dart(627,11): error G105A79EE: 'Vector4' isn't a type. [F:\kejapin\client\build\windows\x64\flutter\flutter_assemble.vcxproj]
/F:/apps/flutter_windows_3.32.5-stable/flutter/packages/flutter/lib/src/gestures/events.dart(627,28): error GB1B8BC88: Method not found: 'Vector4'. [F:\kejapin\client\build\windows\x64\flutter\flutter_assemble.vcxproj]
/F:/apps/flutter_windows_3.32.5-stable/flutter/packages/flutter/lib/src/gestures/events.dart(917,33): error G2A256DBA: 'Matrix4' isn't a type. [F:\kejapin\client\build\windows\x64\flutter\flutter_assemble.vcxproj]
/F:/apps/flutter_windows_3.32.5-stable/flutter/packages/flutter/lib/src/gestures/events.dart(934,9): error G2A256DBA: 'Matrix4' isn't a type. [F:\kejapin\client\build\windows\x64\flutter\flutter_assemble.vcxproj]
/F:/apps/flutter_windows_3.32.5-stable/flutter/packages/flutter/lib/src/gestures/events.dart(937,33): error G2A256DBA: 'Matrix4' isn't a type. [F:\kejapin\client\build\windows\x64\flutter\flutter_assemble.vcxproj]
/F:/apps/flutter_windows_3.32.5-stable/flutter/packages/flutter/lib/src/gestures/events.dart(1009,35): error G2A256DBA: 'Matrix4' isn't a type. [F:\kejapin\client\build\windows\x64\flutter\flutter_assemble.vcxproj]
/F:/apps/flutter_windows_3.32.5-stable/flutter/packages/flutter/lib/src/gestures/events.dart(1026,9): error G2A256DBA: 'Matrix4' isn't a type. [F:\kejapin\client\build\windows\x64\flutter\flutter_assemble.vcxproj]
/F:/apps/flutter_windows_3.32.5-stable/flutter/packages/flutter/lib/src/gestures/events.dart(1029,35): error G2A256DBA: 'Matrix4' isn't a type. [F:\kejapin\client\build\windows\x64\flutter\flutter_assemble.vcxproj]
/F:/apps/flutter_windows_3.32.5-stable/flutter/packages/flutter/lib/src/gestures/events.dart(1125,33): error G2A256DBA: 'Matrix4' isn't a type. [F:\kejapin\client\build\windows\x64\flutter\flutter_assemble.vcxproj]
/F:/apps/flutter_windows_3.32.5-stable/flutter/packages/flutter/lib/src/gestures/events.dart(1142,9): error G2A256DBA: 'Matrix4' isn't a type. [F:\kejapin\client\build\windows\x64\flutter\flutter_assemble.vcxproj]
/F:/apps/flutter_windows_3.32.5-stable/flutter/packages/flutter/lib/src/gestures/events.dart(1145,33): error G2A256DBA: 'Matrix4' isn't a type. [F:\kejapin\client\build\windows\x64\flutter\flutter_assemble.vcxproj]
/F:/apps/flutter_windows_3.32.5-stable/flutter/packages/flutter/lib/src/gestures/events.dart(1273,33): error G2A256DBA: 'Matrix4' isn't a type. [F:\kejapin\client\build\windows\x64\flutter\flutter_assemble.vcxproj]
/F:/apps/flutter_windows_3.32.5-stable/flutter/packages/flutter/lib/src/gestures/events.dart(1290,9): error G2A256DBA: 'Matrix4' isn't a type. [F:\kejapin\client\build\windows\x64\flutter\flutter_assemble.vcxproj]
/F:/apps/flutter_windows_3.32.5-stable/flutter/packages/flutter/lib/src/gestures/events.dart(1293,33): error G2A256DBA: 'Matrix4' isn't a type. [F:\kejapin\client\build\windows\x64\flutter\flutter_assemble.vcxproj]
/F:/apps/flutter_windows_3.32.5-stable/flutter/packages/flutter/lib/src/gestures/events.dart(1419,32): error G2A256DBA: 'Matrix4' isn't a type. [F:\kejapin\client\build\windows\x64\flutter\flutter_assemble.vcxproj]
/F:/apps/flutter_windows_3.32.5-stable/flutter/packages/flutter/lib/src/gestures/events.dart(1436,9): error G2A256DBA: 'Matrix4' isn't a type. [F:\kejapin\client\build\windows\x64\flutter\flutter_assemble.vcxproj]
/F:/apps/flutter_windows_3.32.5-stable/flutter/packages/flutter/lib/src/gestures/events.dart(1439,32): error G2A256DBA: 'Matrix4' isn't a type. [F:\kejapin\client\build\windows\x64\flutter\flutter_assemble.vcxproj]
/F:/apps/flutter_windows_3.32.5-stable/flutter/packages/flutter/lib/src/gestures/events.dart(1527,32): error G2A256DBA: 'Matrix4' isn't a type. [F:\kejapin\client\build\windows\x64\flutter\flutter_assemble.vcxproj]
/F:/apps/flutter_windows_3.32.5-stable/flutter/packages/flutter/lib/src/gestures/events.dart(1544,9): error G2A256DBA: 'Matrix4' isn't a type. [F:\kejapin\client\build\windows\x64\flutter\flutter_assemble.vcxproj]
/F:/apps/flutter_windows_3.32.5-stable/flutter/packages/flutter/lib/src/gestures/events.dart(1547,32): error G2A256DBA: 'Matrix4' isn't a type. [F:\kejapin\client\build\windows\x64\flutter\flutter_assemble.vcxproj]
/F:/apps/flutter_windows_3.32.5-stable/flutter/packages/flutter/lib/src/gestures/events.dart(1643,32): error G2A256DBA: 'Matrix4' isn't a type. [F:\kejapin\client\build\windows\x64\flutter\flutter_assemble.vcxproj]
/F:/apps/flutter_windows_3.32.5-stable/flutter/packages/flutter/lib/src/gestures/events.dart(1661,9): error G2A256DBA: 'Matrix4' isn't a type. [F:\kejapin\client\build\windows\x64\flutter\flutter_assemble.vcxproj]
/F:/apps/flutter_windows_3.32.5-stable/flutter/packages/flutter/lib/src/gestures/events.dart(1664,32): error G2A256DBA: 'Matrix4' isn't a type. [F:\kejapin\client\build\windows\x64\flutter\flutter_assemble.vcxproj]
/F:/apps/flutter_windows_3.32.5-stable/flutter/packages/flutter/lib/src/gestures/events.dart(1757,30): error G2A256DBA: 'Matrix4' isn't a type. [F:\kejapin\client\build\windows\x64\flutter\flutter_assemble.vcxproj]
/F:/apps/flutter_windows_3.32.5-stable/flutter/packages/flutter/lib/src/gestures/events.dart(1774,9): error G2A256DBA: 'Matrix4' isn't a type. [F:\kejapin\client\build\windows\x64\flutter\flutter_assemble.vcxproj]
/F:/apps/flutter_windows_3.32.5-stable/flutter/packages/flutter/lib/src/gestures/events.dart(1777,30): error G2A256DBA: 'Matrix4' isn't a type. [F:\kejapin\client\build\windows\x64\flutter\flutter_assemble.vcxproj]
/F:/apps/flutter_windows_3.32.5-stable/flutter/packages/flutter/lib/src/gestures/events.dart(1898,34): error G2A256DBA: 'Matrix4' isn't a type. [F:\kejapin\client\build\windows\x64\flutter\flutter_assemble.vcxproj]
/F:/apps/flutter_windows_3.32.5-stable/flutter/packages/flutter/lib/src/gestures/events.dart(1928,9): error G2A256DBA: 'Matrix4' isn't a type. [F:\kejapin\client\build\windows\x64\flutter\flutter_assemble.vcxproj]
/F:/apps/flutter_windows_3.32.5-stable/flutter/packages/flutter/lib/src/gestures/events.dart(1934,34): error G2A256DBA: 'Matrix4' isn't a type. [F:\kejapin\client\build\windows\x64\flutter\flutter_assemble.vcxproj]
/F:/apps/flutter_windows_3.32.5-stable/flutter/packages/flutter/lib/src/gestures/events.dart(2013,47): error G2A256DBA: 'Matrix4' isn't a type. [F:\kejapin\client\build\windows\x64\flutter\flutter_assemble.vcxproj]
/F:/apps/flutter_windows_3.32.5-stable/flutter/packages/flutter/lib/src/gestures/events.dart(2033,9): error G2A256DBA: 'Matrix4' isn't a type. [F:\kejapin\client\build\windows\x64\flutter\flutter_assemble.vcxproj]
/F:/apps/flutter_windows_3.32.5-stable/flutter/packages/flutter/lib/src/gestures/events.dart(2036,47): error G2A256DBA: 'Matrix4' isn't a type. [F:\kejapin\client\build\windows\x64\flutter\flutter_assemble.vcxproj]
/F:/apps/flutter_windows_3.32.5-stable/flutter/packages/flutter/lib/src/gestures/events.dart(2111,33): error G2A256DBA: 'Matrix4' isn't a type. [F:\kejapin\client\build\windows\x64\flutter\flutter_assemble.vcxproj]
/F:/apps/flutter_windows_3.32.5-stable/flutter/packages/flutter/lib/src/gestures/events.dart(2128,9): error G2A256DBA: 'Matrix4' isn't a type. [F:\kejapin\client\build\windows\x64\flutter\flutter_assemble.vcxproj]
/F:/apps/flutter_windows_3.32.5-stable/flutter/packages/flutter/lib/src/gestures/events.dart(2134,33): error G2A256DBA: 'Matrix4' isn't a type. [F:\kejapin\client\build\windows\x64\flutter\flutter_assemble.vcxproj]
/F:/apps/flutter_windows_3.32.5-stable/flutter/packages/flutter/lib/src/gestures/events.dart(2195,40): error G2A256DBA: 'Matrix4' isn't a type. [F:\kejapin\client\build\windows\x64\flutter\flutter_assemble.vcxproj]
/F:/apps/flutter_windows_3.32.5-stable/flutter/packages/flutter/lib/src/gestures/events.dart(2215,9): error G2A256DBA: 'Matrix4' isn't a type. [F:\kejapin\client\build\windows\x64\flutter\flutter_assemble.vcxproj]
/F:/apps/flutter_windows_3.32.5-stable/flutter/packages/flutter/lib/src/gestures/events.dart(2218,40): error G2A256DBA: 'Matrix4' isn't a type. [F:\kejapin\client\build\windows\x64\flutter\flutter_assemble.vcxproj]
/F:/apps/flutter_windows_3.32.5-stable/flutter/packages/flutter/lib/src/gestures/events.dart(2324,41): error G2A256DBA: 'Matrix4' isn't a type. [F:\kejapin\client\build\windows\x64\flutter\flutter_assemble.vcxproj]
/F:/apps/flutter_windows_3.32.5-stable/flutter/packages/flutter/lib/src/gestures/events.dart(2367,9): error G2A256DBA: 'Matrix4' isn't a type. [F:\kejapin\client\build\windows\x64\flutter\flutter_assemble.vcxproj]
/F:/apps/flutter_windows_3.32.5-stable/flutter/packages/flutter/lib/src/gestures/events.dart(2370,41): error G2A256DBA: 'Matrix4' isn't a type. [F:\kejapin\client\build\windows\x64\flutter\flutter_assemble.vcxproj]
/F:/apps/flutter_windows_3.32.5-stable/flutter/packages/flutter/lib/src/gestures/events.dart(2431,38): error G2A256DBA: 'Matrix4' isn't a type. [F:\kejapin\client\build\windows\x64\flutter\flutter_assemble.vcxproj]
/F:/apps/flutter_windows_3.32.5-stable/flutter/packages/flutter/lib/src/gestures/events.dart(2451,9): error G2A256DBA: 'Matrix4' isn't a type. [F:\kejapin\client\build\windows\x64\flutter\flutter_assemble.vcxproj]
/F:/apps/flutter_windows_3.32.5-stable/flutter/packages/flutter/lib/src/gestures/events.dart(2454,38): error G2A256DBA: 'Matrix4' isn't a type. [F:\kejapin\client\build\windows\x64\flutter\flutter_assemble.vcxproj]
/F:/apps/flutter_windows_3.32.5-stable/flutter/packages/flutter/lib/src/gestures/events.dart(2543,34): error G2A256DBA: 'Matrix4' isn't a type. [F:\kejapin\client\build\windows\x64\flutter\flutter_assemble.vcxproj]
/F:/apps/flutter_windows_3.32.5-stable/flutter/packages/flutter/lib/src/gestures/events.dart(2602,9): error G2A256DBA: 'Matrix4' isn't a type. [F:\kejapin\client\build\windows\x64\flutter\flutter_assemble.vcxproj]
/F:/apps/flutter_windows_3.32.5-stable/flutter/packages/flutter/lib/src/gestures/events.dart(2605,34): error G2A256DBA: 'Matrix4' isn't a type. [F:\kejapin\client\build\windows\x64\flutter\flutter_assemble.vcxproj]
/F:/apps/flutter_windows_3.32.5-stable/flutter/packages/flutter/lib/src/gestures/hit_test.dart(69,3): error G2A256DBA: 'Matrix4' isn't a type. [F:\kejapin\client\build\windows\x64\flutter\flutter_assemble.vcxproj]
/F:/apps/flutter_windows_3.32.5-stable/flutter/packages/flutter/lib/src/gestures/hit_test.dart(85,20): error G2A256DBA: 'Matrix4' isn't a type. [F:\kejapin\client\build\windows\x64\flutter\flutter_assemble.vcxproj]
/F:/apps/flutter_windows_3.32.5-stable/flutter/packages/flutter/lib/src/gestures/hit_test.dart(91,9): error G2A256DBA: 'Matrix4' isn't a type. [F:\kejapin\client\build\windows\x64\flutter\flutter_assemble.vcxproj]
/F:/apps/flutter_windows_3.32.5-stable/flutter/packages/flutter/lib/src/gestures/hit_test.dart(94,20): error G2A256DBA: 'Matrix4' isn't a type. [F:\kejapin\client\build\windows\x64\flutter\flutter_assemble.vcxproj]
/F:/apps/flutter_windows_3.32.5-stable/flutter/packages/flutter/lib/src/gestures/hit_test.dart(105,20): error G2A256DBA: 'Matrix4' isn't a type. [F:\kejapin\client\build\windows\x64\flutter\flutter_assemble.vcxproj]
/F:/apps/flutter_windows_3.32.5-stable/flutter/packages/flutter/lib/src/gestures/hit_test.dart(115,22): error G2A256DBA: 'Matrix4' isn't a type. [F:\kejapin\client\build\windows\x64\flutter\flutter_assemble.vcxproj]
/F:/apps/flutter_windows_3.32.5-stable/flutter/packages/flutter/lib/src/gestures/hit_test.dart(115,31): error GA0A3EB9C: Undefined name 'Matrix4'. [F:\kejapin\client\build\windows\x64\flutter\flutter_assemble.vcxproj]
/F:/apps/flutter_windows_3.32.5-stable/flutter/packages/flutter/lib/src/gestures/hit_test.dart(149,14): error G2A256DBA: 'Matrix4' isn't a type. [F:\kejapin\client\build\windows\x64\flutter\flutter_assemble.vcxproj]
/F:/apps/flutter_windows_3.32.5-stable/flutter/packages/flutter/lib/src/gestures/hit_test.dart(158,5): error G2A256DBA: 'Matrix4' isn't a type. [F:\kejapin\client\build\windows\x64\flutter\flutter_assemble.vcxproj]
/F:/apps/flutter_windows_3.32.5-stable/flutter/packages/flutter/lib/src/gestures/hit_test.dart(212,22): error G2A256DBA: 'Matrix4' isn't a type. [F:\kejapin\client\build\windows\x64\flutter\flutter_assemble.vcxproj]
/F:/apps/flutter_windows_3.32.5-stable/flutter/packages/flutter/lib/src/gestures/hit_test.dart(214,57): error G76A9B1F6: The method 'Vector4' isn't defined for the type 'HitTestResult'. [F:\kejapin\client\build\windows\x64\flutter\flutter_assemble.vcxproj]
/F:/apps/flutter_windows_3.32.5-stable/flutter/packages/flutter/lib/src/gestures/hit_test.dart(215,64): error G76A9B1F6: The method 'Vector4' isn't defined for the type 'HitTestResult'. [F:\kejapin\client\build\windows\x64\flutter\flutter_assemble.vcxproj]
/F:/apps/flutter_windows_3.32.5-stable/flutter/packages/flutter/lib/src/gestures/hit_test.dart(279,5): error G105A79EE: 'Vector4' isn't a type. [F:\kejapin\client\build\windows\x64\flutter\flutter_assemble.vcxproj]
/F:/apps/flutter_windows_3.32.5-stable/flutter/packages/flutter/lib/src/gestures/hit_test.dart(280,5): error G105A79EE: 'Vector4' isn't a type. [F:\kejapin\client\build\windows\x64\flutter\flutter_assemble.vcxproj]
/F:/apps/flutter_windows_3.32.5-stable/flutter/packages/flutter/lib/src/gestures/hit_test.dart(285,13): error G105A79EE: 'Vector4' isn't a type. [F:\kejapin\client\build\windows\x64\flutter\flutter_assemble.vcxproj]
/F:/apps/flutter_windows_3.32.5-stable/flutter/packages/flutter/lib/src/gestures/monodrag.dart(324,3): error G2A256DBA: 'Matrix4' isn't a type. [F:\kejapin\client\build\windows\x64\flutter\flutter_assemble.vcxproj]
/F:/apps/flutter_windows_3.32.5-stable/flutter/packages/flutter/lib/src/gestures/monodrag.dart(694,17): error G2A256DBA: 'Matrix4' isn't a type. [F:\kejapin\client\build\windows\x64\flutter\flutter_assemble.vcxproj]
/F:/apps/flutter_windows_3.32.5-stable/flutter/packages/flutter/lib/src/gestures/monodrag.dart(696,17): error GD65BB2B6: The getter 'Matrix4' isn't defined for the type 'DragGestureRecognizer'. [F:\kejapin\client\build\windows\x64\flutter\flutter_assemble.vcxproj]
/F:/apps/flutter_windows_3.32.5-stable/flutter/packages/flutter/lib/src/gestures/monodrag.dart(803,11): error G2A256DBA: 'Matrix4' isn't a type. [F:\kejapin\client\build\windows\x64\flutter\flutter_assemble.vcxproj]
/F:/apps/flutter_windows_3.32.5-stable/flutter/packages/flutter/lib/src/gestures/monodrag.dart(817,13): error G2A256DBA: 'Matrix4' isn't a type. [F:\kejapin\client\build\windows\x64\flutter\flutter_assemble.vcxproj]
/F:/apps/flutter_windows_3.32.5-stable/flutter/packages/flutter/lib/src/gestures/monodrag.dart(817,58): error GD65BB2B6: The getter 'Matrix4' isn't defined for the type 'DragGestureRecognizer'. [F:\kejapin\client\build\windows\x64\flutter\flutter_assemble.vcxproj]
/F:/apps/flutter_windows_3.32.5-stable/flutter/packages/flutter/lib/src/gestures/multitap.dart(88,49): error G2A256DBA: 'Matrix4' isn't a type. [F:\kejapin\client\build\windows\x64\flutter\flutter_assemble.vcxproj]
/F:/apps/flutter_windows_3.32.5-stable/flutter/packages/flutter/lib/src/gestures/pointer_router.dart(18,36): error G2A256DBA: 'Matrix4' isn't a type. [F:\kejapin\client\build\windows\x64\flutter\flutter_assemble.vcxproj]
/F:/apps/flutter_windows_3.32.5-stable/flutter/packages/flutter/lib/src/gestures/pointer_router.dart(18,83): error G2A256DBA: 'Matrix4' isn't a type. [F:\kejapin\client\build\windows\x64\flutter\flutter_assemble.vcxproj]
/F:/apps/flutter_windows_3.32.5-stable/flutter/packages/flutter/lib/src/gestures/pointer_router.dart(19,27): error G2A256DBA: 'Matrix4' isn't a type. [F:\kejapin\client\build\windows\x64\flutter\flutter_assemble.vcxproj]
/F:/apps/flutter_windows_3.32.5-stable/flutter/packages/flutter/lib/src/gestures/pointer_router.dart(19,68): error G2A256DBA: 'Matrix4' isn't a type. [F:\kejapin\client\build\windows\x64\flutter\flutter_assemble.vcxproj]
/F:/apps/flutter_windows_3.32.5-stable/flutter/packages/flutter/lib/src/gestures/pointer_router.dart(28,51): error G2A256DBA: 'Matrix4' isn't a type. [F:\kejapin\client\build\windows\x64\flutter\flutter_assemble.vcxproj]
/F:/apps/flutter_windows_3.32.5-stable/flutter/packages/flutter/lib/src/gestures/pointer_router.dart(29,29): error G2A256DBA: 'Matrix4' isn't a type. [F:\kejapin\client\build\windows\x64\flutter\flutter_assemble.vcxproj]
/F:/apps/flutter_windows_3.32.5-stable/flutter/packages/flutter/lib/src/gestures/pointer_router.dart(31,28): error G2A256DBA: 'Matrix4' isn't a type. [F:\kejapin\client\build\windows\x64\flutter\flutter_assemble.vcxproj]
/F:/apps/flutter_windows_3.32.5-stable/flutter/packages/flutter/lib/src/gestures/pointer_router.dart(46,29): error G2A256DBA: 'Matrix4' isn't a type. [F:\kejapin\client\build\windows\x64\flutter\flutter_assemble.vcxproj]
/F:/apps/flutter_windows_3.32.5-stable/flutter/packages/flutter/lib/src/gestures/pointer_router.dart(60,44): error G2A256DBA: 'Matrix4' isn't a type. [F:\kejapin\client\build\windows\x64\flutter\flutter_assemble.vcxproj]
/F:/apps/flutter_windows_3.32.5-stable/flutter/packages/flutter/lib/src/gestures/pointer_router.dart(94,58): error G2A256DBA: 'Matrix4' isn't a type. [F:\kejapin\client\build\windows\x64\flutter\flutter_assemble.vcxproj]
/F:/apps/flutter_windows_3.32.5-stable/flutter/packages/flutter/lib/src/gestures/pointer_router.dart(125,29): error G2A256DBA: 'Matrix4' isn't a type. [F:\kejapin\client\build\windows\x64\flutter\flutter_assemble.vcxproj]
/F:/apps/flutter_windows_3.32.5-stable/flutter/packages/flutter/lib/src/gestures/pointer_router.dart(126,29): error G2A256DBA: 'Matrix4' isn't a type. [F:\kejapin\client\build\windows\x64\flutter\flutter_assemble.vcxproj]
/F:/apps/flutter_windows_3.32.5-stable/flutter/packages/flutter/lib/src/gestures/pointer_router.dart(126,78): error G2A256DBA: 'Matrix4' isn't a type. [F:\kejapin\client\build\windows\x64\flutter\flutter_assemble.vcxproj]
/F:/apps/flutter_windows_3.32.5-stable/flutter/packages/flutter/lib/src/gestures/pointer_router.dart(130,63): error G2A256DBA: 'Matrix4' isn't a type. [F:\kejapin\client\build\windows\x64\flutter\flutter_assemble.vcxproj]
/F:/apps/flutter_windows_3.32.5-stable/flutter/packages/flutter/lib/src/gestures/pointer_router.dart(137,23): error G2A256DBA: 'Matrix4' isn't a type. [F:\kejapin\client\build\windows\x64\flutter\flutter_assemble.vcxproj]
/F:/apps/flutter_windows_3.32.5-stable/flutter/packages/flutter/lib/src/gestures/pointer_router.dart(138,23): error G2A256DBA: 'Matrix4' isn't a type. [F:\kejapin\client\build\windows\x64\flutter\flutter_assemble.vcxproj]
/F:/apps/flutter_windows_3.32.5-stable/flutter/packages/flutter/lib/src/gestures/pointer_router.dart(140,47): error G2A256DBA: 'Matrix4' isn't a type. [F:\kejapin\client\build\windows\x64\flutter\flutter_assemble.vcxproj]
/F:/apps/flutter_windows_3.32.5-stable/flutter/packages/flutter/lib/src/gestures/recognizer.dart(519,43): error G2A256DBA: 'Matrix4' isn't a type. [F:\kejapin\client\build\windows\x64\flutter\flutter_assemble.vcxproj]
/F:/apps/flutter_windows_3.32.5-stable/flutter/packages/flutter/lib/src/gestures/scale.dart(401,3): error G2A256DBA: 'Matrix4' isn't a type. [F:\kejapin\client\build\windows\x64\flutter\flutter_assemble.vcxproj]
/F:/apps/flutter_windows_3.32.5-stable/flutter/packages/flutter/lib/src/gestures/tap.dart(303,43): error G2A256DBA: 'Matrix4' isn't a type. [F:\kejapin\client\build\windows\x64\flutter\flutter_assemble.vcxproj]
/F:/apps/flutter_windows_3.32.5-stable/flutter/packages/flutter/lib/src/gestures/tap_and_drag.dart(1169,13): error G2A256DBA: 'Matrix4' isn't a type. [F:\kejapin\client\build\windows\x64\flutter\flutter_assemble.vcxproj]
/F:/apps/flutter_windows_3.32.5-stable/flutter/packages/flutter/lib/src/gestures/tap_and_drag.dart(1171,13): error GD65BB2B6: The getter 'Matrix4' isn't defined for the type 'BaseTapAndDragGestureRecognizer'. [F:\kejapin\client\build\windows\x64\flutter\flutter_assemble.vcxproj]
/F:/apps/flutter_windows_3.32.5-stable/flutter/packages/flutter/lib/src/gestures/tap_and_drag.dart(1184,11): error G2A256DBA: 'Matrix4' isn't a type. [F:\kejapin\client\build\windows\x64\flutter\flutter_assemble.vcxproj]
/F:/apps/flutter_windows_3.32.5-stable/flutter/packages/flutter/lib/src/gestures/tap_and_drag.dart(1186,11): error GD65BB2B6: The getter 'Matrix4' isn't defined for the type 'BaseTapAndDragGestureRecognizer'. [F:\kejapin\client\build\windows\x64\flutter\flutter_assemble.vcxproj]
/F:/apps/flutter_windows_3.32.5-stable/flutter/packages/flutter/lib/src/painting/gradient.dart(122,12): error GD65BB2B6: The getter 'Matrix4' isn't defined for the type 'GradientRotation'. [F:\kejapin\client\build\windows\x64\flutter\flutter_assemble.vcxproj]
/F:/apps/flutter_windows_3.32.5-stable/flutter/packages/flutter/lib/src/painting/matrix_utils.dart(19,35): error G2A256DBA: 'Matrix4' isn't a type. [F:\kejapin\client\build\windows\x64\flutter\flutter_assemble.vcxproj]
/F:/apps/flutter_windows_3.32.5-stable/flutter/packages/flutter/lib/src/painting/matrix_utils.dart(49,29): error G2A256DBA: 'Matrix4' isn't a type. [F:\kejapin\client\build\windows\x64\flutter\flutter_assemble.vcxproj]
/F:/apps/flutter_windows_3.32.5-stable/flutter/packages/flutter/lib/src/painting/matrix_utils.dart(77,28): error G2A256DBA: 'Matrix4' isn't a type. [F:\kejapin\client\build\windows\x64\flutter\flutter_assemble.vcxproj]
/F:/apps/flutter_windows_3.32.5-stable/flutter/packages/flutter/lib/src/painting/matrix_utils.dart(77,40): error G2A256DBA: 'Matrix4' isn't a type. [F:\kejapin\client\build\windows\x64\flutter\flutter_assemble.vcxproj]
/F:/apps/flutter_windows_3.32.5-stable/flutter/packages/flutter/lib/src/painting/matrix_utils.dart(107,26): error G2A256DBA: 'Matrix4' isn't a type. [F:\kejapin\client\build\windows\x64\flutter\flutter_assemble.vcxproj]
/F:/apps/flutter_windows_3.32.5-stable/flutter/packages/flutter/lib/src/painting/matrix_utils.dart(145,32): error G2A256DBA: 'Matrix4' isn't a type. [F:\kejapin\client\build\windows\x64\flutter\flutter_assemble.vcxproj]
/F:/apps/flutter_windows_3.32.5-stable/flutter/packages/flutter/lib/src/painting/matrix_utils.dart(170,34): error G2A256DBA: 'Matrix4' isn't a type. [F:\kejapin\client\build\windows\x64\flutter\flutter_assemble.vcxproj]
/F:/apps/flutter_windows_3.32.5-stable/flutter/packages/flutter/lib/src/painting/matrix_utils.dart(212,29): error G2A256DBA: 'Matrix4' isn't a type. [F:\kejapin\client\build\windows\x64\flutter\flutter_assemble.vcxproj]
/F:/apps/flutter_windows_3.32.5-stable/flutter/packages/flutter/lib/src/painting/matrix_utils.dart(448,36): error G2A256DBA: 'Matrix4' isn't a type. [F:\kejapin\client\build\windows\x64\flutter\flutter_assemble.vcxproj]
/F:/apps/flutter_windows_3.32.5-stable/flutter/packages/flutter/lib/src/painting/matrix_utils.dart(456,17): error GA0A3EB9C: Undefined name 'Matrix4'. [F:\kejapin\client\build\windows\x64\flutter\flutter_assemble.vcxproj]
/F:/apps/flutter_windows_3.32.5-stable/flutter/packages/flutter/lib/src/painting/matrix_utils.dart(517,5): error G2A256DBA: 'Matrix4' isn't a type. [F:\kejapin\client\build\windows\x64\flutter\flutter_assemble.vcxproj]
/F:/apps/flutter_windows_3.32.5-stable/flutter/packages/flutter/lib/src/painting/matrix_utils.dart(517,22): error GA0A3EB9C: Undefined name 'Matrix4'. [F:\kejapin\client\build\windows\x64\flutter\flutter_assemble.vcxproj]
/F:/apps/flutter_windows_3.32.5-stable/flutter/packages/flutter/lib/src/painting/matrix_utils.dart(527,42): error GA0A3EB9C: Undefined name 'Matrix4'. [F:\kejapin\client\build\windows\x64\flutter\flutter_assemble.vcxproj]
/F:/apps/flutter_windows_3.32.5-stable/flutter/packages/flutter/lib/src/painting/matrix_utils.dart(528,40): error GA0A3EB9C: Undefined name 'Matrix4'. [F:\kejapin\client\build\windows\x64\flutter\flutter_assemble.vcxproj]
/F:/apps/flutter_windows_3.32.5-stable/flutter/packages/flutter/lib/src/painting/matrix_utils.dart(530,21): error GA0A3EB9C: Undefined name 'Matrix4'. [F:\kejapin\client\build\windows\x64\flutter\flutter_assemble.vcxproj]
/F:/apps/flutter_windows_3.32.5-stable/flutter/packages/flutter/lib/src/painting/matrix_utils.dart(531,16): error G2A256DBA: 'Matrix4' isn't a type. [F:\kejapin\client\build\windows\x64\flutter\flutter_assemble.vcxproj]
/F:/apps/flutter_windows_3.32.5-stable/flutter/packages/flutter/lib/src/painting/matrix_utils.dart(539,12): error GA0A3EB9C: Undefined name 'Matrix4'. [F:\kejapin\client\build\windows\x64\flutter\flutter_assemble.vcxproj]
/F:/apps/flutter_windows_3.32.5-stable/flutter/packages/flutter/lib/src/painting/matrix_utils.dart(540,19): error GB1B8BC88: Method not found: 'Vector4'. [F:\kejapin\client\build\windows\x64\flutter\flutter_assemble.vcxproj]
/F:/apps/flutter_windows_3.32.5-stable/flutter/packages/flutter/lib/src/painting/matrix_utils.dart(541,19): error GB1B8BC88: Method not found: 'Vector4'. [F:\kejapin\client\build\windows\x64\flutter\flutter_assemble.vcxproj]
/F:/apps/flutter_windows_3.32.5-stable/flutter/packages/flutter/lib/src/painting/matrix_utils.dart(549,37): error G2A256DBA: 'Matrix4' isn't a type. [F:\kejapin\client\build\windows\x64\flutter\flutter_assemble.vcxproj]
/F:/apps/flutter_windows_3.32.5-stable/flutter/packages/flutter/lib/src/painting/star_border.dart(534,11): error G2A256DBA: 'Matrix4' isn't a type. [F:\kejapin\client\build\windows\x64\flutter\flutter_assemble.vcxproj]
/F:/apps/flutter_windows_3.32.5-stable/flutter/packages/flutter/lib/src/painting/star_border.dart(534,34): error GD65BB2B6: The getter 'Matrix4' isn't defined for the type '_StarGenerator'. [F:\kejapin\client\build\windows\x64\flutter\flutter_assemble.vcxproj]
/F:/apps/flutter_windows_3.32.5-stable/flutter/packages/flutter/lib/src/painting/star_border.dart(535,27): error GD65BB2B6: The getter 'Matrix4' isn't defined for the type '_StarGenerator'. [F:\kejapin\client\build\windows\x64\flutter\flutter_assemble.vcxproj]
/F:/apps/flutter_windows_3.32.5-stable/flutter/packages/flutter/lib/src/painting/star_border.dart(536,27): error GD65BB2B6: The getter 'Matrix4' isn't defined for the type '_StarGenerator'. [F:\kejapin\client\build\windows\x64\flutter\flutter_assemble.vcxproj]
/F:/apps/flutter_windows_3.32.5-stable/flutter/packages/flutter/lib/src/painting/star_border.dart(537,27): error GD65BB2B6: The getter 'Matrix4' isn't defined for the type '_StarGenerator'. [F:\kejapin\client\build\windows\x64\flutter\flutter_assemble.vcxproj]
/C:/Users/kbrian/AppData/Local/Pub/Cache/hosted/pub.dev/google_fonts-7.1.0/lib/src/google_fonts_base.dart(37,6): error G328F067A: 'Client' isn't a type. [F:\kejapin\client\build\windows\x64\flutter\flutter_assemble.vcxproj]
/C:/Users/kbrian/AppData/Local/Pub/Cache/hosted/pub.dev/google_fonts-7.1.0/lib/src/google_fonts_base.dart(37,31): error GB1B8BC88: Method not found: 'Client'. [F:\kejapin\client\build\windows\x64\flutter\flutter_assemble.vcxproj]
/C:/Users/kbrian/AppData/Local/Pub/Cache/hosted/pub.dev/google_fonts-7.1.0/lib/src/google_fonts_base.dart(262,8): error G40A1AE61: 'Response' isn't a type. [F:\kejapin\client\build\windows\x64\flutter\flutter_assemble.vcxproj]
/C:/Users/kbrian/AppData/Local/Pub/Cache/hosted/pub.dev/google_fonts-7.1.0/lib/src/google_fonts_base.dart(338,26): error GA0A3EB9C: Undefined name 'sha256'. [F:\kejapin\client\build\windows\x64\flutter\flutter_assemble.vcxproj]
/F:/apps/flutter_windows_3.32.5-stable/flutter/packages/flutter/lib/src/semantics/semantics.dart(1220,9): error G2A256DBA: 'Matrix4' isn't a type. [F:\kejapin\client\build\windows\x64\flutter\flutter_assemble.vcxproj]
/F:/apps/flutter_windows_3.32.5-stable/flutter/packages/flutter/lib/src/semantics/semantics.dart(2578,3): error G2A256DBA: 'Matrix4' isn't a type. [F:\kejapin\client\build\windows\x64\flutter\flutter_assemble.vcxproj]
/F:/apps/flutter_windows_3.32.5-stable/flutter/packages/flutter/lib/src/semantics/semantics.dart(2579,17): error G2A256DBA: 'Matrix4' isn't a type. [F:\kejapin\client\build\windows\x64\flutter\flutter_assemble.vcxproj]
/F:/apps/flutter_windows_3.32.5-stable/flutter/packages/flutter/lib/src/semantics/semantics.dart(3636,12): error GA0A3EB9C: Undefined name 'Matrix4'. [F:\kejapin\client\build\windows\x64\flutter\flutter_assemble.vcxproj]
/F:/apps/flutter_windows_3.32.5-stable/flutter/packages/flutter/lib/src/semantics/semantics.dart(4178,9): error G3D9FC0F5: 'Vector3' isn't a type. [F:\kejapin\client\build\windows\x64\flutter\flutter_assemble.vcxproj]
/F:/apps/flutter_windows_3.32.5-stable/flutter/packages/flutter/lib/src/semantics/semantics.dart(4178,26): error GB1B8BC88: Method not found: 'Vector3'. [F:\kejapin\client\build\windows\x64\flutter\flutter_assemble.vcxproj]
/F:/apps/flutter_windows_3.32.5-stable/flutter/packages/flutter/lib/src/semantics/semantics.dart(4478,13): error G2A256DBA: 'Matrix4' isn't a type. [F:\kejapin\client\build\windows\x64\flutter\flutter_assemble.vcxproj]
/F:/apps/flutter_windows_3.32.5-stable/flutter/packages/flutter/lib/src/semantics/semantics.dart(4478,31): error GD65BB2B6: The getter 'Matrix4' isn't defined for the type 'SemanticsOwner'. [F:\kejapin\client\build\windows\x64\flutter\flutter_assemble.vcxproj]
/C:/Users/kbrian/AppData/Local/Pub/Cache/hosted/pub.dev/google_fonts-7.1.0/lib/src/file_io_desktop_and_mobile.dart(52,37): error GB1B8BC88: Method not found: 'getApplicationSupportDirectory'. [F:\kejapin\client\build\windows\x64\flutter\flutter_assemble.vcxproj]
C:\Program Files (x86)\Microsoft Visual Studio\2019\BuildTools\MSBuild\Microsoft\VC\v160\Microsoft.CppCommon.targets(241,5): error MSB8066: Custom build for 'F:\kejapin\client\build\windows\x64\CMakeFiles\c35a1e1f23b7a5d2f94c82c3bee9398b\flutter_windows.dll.rule;F:\kejapin\client\build\windows\x64\CMakeFiles\5306c3d372fd6ee754683ddc9a15d65f\flutter_assemble.rule' exited with code 1. [F:\kejapin\client\build\windows\x64\flutter\flutter_assemble.vcxproj]
Building Windows application...                                   456.4s
Build process failed.
